0         1         2         3         4        
012345678901234567890123456789012345678901234567 
+-----------------------------------------------+
|            dst = 00:C0:4F:49:D8:25            |
+-----------------------------------------------+
|            src = 00:60:97:B9:58:7D            |
+-----------------------------------------------+

 0                   1                   2                   3   
 0 1 2 3 4 5 6 7 8 9 0 1 2 3 4 5 6 7 8 9 0 1 2 3 4 5 6 7 8 9 0 1 
+-+-+-+-+-+-+-+-+-+-+-+-+-+-+-+-+-+-+-+-+-+-+-+-+-+-+-+-+-+-+-+-+
| ver=4 | ihl=5 |    type=0     |           length=60           |
+-+-+-+-+-+-+-+-+-+-+-+-+-+-+-+-+-+-+-+-+-+-+-+-+-+-+-+-+-+-+-+-+
|                               | |D| |                         |
|     identification=0x3AE0     | |F| |        offset=0         |
|                               | | | |                         |
+-+-+-+-+-+-+-+-+-+-+-+-+-+-+-+-+-+-+-+-+-+-+-+-+-+-+-+-+-+-+-+-+
|    ttl=64     |    proto=6    |    checksum=0x7C23 (valid)    |
+-+-+-+-+-+-+-+-+-+-+-+-+-+-+-+-+-+-+-+-+-+-+-+-+-+-+-+-+-+-+-+-+
|                     srcIP = 192.168.1.62                      |
+-+-+-+-+-+-+-+-+-+-+-+-+-+-+-+-+-+-+-+-+-+-+-+-+-+-+-+-+-+-+-+-+
|                     dstIP = 192.168.1.42                      |
+-+-+-+-+-+-+-+-+-+-+-+-+-+-+-+-+-+-+-+-+-+-+-+-+-+-+-+-+-+-+-+-+

 0                   1                   2                   3   
 0 1 2 3 4 5 6 7 8 9 0 1 2 3 4 5 6 7 8 9 0 1 2 3 4 5 6 7 8 9 0 1 
+-+-+-+-+-+-+-+-+-+-+-+-+-+-+-+-+-+-+-+-+-+-+-+-+-+-+-+-+-+-+-+-+
|        srcPort = 4938         |      dstPort = 21 (ftp)       |
+-+-+-+-+-+-+-+-+-+-+-+-+-+-+-+-+-+-+-+-+-+-+-+-+-+-+-+-+-+-+-+-+
|                        seq = 708153373                        |
+-+-+-+-+-+-+-+-+-+-+-+-+-+-+-+-+-+-+-+-+-+-+-+-+-+-+-+-+-+-+-+-+
|                            ack = 0                            |
+-+-+-+-+-+-+-+-+-+-+-+-+-+-+-+-+-+-+-+-+-+-+-+-+-+-+-+-+-+-+-+-+
|Header |     | | | | | | | |S| |                               |
|Length:|     | | | | | | | |Y| |       windowSize = 5840       |
|10 int |     | | | | | | | |N| |                               |
+-+-+-+-+-+-+-+-+-+-+-+-+-+-+-+-+-+-+-+-+-+-+-+-+-+-+-+-+-+-+-+-+
|       checksum = 0x3A33       |       urgent offset = 0       |
+-+-+-+-+-+-+-+-+-+-+-+-+-+-+-+-+-+-+-+-+-+-+-+-+-+-+-+-+-+-+-+-+
|                <TCP option data: 02 04 05 b4 >                |
+-+-+-+-+-+-+-+-+-+-+-+-+-+-+-+-+-+-+-+-+-+-+-+-+-+-+-+-+-+-+-+-+
|                <TCP option data: 04 02 08 0a >                |
+-+-+-+-+-+-+-+-+-+-+-+-+-+-+-+-+-+-+-+-+-+-+-+-+-+-+-+-+-+-+-+-+
|                <TCP option data: fa 9b aa fd >                |
+-+-+-+-+-+-+-+-+-+-+-+-+-+-+-+-+-+-+-+-+-+-+-+-+-+-+-+-+-+-+-+-+
|                <TCP option data: 00 00 00 00 >                |
+-+-+-+-+-+-+-+-+-+-+-+-+-+-+-+-+-+-+-+-+-+-+-+-+-+-+-+-+-+-+-+-+
|                <TCP option data: 01 03 03 00 >                |
+-+-+-+-+-+-+-+-+-+-+-+-+-+-+-+-+-+-+-+-+-+-+-+-+-+-+-+-+-+-+-+-+

#####################

0         1         2         3         4        
012345678901234567890123456789012345678901234567 
+-----------------------------------------------+
|            dst = 00:60:97:B9:58:7D            |
+-----------------------------------------------+
|            src = 00:C0:4F:49:D8:25            |
+-----------------------------------------------+

 0                   1                   2                   3   
 0 1 2 3 4 5 6 7 8 9 0 1 2 3 4 5 6 7 8 9 0 1 2 3 4 5 6 7 8 9 0 1 
+-+-+-+-+-+-+-+-+-+-+-+-+-+-+-+-+-+-+-+-+-+-+-+-+-+-+-+-+-+-+-+-+
| ver=4 | ihl=5 |    type=0     |           length=60           |
+-+-+-+-+-+-+-+-+-+-+-+-+-+-+-+-+-+-+-+-+-+-+-+-+-+-+-+-+-+-+-+-+
|                               | |D| |                         |
|      identification=0x0       | |F| |        offset=0         |
|                               | | | |                         |
+-+-+-+-+-+-+-+-+-+-+-+-+-+-+-+-+-+-+-+-+-+-+-+-+-+-+-+-+-+-+-+-+
|    ttl=64     |    proto=6    |    checksum=0xB703 (valid)    |
+-+-+-+-+-+-+-+-+-+-+-+-+-+-+-+-+-+-+-+-+-+-+-+-+-+-+-+-+-+-+-+-+
|                     srcIP = 192.168.1.42                      |
+-+-+-+-+-+-+-+-+-+-+-+-+-+-+-+-+-+-+-+-+-+-+-+-+-+-+-+-+-+-+-+-+
|                     dstIP = 192.168.1.62                      |
+-+-+-+-+-+-+-+-+-+-+-+-+-+-+-+-+-+-+-+-+-+-+-+-+-+-+-+-+-+-+-+-+

 0                   1                   2                   3   
 0 1 2 3 4 5 6 7 8 9 0 1 2 3 4 5 6 7 8 9 0 1 2 3 4 5 6 7 8 9 0 1 
+-+-+-+-+-+-+-+-+-+-+-+-+-+-+-+-+-+-+-+-+-+-+-+-+-+-+-+-+-+-+-+-+
|      srcPort = 21 (ftp)       |        dstPort = 4938         |
+-+-+-+-+-+-+-+-+-+-+-+-+-+-+-+-+-+-+-+-+-+-+-+-+-+-+-+-+-+-+-+-+
|                       seq = 4221341146                        |
+-+-+-+-+-+-+-+-+-+-+-+-+-+-+-+-+-+-+-+-+-+-+-+-+-+-+-+-+-+-+-+-+
|                        ack = 708153374                        |
+-+-+-+-+-+-+-+-+-+-+-+-+-+-+-+-+-+-+-+-+-+-+-+-+-+-+-+-+-+-+-+-+
|Header |     | | | | |A| | |S| |                               |
|Length:|     | | | | |C| | |Y| |       windowSize = 5792       |
|10 int |     | | | | |K| | |N| |                               |
+-+-+-+-+-+-+-+-+-+-+-+-+-+-+-+-+-+-+-+-+-+-+-+-+-+-+-+-+-+-+-+-+
|       checksum = 0x4ACA       |       urgent offset = 0       |
+-+-+-+-+-+-+-+-+-+-+-+-+-+-+-+-+-+-+-+-+-+-+-+-+-+-+-+-+-+-+-+-+
|                <TCP option data: 02 04 05 b4 >                |
+-+-+-+-+-+-+-+-+-+-+-+-+-+-+-+-+-+-+-+-+-+-+-+-+-+-+-+-+-+-+-+-+
|                <TCP option data: 04 02 08 0a >                |
+-+-+-+-+-+-+-+-+-+-+-+-+-+-+-+-+-+-+-+-+-+-+-+-+-+-+-+-+-+-+-+-+
|                <TCP option data: be a5 a7 6a >                |
+-+-+-+-+-+-+-+-+-+-+-+-+-+-+-+-+-+-+-+-+-+-+-+-+-+-+-+-+-+-+-+-+
|                <TCP option data: fa 9b aa fd >                |
+-+-+-+-+-+-+-+-+-+-+-+-+-+-+-+-+-+-+-+-+-+-+-+-+-+-+-+-+-+-+-+-+
|                <TCP option data: 01 03 03 00 >                |
+-+-+-+-+-+-+-+-+-+-+-+-+-+-+-+-+-+-+-+-+-+-+-+-+-+-+-+-+-+-+-+-+

#####################

0         1         2         3         4        
012345678901234567890123456789012345678901234567 
+-----------------------------------------------+
|            dst = 00:C0:4F:49:D8:25            |
+-----------------------------------------------+
|            src = 00:60:97:B9:58:7D            |
+-----------------------------------------------+

 0                   1                   2                   3   
 0 1 2 3 4 5 6 7 8 9 0 1 2 3 4 5 6 7 8 9 0 1 2 3 4 5 6 7 8 9 0 1 
+-+-+-+-+-+-+-+-+-+-+-+-+-+-+-+-+-+-+-+-+-+-+-+-+-+-+-+-+-+-+-+-+
| ver=4 | ihl=5 |    type=0     |           length=52           |
+-+-+-+-+-+-+-+-+-+-+-+-+-+-+-+-+-+-+-+-+-+-+-+-+-+-+-+-+-+-+-+-+
|                               | |D| |                         |
|     identification=0x3AE1     | |F| |        offset=0         |
|                               | | | |                         |
+-+-+-+-+-+-+-+-+-+-+-+-+-+-+-+-+-+-+-+-+-+-+-+-+-+-+-+-+-+-+-+-+
|    ttl=64     |    proto=6    |    checksum=0x7C2A (valid)    |
+-+-+-+-+-+-+-+-+-+-+-+-+-+-+-+-+-+-+-+-+-+-+-+-+-+-+-+-+-+-+-+-+
|                     srcIP = 192.168.1.62                      |
+-+-+-+-+-+-+-+-+-+-+-+-+-+-+-+-+-+-+-+-+-+-+-+-+-+-+-+-+-+-+-+-+
|                     dstIP = 192.168.1.42                      |
+-+-+-+-+-+-+-+-+-+-+-+-+-+-+-+-+-+-+-+-+-+-+-+-+-+-+-+-+-+-+-+-+

 0                   1                   2                   3   
 0 1 2 3 4 5 6 7 8 9 0 1 2 3 4 5 6 7 8 9 0 1 2 3 4 5 6 7 8 9 0 1 
+-+-+-+-+-+-+-+-+-+-+-+-+-+-+-+-+-+-+-+-+-+-+-+-+-+-+-+-+-+-+-+-+
|        srcPort = 4938         |      dstPort = 21 (ftp)       |
+-+-+-+-+-+-+-+-+-+-+-+-+-+-+-+-+-+-+-+-+-+-+-+-+-+-+-+-+-+-+-+-+
|                        seq = 708153374                        |
+-+-+-+-+-+-+-+-+-+-+-+-+-+-+-+-+-+-+-+-+-+-+-+-+-+-+-+-+-+-+-+-+
|                       ack = 4221341147                        |
+-+-+-+-+-+-+-+-+-+-+-+-+-+-+-+-+-+-+-+-+-+-+-+-+-+-+-+-+-+-+-+-+
|Header |     | | | | |A| | | | |                               |
|Length:|     | | | | |C| | | | |       windowSize = 5840       |
| 8 int |     | | | | |K| | | | |                               |
+-+-+-+-+-+-+-+-+-+-+-+-+-+-+-+-+-+-+-+-+-+-+-+-+-+-+-+-+-+-+-+-+
|       checksum = 0x795F       |       urgent offset = 0       |
+-+-+-+-+-+-+-+-+-+-+-+-+-+-+-+-+-+-+-+-+-+-+-+-+-+-+-+-+-+-+-+-+
|                <TCP option data: 01 01 08 0a >                |
+-+-+-+-+-+-+-+-+-+-+-+-+-+-+-+-+-+-+-+-+-+-+-+-+-+-+-+-+-+-+-+-+
|                <TCP option data: fa 9b aa fd >                |
+-+-+-+-+-+-+-+-+-+-+-+-+-+-+-+-+-+-+-+-+-+-+-+-+-+-+-+-+-+-+-+-+
|                <TCP option data: be a5 a7 6a >                |
+-+-+-+-+-+-+-+-+-+-+-+-+-+-+-+-+-+-+-+-+-+-+-+-+-+-+-+-+-+-+-+-+

#####################

0         1         2         3         4        
012345678901234567890123456789012345678901234567 
+-----------------------------------------------+
|            dst = 00:60:97:B9:58:7D            |
+-----------------------------------------------+
|            src = 00:C0:4F:49:D8:25            |
+-----------------------------------------------+

 0                   1                   2                   3   
 0 1 2 3 4 5 6 7 8 9 0 1 2 3 4 5 6 7 8 9 0 1 2 3 4 5 6 7 8 9 0 1 
+-+-+-+-+-+-+-+-+-+-+-+-+-+-+-+-+-+-+-+-+-+-+-+-+-+-+-+-+-+-+-+-+
| ver=4 | ihl=5 |    type=0     |          length=213           |
+-+-+-+-+-+-+-+-+-+-+-+-+-+-+-+-+-+-+-+-+-+-+-+-+-+-+-+-+-+-+-+-+
|                               | |D| |                         |
|     identification=0x2AB0     | |F| |        offset=0         |
|                               | | | |                         |
+-+-+-+-+-+-+-+-+-+-+-+-+-+-+-+-+-+-+-+-+-+-+-+-+-+-+-+-+-+-+-+-+
|    ttl=64     |    proto=6    |    checksum=0x8BBA (valid)    |
+-+-+-+-+-+-+-+-+-+-+-+-+-+-+-+-+-+-+-+-+-+-+-+-+-+-+-+-+-+-+-+-+
|                     srcIP = 192.168.1.42                      |
+-+-+-+-+-+-+-+-+-+-+-+-+-+-+-+-+-+-+-+-+-+-+-+-+-+-+-+-+-+-+-+-+
|                     dstIP = 192.168.1.62                      |
+-+-+-+-+-+-+-+-+-+-+-+-+-+-+-+-+-+-+-+-+-+-+-+-+-+-+-+-+-+-+-+-+

 0                   1                   2                   3   
 0 1 2 3 4 5 6 7 8 9 0 1 2 3 4 5 6 7 8 9 0 1 2 3 4 5 6 7 8 9 0 1 
+-+-+-+-+-+-+-+-+-+-+-+-+-+-+-+-+-+-+-+-+-+-+-+-+-+-+-+-+-+-+-+-+
|      srcPort = 21 (ftp)       |        dstPort = 4938         |
+-+-+-+-+-+-+-+-+-+-+-+-+-+-+-+-+-+-+-+-+-+-+-+-+-+-+-+-+-+-+-+-+
|                       seq = 4221341147                        |
+-+-+-+-+-+-+-+-+-+-+-+-+-+-+-+-+-+-+-+-+-+-+-+-+-+-+-+-+-+-+-+-+
|                        ack = 708153374                        |
+-+-+-+-+-+-+-+-+-+-+-+-+-+-+-+-+-+-+-+-+-+-+-+-+-+-+-+-+-+-+-+-+
|Header |     | | | | |A|P| | | |                               |
|Length:|     | | | | |C|S| | | |       windowSize = 5792       |
| 8 int |     | | | | |K|H| | | |                               |
+-+-+-+-+-+-+-+-+-+-+-+-+-+-+-+-+-+-+-+-+-+-+-+-+-+-+-+-+-+-+-+-+
|       checksum = 0x86A9       |       urgent offset = 0       |
+-+-+-+-+-+-+-+-+-+-+-+-+-+-+-+-+-+-+-+-+-+-+-+-+-+-+-+-+-+-+-+-+
|                <TCP option data: 01 01 08 0a >                |
+-+-+-+-+-+-+-+-+-+-+-+-+-+-+-+-+-+-+-+-+-+-+-+-+-+-+-+-+-+-+-+-+
|                <TCP option data: be a5 a7 74 >                |
+-+-+-+-+-+-+-+-+-+-+-+-+-+-+-+-+-+-+-+-+-+-+-+-+-+-+-+-+-+-+-+-+
|                <TCP option data: fa 9b aa fd >                |
+-+-+-+-+-+-+-+-+-+-+-+-+-+-+-+-+-+-+-+-+-+-+-+-+-+-+-+-+-+-+-+-+

00 15 13 4a fb 9c 8d db  2a 35 90 1e 80 18 16 a0  ...J....*5......
86 a9 00 00 01 01 08 0a  be a5 a7 74 fa 9b aa fd  ...........t....
32 32 30 20 4e 4f 20 4f  4e 45 20 49 53 20 41 4c  220 NO ONE IS AL
4c 4f 57 45 44 20 54 4f  20 55 53 45 20 54 48 49  LOWED TO USE THI
53 20 53 45 52 56 45 52  2e 20 41 43 54 49 56 49  S SERVER. ACTIVI
54 49 45 53 20 57 49 4c  4c 20 42 45 20 4d 4f 4e  TIES WILL BE MON
49 54 4f 52 45 44 20 42  59 20 41 20 54 48 4f 55  ITORED BY A THOU
53 41 4e 44 20 44 4f 47  53 20 46 52 4f 4d 20 48  SAND DOGS FROM H
45 4c 4c 2e 20 55 4e 41  55 54 48 4f 52 49 5a 45  ELL. UNAUTHORIZE
44 20 41 43 43 45 53 53  20 57 49 4c 4c 20 42 45  D ACCESS WILL BE
20 48 41 52 53 48 4c 59  20 50 55 4e 49 53 48 45   HARSHLY PUNISHE
44 20 42 59 20 53 41 49  44 20 44 4f 47 53 2e 0d  D BY SAID DOGS..
0a                                                .

#####################

0         1         2         3         4        
012345678901234567890123456789012345678901234567 
+-----------------------------------------------+
|            dst = 00:C0:4F:49:D8:25            |
+-----------------------------------------------+
|            src = 00:60:97:B9:58:7D            |
+-----------------------------------------------+

 0                   1                   2                   3   
 0 1 2 3 4 5 6 7 8 9 0 1 2 3 4 5 6 7 8 9 0 1 2 3 4 5 6 7 8 9 0 1 
+-+-+-+-+-+-+-+-+-+-+-+-+-+-+-+-+-+-+-+-+-+-+-+-+-+-+-+-+-+-+-+-+
| ver=4 | ihl=5 |    type=0     |           length=52           |
+-+-+-+-+-+-+-+-+-+-+-+-+-+-+-+-+-+-+-+-+-+-+-+-+-+-+-+-+-+-+-+-+
|                               | |D| |                         |
|     identification=0x3AE2     | |F| |        offset=0         |
|                               | | | |                         |
+-+-+-+-+-+-+-+-+-+-+-+-+-+-+-+-+-+-+-+-+-+-+-+-+-+-+-+-+-+-+-+-+
|    ttl=64     |    proto=6    |    checksum=0x7C29 (valid)    |
+-+-+-+-+-+-+-+-+-+-+-+-+-+-+-+-+-+-+-+-+-+-+-+-+-+-+-+-+-+-+-+-+
|                     srcIP = 192.168.1.62                      |
+-+-+-+-+-+-+-+-+-+-+-+-+-+-+-+-+-+-+-+-+-+-+-+-+-+-+-+-+-+-+-+-+
|                     dstIP = 192.168.1.42                      |
+-+-+-+-+-+-+-+-+-+-+-+-+-+-+-+-+-+-+-+-+-+-+-+-+-+-+-+-+-+-+-+-+

 0                   1                   2                   3   
 0 1 2 3 4 5 6 7 8 9 0 1 2 3 4 5 6 7 8 9 0 1 2 3 4 5 6 7 8 9 0 1 
+-+-+-+-+-+-+-+-+-+-+-+-+-+-+-+-+-+-+-+-+-+-+-+-+-+-+-+-+-+-+-+-+
|        srcPort = 4938         |      dstPort = 21 (ftp)       |
+-+-+-+-+-+-+-+-+-+-+-+-+-+-+-+-+-+-+-+-+-+-+-+-+-+-+-+-+-+-+-+-+
|                        seq = 708153374                        |
+-+-+-+-+-+-+-+-+-+-+-+-+-+-+-+-+-+-+-+-+-+-+-+-+-+-+-+-+-+-+-+-+
|                       ack = 4221341308                        |
+-+-+-+-+-+-+-+-+-+-+-+-+-+-+-+-+-+-+-+-+-+-+-+-+-+-+-+-+-+-+-+-+
|Header |     | | | | |A| | | | |                               |
|Length:|     | | | | |C| | | | |       windowSize = 5840       |
| 8 int |     | | | | |K| | | | |                               |
+-+-+-+-+-+-+-+-+-+-+-+-+-+-+-+-+-+-+-+-+-+-+-+-+-+-+-+-+-+-+-+-+
|       checksum = 0x78AA       |       urgent offset = 0       |
+-+-+-+-+-+-+-+-+-+-+-+-+-+-+-+-+-+-+-+-+-+-+-+-+-+-+-+-+-+-+-+-+
|                <TCP option data: 01 01 08 0a >                |
+-+-+-+-+-+-+-+-+-+-+-+-+-+-+-+-+-+-+-+-+-+-+-+-+-+-+-+-+-+-+-+-+
|                <TCP option data: fa 9b ab 07 >                |
+-+-+-+-+-+-+-+-+-+-+-+-+-+-+-+-+-+-+-+-+-+-+-+-+-+-+-+-+-+-+-+-+
|                <TCP option data: be a5 a7 74 >                |
+-+-+-+-+-+-+-+-+-+-+-+-+-+-+-+-+-+-+-+-+-+-+-+-+-+-+-+-+-+-+-+-+

#####################

0         1         2         3         4        
012345678901234567890123456789012345678901234567 
+-----------------------------------------------+
|            dst = 00:C0:4F:49:D8:25            |
+-----------------------------------------------+
|            src = 00:60:97:B9:58:7D            |
+-----------------------------------------------+

 0                   1                   2                   3   
 0 1 2 3 4 5 6 7 8 9 0 1 2 3 4 5 6 7 8 9 0 1 2 3 4 5 6 7 8 9 0 1 
+-+-+-+-+-+-+-+-+-+-+-+-+-+-+-+-+-+-+-+-+-+-+-+-+-+-+-+-+-+-+-+-+
| ver=4 | ihl=5 |    type=16    |           length=62           |
+-+-+-+-+-+-+-+-+-+-+-+-+-+-+-+-+-+-+-+-+-+-+-+-+-+-+-+-+-+-+-+-+
|                               | |D| |                         |
|     identification=0x3AE3     | |F| |        offset=0         |
|                               | | | |                         |
+-+-+-+-+-+-+-+-+-+-+-+-+-+-+-+-+-+-+-+-+-+-+-+-+-+-+-+-+-+-+-+-+
|    ttl=64     |    proto=6    |    checksum=0x7C0E (valid)    |
+-+-+-+-+-+-+-+-+-+-+-+-+-+-+-+-+-+-+-+-+-+-+-+-+-+-+-+-+-+-+-+-+
|                     srcIP = 192.168.1.62                      |
+-+-+-+-+-+-+-+-+-+-+-+-+-+-+-+-+-+-+-+-+-+-+-+-+-+-+-+-+-+-+-+-+
|                     dstIP = 192.168.1.42                      |
+-+-+-+-+-+-+-+-+-+-+-+-+-+-+-+-+-+-+-+-+-+-+-+-+-+-+-+-+-+-+-+-+

 0                   1                   2                   3   
 0 1 2 3 4 5 6 7 8 9 0 1 2 3 4 5 6 7 8 9 0 1 2 3 4 5 6 7 8 9 0 1 
+-+-+-+-+-+-+-+-+-+-+-+-+-+-+-+-+-+-+-+-+-+-+-+-+-+-+-+-+-+-+-+-+
|        srcPort = 4938         |      dstPort = 21 (ftp)       |
+-+-+-+-+-+-+-+-+-+-+-+-+-+-+-+-+-+-+-+-+-+-+-+-+-+-+-+-+-+-+-+-+
|                        seq = 708153374                        |
+-+-+-+-+-+-+-+-+-+-+-+-+-+-+-+-+-+-+-+-+-+-+-+-+-+-+-+-+-+-+-+-+
|                       ack = 4221341308                        |
+-+-+-+-+-+-+-+-+-+-+-+-+-+-+-+-+-+-+-+-+-+-+-+-+-+-+-+-+-+-+-+-+
|Header |     | | | | |A|P| | | |                               |
|Length:|     | | | | |C|S| | | |       windowSize = 5840       |
| 8 int |     | | | | |K|H| | | |                               |
+-+-+-+-+-+-+-+-+-+-+-+-+-+-+-+-+-+-+-+-+-+-+-+-+-+-+-+-+-+-+-+-+
|       checksum = 0x6240       |       urgent offset = 0       |
+-+-+-+-+-+-+-+-+-+-+-+-+-+-+-+-+-+-+-+-+-+-+-+-+-+-+-+-+-+-+-+-+
|                <TCP option data: 01 01 08 0a >                |
+-+-+-+-+-+-+-+-+-+-+-+-+-+-+-+-+-+-+-+-+-+-+-+-+-+-+-+-+-+-+-+-+
|                <TCP option data: fa 9b ab 18 >                |
+-+-+-+-+-+-+-+-+-+-+-+-+-+-+-+-+-+-+-+-+-+-+-+-+-+-+-+-+-+-+-+-+
|                <TCP option data: be a5 a7 74 >                |
+-+-+-+-+-+-+-+-+-+-+-+-+-+-+-+-+-+-+-+-+-+-+-+-+-+-+-+-+-+-+-+-+

13 4a 00 15 2a 35 90 1e  fb 9c 8e 7c 80 18 16 d0  .J..*5.....|....
62 40 00 00 01 01 08 0a  fa 9b ab 18 be a5 a7 74  b@.............t
41 55 54 48 20 53 53 4c  0d 0a                    AUTH SSL..

#####################

0         1         2         3         4        
012345678901234567890123456789012345678901234567 
+-----------------------------------------------+
|            dst = 00:60:97:B9:58:7D            |
+-----------------------------------------------+
|            src = 00:C0:4F:49:D8:25            |
+-----------------------------------------------+

 0                   1                   2                   3   
 0 1 2 3 4 5 6 7 8 9 0 1 2 3 4 5 6 7 8 9 0 1 2 3 4 5 6 7 8 9 0 1 
+-+-+-+-+-+-+-+-+-+-+-+-+-+-+-+-+-+-+-+-+-+-+-+-+-+-+-+-+-+-+-+-+
| ver=4 | ihl=5 |    type=0     |           length=52           |
+-+-+-+-+-+-+-+-+-+-+-+-+-+-+-+-+-+-+-+-+-+-+-+-+-+-+-+-+-+-+-+-+
|                               | |D| |                         |
|     identification=0x2AB1     | |F| |        offset=0         |
|                               | | | |                         |
+-+-+-+-+-+-+-+-+-+-+-+-+-+-+-+-+-+-+-+-+-+-+-+-+-+-+-+-+-+-+-+-+
|    ttl=64     |    proto=6    |    checksum=0x8C5A (valid)    |
+-+-+-+-+-+-+-+-+-+-+-+-+-+-+-+-+-+-+-+-+-+-+-+-+-+-+-+-+-+-+-+-+
|                     srcIP = 192.168.1.42                      |
+-+-+-+-+-+-+-+-+-+-+-+-+-+-+-+-+-+-+-+-+-+-+-+-+-+-+-+-+-+-+-+-+
|                     dstIP = 192.168.1.62                      |
+-+-+-+-+-+-+-+-+-+-+-+-+-+-+-+-+-+-+-+-+-+-+-+-+-+-+-+-+-+-+-+-+

 0                   1                   2                   3   
 0 1 2 3 4 5 6 7 8 9 0 1 2 3 4 5 6 7 8 9 0 1 2 3 4 5 6 7 8 9 0 1 
+-+-+-+-+-+-+-+-+-+-+-+-+-+-+-+-+-+-+-+-+-+-+-+-+-+-+-+-+-+-+-+-+
|      srcPort = 21 (ftp)       |        dstPort = 4938         |
+-+-+-+-+-+-+-+-+-+-+-+-+-+-+-+-+-+-+-+-+-+-+-+-+-+-+-+-+-+-+-+-+
|                       seq = 4221341308                        |
+-+-+-+-+-+-+-+-+-+-+-+-+-+-+-+-+-+-+-+-+-+-+-+-+-+-+-+-+-+-+-+-+
|                        ack = 708153384                        |
+-+-+-+-+-+-+-+-+-+-+-+-+-+-+-+-+-+-+-+-+-+-+-+-+-+-+-+-+-+-+-+-+
|Header |     | | | | |A| | | | |                               |
|Length:|     | | | | |C| | | | |       windowSize = 5792       |
| 8 int |     | | | | |K| | | | |                               |
+-+-+-+-+-+-+-+-+-+-+-+-+-+-+-+-+-+-+-+-+-+-+-+-+-+-+-+-+-+-+-+-+
|       checksum = 0x78AE       |       urgent offset = 0       |
+-+-+-+-+-+-+-+-+-+-+-+-+-+-+-+-+-+-+-+-+-+-+-+-+-+-+-+-+-+-+-+-+
|                <TCP option data: 01 01 08 0a >                |
+-+-+-+-+-+-+-+-+-+-+-+-+-+-+-+-+-+-+-+-+-+-+-+-+-+-+-+-+-+-+-+-+
|                <TCP option data: be a5 a7 85 >                |
+-+-+-+-+-+-+-+-+-+-+-+-+-+-+-+-+-+-+-+-+-+-+-+-+-+-+-+-+-+-+-+-+
|                <TCP option data: fa 9b ab 18 >                |
+-+-+-+-+-+-+-+-+-+-+-+-+-+-+-+-+-+-+-+-+-+-+-+-+-+-+-+-+-+-+-+-+

#####################

0         1         2         3         4        
012345678901234567890123456789012345678901234567 
+-----------------------------------------------+
|            dst = 00:60:97:B9:58:7D            |
+-----------------------------------------------+
|            src = 00:C0:4F:49:D8:25            |
+-----------------------------------------------+

 0                   1                   2                   3   
 0 1 2 3 4 5 6 7 8 9 0 1 2 3 4 5 6 7 8 9 0 1 2 3 4 5 6 7 8 9 0 1 
+-+-+-+-+-+-+-+-+-+-+-+-+-+-+-+-+-+-+-+-+-+-+-+-+-+-+-+-+-+-+-+-+
| ver=4 | ihl=5 |    type=0     |           length=90           |
+-+-+-+-+-+-+-+-+-+-+-+-+-+-+-+-+-+-+-+-+-+-+-+-+-+-+-+-+-+-+-+-+
|                               | |D| |                         |
|     identification=0x2AB2     | |F| |        offset=0         |
|                               | | | |                         |
+-+-+-+-+-+-+-+-+-+-+-+-+-+-+-+-+-+-+-+-+-+-+-+-+-+-+-+-+-+-+-+-+
|    ttl=64     |    proto=6    |    checksum=0x8C33 (valid)    |
+-+-+-+-+-+-+-+-+-+-+-+-+-+-+-+-+-+-+-+-+-+-+-+-+-+-+-+-+-+-+-+-+
|                     srcIP = 192.168.1.42                      |
+-+-+-+-+-+-+-+-+-+-+-+-+-+-+-+-+-+-+-+-+-+-+-+-+-+-+-+-+-+-+-+-+
|                     dstIP = 192.168.1.62                      |
+-+-+-+-+-+-+-+-+-+-+-+-+-+-+-+-+-+-+-+-+-+-+-+-+-+-+-+-+-+-+-+-+

 0                   1                   2                   3   
 0 1 2 3 4 5 6 7 8 9 0 1 2 3 4 5 6 7 8 9 0 1 2 3 4 5 6 7 8 9 0 1 
+-+-+-+-+-+-+-+-+-+-+-+-+-+-+-+-+-+-+-+-+-+-+-+-+-+-+-+-+-+-+-+-+
|      srcPort = 21 (ftp)       |        dstPort = 4938         |
+-+-+-+-+-+-+-+-+-+-+-+-+-+-+-+-+-+-+-+-+-+-+-+-+-+-+-+-+-+-+-+-+
|                       seq = 4221341308                        |
+-+-+-+-+-+-+-+-+-+-+-+-+-+-+-+-+-+-+-+-+-+-+-+-+-+-+-+-+-+-+-+-+
|                        ack = 708153384                        |
+-+-+-+-+-+-+-+-+-+-+-+-+-+-+-+-+-+-+-+-+-+-+-+-+-+-+-+-+-+-+-+-+
|Header |     | | | | |A|P| | | |                               |
|Length:|     | | | | |C|S| | | |       windowSize = 5792       |
| 8 int |     | | | | |K|H| | | |                               |
+-+-+-+-+-+-+-+-+-+-+-+-+-+-+-+-+-+-+-+-+-+-+-+-+-+-+-+-+-+-+-+-+
|       checksum = 0x1365       |       urgent offset = 0       |
+-+-+-+-+-+-+-+-+-+-+-+-+-+-+-+-+-+-+-+-+-+-+-+-+-+-+-+-+-+-+-+-+
|                <TCP option data: 01 01 08 0a >                |
+-+-+-+-+-+-+-+-+-+-+-+-+-+-+-+-+-+-+-+-+-+-+-+-+-+-+-+-+-+-+-+-+
|                <TCP option data: be a5 a7 85 >                |
+-+-+-+-+-+-+-+-+-+-+-+-+-+-+-+-+-+-+-+-+-+-+-+-+-+-+-+-+-+-+-+-+
|                <TCP option data: fa 9b ab 18 >                |
+-+-+-+-+-+-+-+-+-+-+-+-+-+-+-+-+-+-+-+-+-+-+-+-+-+-+-+-+-+-+-+-+

00 15 13 4a fb 9c 8e 7c  2a 35 90 28 80 18 16 a0  ...J...|*5.(....
13 65 00 00 01 01 08 0a  be a5 a7 85 fa 9b ab 18  .e..............
35 33 30 20 50 6c 65 61  73 65 20 6c 6f 67 69 6e  530 Please login
20 77 69 74 68 20 55 53  45 52 20 61 6e 64 20 50   with USER and P
41 53 53 2e 0d 0a                                 ASS...

#####################

0         1         2         3         4        
012345678901234567890123456789012345678901234567 
+-----------------------------------------------+
|            dst = 00:C0:4F:49:D8:25            |
+-----------------------------------------------+
|            src = 00:60:97:B9:58:7D            |
+-----------------------------------------------+

 0                   1                   2                   3   
 0 1 2 3 4 5 6 7 8 9 0 1 2 3 4 5 6 7 8 9 0 1 2 3 4 5 6 7 8 9 0 1 
+-+-+-+-+-+-+-+-+-+-+-+-+-+-+-+-+-+-+-+-+-+-+-+-+-+-+-+-+-+-+-+-+
| ver=4 | ihl=5 |    type=16    |           length=66           |
+-+-+-+-+-+-+-+-+-+-+-+-+-+-+-+-+-+-+-+-+-+-+-+-+-+-+-+-+-+-+-+-+
|                               | |D| |                         |
|     identification=0x3AE4     | |F| |        offset=0         |
|                               | | | |                         |
+-+-+-+-+-+-+-+-+-+-+-+-+-+-+-+-+-+-+-+-+-+-+-+-+-+-+-+-+-+-+-+-+
|    ttl=64     |    proto=6    |    checksum=0x7C09 (valid)    |
+-+-+-+-+-+-+-+-+-+-+-+-+-+-+-+-+-+-+-+-+-+-+-+-+-+-+-+-+-+-+-+-+
|                     srcIP = 192.168.1.62                      |
+-+-+-+-+-+-+-+-+-+-+-+-+-+-+-+-+-+-+-+-+-+-+-+-+-+-+-+-+-+-+-+-+
|                     dstIP = 192.168.1.42                      |
+-+-+-+-+-+-+-+-+-+-+-+-+-+-+-+-+-+-+-+-+-+-+-+-+-+-+-+-+-+-+-+-+

 0                   1                   2                   3   
 0 1 2 3 4 5 6 7 8 9 0 1 2 3 4 5 6 7 8 9 0 1 2 3 4 5 6 7 8 9 0 1 
+-+-+-+-+-+-+-+-+-+-+-+-+-+-+-+-+-+-+-+-+-+-+-+-+-+-+-+-+-+-+-+-+
|        srcPort = 4938         |      dstPort = 21 (ftp)       |
+-+-+-+-+-+-+-+-+-+-+-+-+-+-+-+-+-+-+-+-+-+-+-+-+-+-+-+-+-+-+-+-+
|                        seq = 708153384                        |
+-+-+-+-+-+-+-+-+-+-+-+-+-+-+-+-+-+-+-+-+-+-+-+-+-+-+-+-+-+-+-+-+
|                       ack = 4221341346                        |
+-+-+-+-+-+-+-+-+-+-+-+-+-+-+-+-+-+-+-+-+-+-+-+-+-+-+-+-+-+-+-+-+
|Header |     | | | | |A|P| | | |                               |
|Length:|     | | | | |C|S| | | |       windowSize = 5840       |
| 8 int |     | | | | |K|H| | | |                               |
+-+-+-+-+-+-+-+-+-+-+-+-+-+-+-+-+-+-+-+-+-+-+-+-+-+-+-+-+-+-+-+-+
|       checksum = 0x96F5       |       urgent offset = 0       |
+-+-+-+-+-+-+-+-+-+-+-+-+-+-+-+-+-+-+-+-+-+-+-+-+-+-+-+-+-+-+-+-+
|                <TCP option data: 01 01 08 0a >                |
+-+-+-+-+-+-+-+-+-+-+-+-+-+-+-+-+-+-+-+-+-+-+-+-+-+-+-+-+-+-+-+-+
|                <TCP option data: fa 9b ab 3a >                |
+-+-+-+-+-+-+-+-+-+-+-+-+-+-+-+-+-+-+-+-+-+-+-+-+-+-+-+-+-+-+-+-+
|                <TCP option data: be a5 a7 85 >                |
+-+-+-+-+-+-+-+-+-+-+-+-+-+-+-+-+-+-+-+-+-+-+-+-+-+-+-+-+-+-+-+-+

13 4a 00 15 2a 35 90 28  fb 9c 8e a2 80 18 16 d0  .J..*5.(........
96 f5 00 00 01 01 08 0a  fa 9b ab 3a be a5 a7 85  ...........:....
55 53 45 52 20 67 72 6f  75 70 31 34 0d 0a        USER group14..

#####################

0         1         2         3         4        
012345678901234567890123456789012345678901234567 
+-----------------------------------------------+
|            dst = 00:60:97:B9:58:7D            |
+-----------------------------------------------+
|            src = 00:C0:4F:49:D8:25            |
+-----------------------------------------------+

 0                   1                   2                   3   
 0 1 2 3 4 5 6 7 8 9 0 1 2 3 4 5 6 7 8 9 0 1 2 3 4 5 6 7 8 9 0 1 
+-+-+-+-+-+-+-+-+-+-+-+-+-+-+-+-+-+-+-+-+-+-+-+-+-+-+-+-+-+-+-+-+
| ver=4 | ihl=5 |    type=0     |           length=86           |
+-+-+-+-+-+-+-+-+-+-+-+-+-+-+-+-+-+-+-+-+-+-+-+-+-+-+-+-+-+-+-+-+
|                               | |D| |                         |
|     identification=0x2AB3     | |F| |        offset=0         |
|                               | | | |                         |
+-+-+-+-+-+-+-+-+-+-+-+-+-+-+-+-+-+-+-+-+-+-+-+-+-+-+-+-+-+-+-+-+
|    ttl=64     |    proto=6    |    checksum=0x8C36 (valid)    |
+-+-+-+-+-+-+-+-+-+-+-+-+-+-+-+-+-+-+-+-+-+-+-+-+-+-+-+-+-+-+-+-+
|                     srcIP = 192.168.1.42                      |
+-+-+-+-+-+-+-+-+-+-+-+-+-+-+-+-+-+-+-+-+-+-+-+-+-+-+-+-+-+-+-+-+
|                     dstIP = 192.168.1.62                      |
+-+-+-+-+-+-+-+-+-+-+-+-+-+-+-+-+-+-+-+-+-+-+-+-+-+-+-+-+-+-+-+-+

 0                   1                   2                   3   
 0 1 2 3 4 5 6 7 8 9 0 1 2 3 4 5 6 7 8 9 0 1 2 3 4 5 6 7 8 9 0 1 
+-+-+-+-+-+-+-+-+-+-+-+-+-+-+-+-+-+-+-+-+-+-+-+-+-+-+-+-+-+-+-+-+
|      srcPort = 21 (ftp)       |        dstPort = 4938         |
+-+-+-+-+-+-+-+-+-+-+-+-+-+-+-+-+-+-+-+-+-+-+-+-+-+-+-+-+-+-+-+-+
|                       seq = 4221341346                        |
+-+-+-+-+-+-+-+-+-+-+-+-+-+-+-+-+-+-+-+-+-+-+-+-+-+-+-+-+-+-+-+-+
|                        ack = 708153398                        |
+-+-+-+-+-+-+-+-+-+-+-+-+-+-+-+-+-+-+-+-+-+-+-+-+-+-+-+-+-+-+-+-+
|Header |     | | | | |A|P| | | |                               |
|Length:|     | | | | |C|S| | | |       windowSize = 5792       |
| 8 int |     | | | | |K|H| | | |                               |
+-+-+-+-+-+-+-+-+-+-+-+-+-+-+-+-+-+-+-+-+-+-+-+-+-+-+-+-+-+-+-+-+
|       checksum = 0x30EB       |       urgent offset = 0       |
+-+-+-+-+-+-+-+-+-+-+-+-+-+-+-+-+-+-+-+-+-+-+-+-+-+-+-+-+-+-+-+-+
|                <TCP option data: 01 01 08 0a >                |
+-+-+-+-+-+-+-+-+-+-+-+-+-+-+-+-+-+-+-+-+-+-+-+-+-+-+-+-+-+-+-+-+
|                <TCP option data: be a5 a7 a7 >                |
+-+-+-+-+-+-+-+-+-+-+-+-+-+-+-+-+-+-+-+-+-+-+-+-+-+-+-+-+-+-+-+-+
|                <TCP option data: fa 9b ab 3a >                |
+-+-+-+-+-+-+-+-+-+-+-+-+-+-+-+-+-+-+-+-+-+-+-+-+-+-+-+-+-+-+-+-+

00 15 13 4a fb 9c 8e a2  2a 35 90 36 80 18 16 a0  ...J....*5.6....
30 eb 00 00 01 01 08 0a  be a5 a7 a7 fa 9b ab 3a  0..............:
33 33 31 20 50 6c 65 61  73 65 20 73 70 65 63 69  331 Please speci
66 79 20 74 68 65 20 70  61 73 73 77 6f 72 64 2e  fy the password.
0d 0a                                             ..

#####################

0         1         2         3         4        
012345678901234567890123456789012345678901234567 
+-----------------------------------------------+
|            dst = 00:C0:4F:49:D8:25            |
+-----------------------------------------------+
|            src = 00:60:97:B9:58:7D            |
+-----------------------------------------------+

 0                   1                   2                   3   
 0 1 2 3 4 5 6 7 8 9 0 1 2 3 4 5 6 7 8 9 0 1 2 3 4 5 6 7 8 9 0 1 
+-+-+-+-+-+-+-+-+-+-+-+-+-+-+-+-+-+-+-+-+-+-+-+-+-+-+-+-+-+-+-+-+
| ver=4 | ihl=5 |    type=16    |           length=71           |
+-+-+-+-+-+-+-+-+-+-+-+-+-+-+-+-+-+-+-+-+-+-+-+-+-+-+-+-+-+-+-+-+
|                               | |D| |                         |
|     identification=0x3AE5     | |F| |        offset=0         |
|                               | | | |                         |
+-+-+-+-+-+-+-+-+-+-+-+-+-+-+-+-+-+-+-+-+-+-+-+-+-+-+-+-+-+-+-+-+
|    ttl=64     |    proto=6    |    checksum=0x7C03 (valid)    |
+-+-+-+-+-+-+-+-+-+-+-+-+-+-+-+-+-+-+-+-+-+-+-+-+-+-+-+-+-+-+-+-+
|                     srcIP = 192.168.1.62                      |
+-+-+-+-+-+-+-+-+-+-+-+-+-+-+-+-+-+-+-+-+-+-+-+-+-+-+-+-+-+-+-+-+
|                     dstIP = 192.168.1.42                      |
+-+-+-+-+-+-+-+-+-+-+-+-+-+-+-+-+-+-+-+-+-+-+-+-+-+-+-+-+-+-+-+-+

 0                   1                   2                   3   
 0 1 2 3 4 5 6 7 8 9 0 1 2 3 4 5 6 7 8 9 0 1 2 3 4 5 6 7 8 9 0 1 
+-+-+-+-+-+-+-+-+-+-+-+-+-+-+-+-+-+-+-+-+-+-+-+-+-+-+-+-+-+-+-+-+
|        srcPort = 4938         |      dstPort = 21 (ftp)       |
+-+-+-+-+-+-+-+-+-+-+-+-+-+-+-+-+-+-+-+-+-+-+-+-+-+-+-+-+-+-+-+-+
|                        seq = 708153398                        |
+-+-+-+-+-+-+-+-+-+-+-+-+-+-+-+-+-+-+-+-+-+-+-+-+-+-+-+-+-+-+-+-+
|                       ack = 4221341380                        |
+-+-+-+-+-+-+-+-+-+-+-+-+-+-+-+-+-+-+-+-+-+-+-+-+-+-+-+-+-+-+-+-+
|Header |     | | | | |A|P| | | |                               |
|Length:|     | | | | |C|S| | | |       windowSize = 5840       |
| 8 int |     | | | | |K|H| | | |                               |
+-+-+-+-+-+-+-+-+-+-+-+-+-+-+-+-+-+-+-+-+-+-+-+-+-+-+-+-+-+-+-+-+
|       checksum = 0x7DF2       |       urgent offset = 0       |
+-+-+-+-+-+-+-+-+-+-+-+-+-+-+-+-+-+-+-+-+-+-+-+-+-+-+-+-+-+-+-+-+
|                <TCP option data: 01 01 08 0a >                |
+-+-+-+-+-+-+-+-+-+-+-+-+-+-+-+-+-+-+-+-+-+-+-+-+-+-+-+-+-+-+-+-+
|                <TCP option data: fa 9b ab 3b >                |
+-+-+-+-+-+-+-+-+-+-+-+-+-+-+-+-+-+-+-+-+-+-+-+-+-+-+-+-+-+-+-+-+
|                <TCP option data: be a5 a7 a7 >                |
+-+-+-+-+-+-+-+-+-+-+-+-+-+-+-+-+-+-+-+-+-+-+-+-+-+-+-+-+-+-+-+-+

13 4a 00 15 2a 35 90 36  fb 9c 8e c4 80 18 16 d0  .J..*5.6........
7d f2 00 00 01 01 08 0a  fa 9b ab 3b be a5 a7 a7  }..........;....
50 41 53 53 20 31 39 32  2e 31 36 38 2e 31 2e 36  PASS 192.168.1.6
32 0d 0a                                          2..

#####################

0         1         2         3         4        
012345678901234567890123456789012345678901234567 
+-----------------------------------------------+
|            dst = 00:60:97:B9:58:7D            |
+-----------------------------------------------+
|            src = 00:C0:4F:49:D8:25            |
+-----------------------------------------------+

 0                   1                   2                   3   
 0 1 2 3 4 5 6 7 8 9 0 1 2 3 4 5 6 7 8 9 0 1 2 3 4 5 6 7 8 9 0 1 
+-+-+-+-+-+-+-+-+-+-+-+-+-+-+-+-+-+-+-+-+-+-+-+-+-+-+-+-+-+-+-+-+
| ver=4 | ihl=5 |    type=0     |           length=85           |
+-+-+-+-+-+-+-+-+-+-+-+-+-+-+-+-+-+-+-+-+-+-+-+-+-+-+-+-+-+-+-+-+
|                               | |D| |                         |
|     identification=0x2AB4     | |F| |        offset=0         |
|                               | | | |                         |
+-+-+-+-+-+-+-+-+-+-+-+-+-+-+-+-+-+-+-+-+-+-+-+-+-+-+-+-+-+-+-+-+
|    ttl=64     |    proto=6    |    checksum=0x8C36 (valid)    |
+-+-+-+-+-+-+-+-+-+-+-+-+-+-+-+-+-+-+-+-+-+-+-+-+-+-+-+-+-+-+-+-+
|                     srcIP = 192.168.1.42                      |
+-+-+-+-+-+-+-+-+-+-+-+-+-+-+-+-+-+-+-+-+-+-+-+-+-+-+-+-+-+-+-+-+
|                     dstIP = 192.168.1.62                      |
+-+-+-+-+-+-+-+-+-+-+-+-+-+-+-+-+-+-+-+-+-+-+-+-+-+-+-+-+-+-+-+-+

 0                   1                   2                   3   
 0 1 2 3 4 5 6 7 8 9 0 1 2 3 4 5 6 7 8 9 0 1 2 3 4 5 6 7 8 9 0 1 
+-+-+-+-+-+-+-+-+-+-+-+-+-+-+-+-+-+-+-+-+-+-+-+-+-+-+-+-+-+-+-+-+
|      srcPort = 21 (ftp)       |        dstPort = 4938         |
+-+-+-+-+-+-+-+-+-+-+-+-+-+-+-+-+-+-+-+-+-+-+-+-+-+-+-+-+-+-+-+-+
|                       seq = 4221341380                        |
+-+-+-+-+-+-+-+-+-+-+-+-+-+-+-+-+-+-+-+-+-+-+-+-+-+-+-+-+-+-+-+-+
|                        ack = 708153417                        |
+-+-+-+-+-+-+-+-+-+-+-+-+-+-+-+-+-+-+-+-+-+-+-+-+-+-+-+-+-+-+-+-+
|Header |     | | | | |A|P| | | |                               |
|Length:|     | | | | |C|S| | | |       windowSize = 5792       |
| 8 int |     | | | | |K|H| | | |                               |
+-+-+-+-+-+-+-+-+-+-+-+-+-+-+-+-+-+-+-+-+-+-+-+-+-+-+-+-+-+-+-+-+
|       checksum = 0x1391       |       urgent offset = 0       |
+-+-+-+-+-+-+-+-+-+-+-+-+-+-+-+-+-+-+-+-+-+-+-+-+-+-+-+-+-+-+-+-+
|                <TCP option data: 01 01 08 0a >                |
+-+-+-+-+-+-+-+-+-+-+-+-+-+-+-+-+-+-+-+-+-+-+-+-+-+-+-+-+-+-+-+-+
|                <TCP option data: be a5 a7 b9 >                |
+-+-+-+-+-+-+-+-+-+-+-+-+-+-+-+-+-+-+-+-+-+-+-+-+-+-+-+-+-+-+-+-+
|                <TCP option data: fa 9b ab 3b >                |
+-+-+-+-+-+-+-+-+-+-+-+-+-+-+-+-+-+-+-+-+-+-+-+-+-+-+-+-+-+-+-+-+

00 15 13 4a fb 9c 8e c4  2a 35 90 49 80 18 16 a0  ...J....*5.I....
13 91 00 00 01 01 08 0a  be a5 a7 b9 fa 9b ab 3b  ...............;
32 33 30 20 4c 6f 67 69  6e 20 73 75 63 63 65 73  230 Login succes
73 66 75 6c 2e 20 48 61  76 65 20 66 75 6e 2e 0d  sful. Have fun..
0a                                                .

#####################

0         1         2         3         4        
012345678901234567890123456789012345678901234567 
+-----------------------------------------------+
|            dst = 00:C0:4F:49:D8:25            |
+-----------------------------------------------+
|            src = 00:60:97:B9:58:7D            |
+-----------------------------------------------+

 0                   1                   2                   3   
 0 1 2 3 4 5 6 7 8 9 0 1 2 3 4 5 6 7 8 9 0 1 2 3 4 5 6 7 8 9 0 1 
+-+-+-+-+-+-+-+-+-+-+-+-+-+-+-+-+-+-+-+-+-+-+-+-+-+-+-+-+-+-+-+-+
| ver=4 | ihl=5 |    type=16    |           length=60           |
+-+-+-+-+-+-+-+-+-+-+-+-+-+-+-+-+-+-+-+-+-+-+-+-+-+-+-+-+-+-+-+-+
|                               | |D| |                         |
|     identification=0x3AE6     | |F| |        offset=0         |
|                               | | | |                         |
+-+-+-+-+-+-+-+-+-+-+-+-+-+-+-+-+-+-+-+-+-+-+-+-+-+-+-+-+-+-+-+-+
|    ttl=64     |    proto=6    |    checksum=0x7C0D (valid)    |
+-+-+-+-+-+-+-+-+-+-+-+-+-+-+-+-+-+-+-+-+-+-+-+-+-+-+-+-+-+-+-+-+
|                     srcIP = 192.168.1.62                      |
+-+-+-+-+-+-+-+-+-+-+-+-+-+-+-+-+-+-+-+-+-+-+-+-+-+-+-+-+-+-+-+-+
|                     dstIP = 192.168.1.42                      |
+-+-+-+-+-+-+-+-+-+-+-+-+-+-+-+-+-+-+-+-+-+-+-+-+-+-+-+-+-+-+-+-+

 0                   1                   2                   3   
 0 1 2 3 4 5 6 7 8 9 0 1 2 3 4 5 6 7 8 9 0 1 2 3 4 5 6 7 8 9 0 1 
+-+-+-+-+-+-+-+-+-+-+-+-+-+-+-+-+-+-+-+-+-+-+-+-+-+-+-+-+-+-+-+-+
|        srcPort = 4938         |      dstPort = 21 (ftp)       |
+-+-+-+-+-+-+-+-+-+-+-+-+-+-+-+-+-+-+-+-+-+-+-+-+-+-+-+-+-+-+-+-+
|                        seq = 708153417                        |
+-+-+-+-+-+-+-+-+-+-+-+-+-+-+-+-+-+-+-+-+-+-+-+-+-+-+-+-+-+-+-+-+
|                       ack = 4221341413                        |
+-+-+-+-+-+-+-+-+-+-+-+-+-+-+-+-+-+-+-+-+-+-+-+-+-+-+-+-+-+-+-+-+
|Header |     | | | | |A|P| | | |                               |
|Length:|     | | | | |C|S| | | |       windowSize = 5840       |
| 8 int |     | | | | |K|H| | | |                               |
+-+-+-+-+-+-+-+-+-+-+-+-+-+-+-+-+-+-+-+-+-+-+-+-+-+-+-+-+-+-+-+-+
|       checksum = 0xA591       |       urgent offset = 0       |
+-+-+-+-+-+-+-+-+-+-+-+-+-+-+-+-+-+-+-+-+-+-+-+-+-+-+-+-+-+-+-+-+
|                <TCP option data: 01 01 08 0a >                |
+-+-+-+-+-+-+-+-+-+-+-+-+-+-+-+-+-+-+-+-+-+-+-+-+-+-+-+-+-+-+-+-+
|                <TCP option data: fa 9b ab 4d >                |
+-+-+-+-+-+-+-+-+-+-+-+-+-+-+-+-+-+-+-+-+-+-+-+-+-+-+-+-+-+-+-+-+
|                <TCP option data: be a5 a7 b9 >                |
+-+-+-+-+-+-+-+-+-+-+-+-+-+-+-+-+-+-+-+-+-+-+-+-+-+-+-+-+-+-+-+-+

13 4a 00 15 2a 35 90 49  fb 9c 8e e5 80 18 16 d0  .J..*5.I........
a5 91 00 00 01 01 08 0a  fa 9b ab 4d be a5 a7 b9  ...........M....
54 59 50 45 20 41 0d 0a                           TYPE A..

#####################

0         1         2         3         4        
012345678901234567890123456789012345678901234567 
+-----------------------------------------------+
|            dst = 00:60:97:B9:58:7D            |
+-----------------------------------------------+
|            src = 00:C0:4F:49:D8:25            |
+-----------------------------------------------+

 0                   1                   2                   3   
 0 1 2 3 4 5 6 7 8 9 0 1 2 3 4 5 6 7 8 9 0 1 2 3 4 5 6 7 8 9 0 1 
+-+-+-+-+-+-+-+-+-+-+-+-+-+-+-+-+-+-+-+-+-+-+-+-+-+-+-+-+-+-+-+-+
| ver=4 | ihl=5 |    type=0     |           length=82           |
+-+-+-+-+-+-+-+-+-+-+-+-+-+-+-+-+-+-+-+-+-+-+-+-+-+-+-+-+-+-+-+-+
|                               | |D| |                         |
|     identification=0x2AB5     | |F| |        offset=0         |
|                               | | | |                         |
+-+-+-+-+-+-+-+-+-+-+-+-+-+-+-+-+-+-+-+-+-+-+-+-+-+-+-+-+-+-+-+-+
|    ttl=64     |    proto=6    |    checksum=0x8C38 (valid)    |
+-+-+-+-+-+-+-+-+-+-+-+-+-+-+-+-+-+-+-+-+-+-+-+-+-+-+-+-+-+-+-+-+
|                     srcIP = 192.168.1.42                      |
+-+-+-+-+-+-+-+-+-+-+-+-+-+-+-+-+-+-+-+-+-+-+-+-+-+-+-+-+-+-+-+-+
|                     dstIP = 192.168.1.62                      |
+-+-+-+-+-+-+-+-+-+-+-+-+-+-+-+-+-+-+-+-+-+-+-+-+-+-+-+-+-+-+-+-+

 0                   1                   2                   3   
 0 1 2 3 4 5 6 7 8 9 0 1 2 3 4 5 6 7 8 9 0 1 2 3 4 5 6 7 8 9 0 1 
+-+-+-+-+-+-+-+-+-+-+-+-+-+-+-+-+-+-+-+-+-+-+-+-+-+-+-+-+-+-+-+-+
|      srcPort = 21 (ftp)       |        dstPort = 4938         |
+-+-+-+-+-+-+-+-+-+-+-+-+-+-+-+-+-+-+-+-+-+-+-+-+-+-+-+-+-+-+-+-+
|                       seq = 4221341413                        |
+-+-+-+-+-+-+-+-+-+-+-+-+-+-+-+-+-+-+-+-+-+-+-+-+-+-+-+-+-+-+-+-+
|                        ack = 708153425                        |
+-+-+-+-+-+-+-+-+-+-+-+-+-+-+-+-+-+-+-+-+-+-+-+-+-+-+-+-+-+-+-+-+
|Header |     | | | | |A|P| | | |                               |
|Length:|     | | | | |C|S| | | |       windowSize = 5792       |
| 8 int |     | | | | |K|H| | | |                               |
+-+-+-+-+-+-+-+-+-+-+-+-+-+-+-+-+-+-+-+-+-+-+-+-+-+-+-+-+-+-+-+-+
|       checksum = 0xF111       |       urgent offset = 0       |
+-+-+-+-+-+-+-+-+-+-+-+-+-+-+-+-+-+-+-+-+-+-+-+-+-+-+-+-+-+-+-+-+
|                <TCP option data: 01 01 08 0a >                |
+-+-+-+-+-+-+-+-+-+-+-+-+-+-+-+-+-+-+-+-+-+-+-+-+-+-+-+-+-+-+-+-+
|                <TCP option data: be a5 a7 ba >                |
+-+-+-+-+-+-+-+-+-+-+-+-+-+-+-+-+-+-+-+-+-+-+-+-+-+-+-+-+-+-+-+-+
|                <TCP option data: fa 9b ab 4d >                |
+-+-+-+-+-+-+-+-+-+-+-+-+-+-+-+-+-+-+-+-+-+-+-+-+-+-+-+-+-+-+-+-+

00 15 13 4a fb 9c 8e e5  2a 35 90 51 80 18 16 a0  ...J....*5.Q....
f1 11 00 00 01 01 08 0a  be a5 a7 ba fa 9b ab 4d  ...............M
32 30 30 20 53 77 69 74  63 68 69 6e 67 20 74 6f  200 Switching to
20 41 53 43 49 49 20 6d  6f 64 65 2e 0d 0a         ASCII mode...

#####################

0         1         2         3         4        
012345678901234567890123456789012345678901234567 
+-----------------------------------------------+
|            dst = 00:C0:4F:49:D8:25            |
+-----------------------------------------------+
|            src = 00:60:97:B9:58:7D            |
+-----------------------------------------------+

 0                   1                   2                   3   
 0 1 2 3 4 5 6 7 8 9 0 1 2 3 4 5 6 7 8 9 0 1 2 3 4 5 6 7 8 9 0 1 
+-+-+-+-+-+-+-+-+-+-+-+-+-+-+-+-+-+-+-+-+-+-+-+-+-+-+-+-+-+-+-+-+
| ver=4 | ihl=5 |    type=16    |           length=77           |
+-+-+-+-+-+-+-+-+-+-+-+-+-+-+-+-+-+-+-+-+-+-+-+-+-+-+-+-+-+-+-+-+
|                               | |D| |                         |
|     identification=0x3AE7     | |F| |        offset=0         |
|                               | | | |                         |
+-+-+-+-+-+-+-+-+-+-+-+-+-+-+-+-+-+-+-+-+-+-+-+-+-+-+-+-+-+-+-+-+
|    ttl=64     |    proto=6    |    checksum=0x7BFB (valid)    |
+-+-+-+-+-+-+-+-+-+-+-+-+-+-+-+-+-+-+-+-+-+-+-+-+-+-+-+-+-+-+-+-+
|                     srcIP = 192.168.1.62                      |
+-+-+-+-+-+-+-+-+-+-+-+-+-+-+-+-+-+-+-+-+-+-+-+-+-+-+-+-+-+-+-+-+
|                     dstIP = 192.168.1.42                      |
+-+-+-+-+-+-+-+-+-+-+-+-+-+-+-+-+-+-+-+-+-+-+-+-+-+-+-+-+-+-+-+-+

 0                   1                   2                   3   
 0 1 2 3 4 5 6 7 8 9 0 1 2 3 4 5 6 7 8 9 0 1 2 3 4 5 6 7 8 9 0 1 
+-+-+-+-+-+-+-+-+-+-+-+-+-+-+-+-+-+-+-+-+-+-+-+-+-+-+-+-+-+-+-+-+
|        srcPort = 4938         |      dstPort = 21 (ftp)       |
+-+-+-+-+-+-+-+-+-+-+-+-+-+-+-+-+-+-+-+-+-+-+-+-+-+-+-+-+-+-+-+-+
|                        seq = 708153425                        |
+-+-+-+-+-+-+-+-+-+-+-+-+-+-+-+-+-+-+-+-+-+-+-+-+-+-+-+-+-+-+-+-+
|                       ack = 4221341443                        |
+-+-+-+-+-+-+-+-+-+-+-+-+-+-+-+-+-+-+-+-+-+-+-+-+-+-+-+-+-+-+-+-+
|Header |     | | | | |A|P| | | |                               |
|Length:|     | | | | |C|S| | | |       windowSize = 5840       |
| 8 int |     | | | | |K|H| | | |                               |
+-+-+-+-+-+-+-+-+-+-+-+-+-+-+-+-+-+-+-+-+-+-+-+-+-+-+-+-+-+-+-+-+
|       checksum = 0xF0C0       |       urgent offset = 0       |
+-+-+-+-+-+-+-+-+-+-+-+-+-+-+-+-+-+-+-+-+-+-+-+-+-+-+-+-+-+-+-+-+
|                <TCP option data: 01 01 08 0a >                |
+-+-+-+-+-+-+-+-+-+-+-+-+-+-+-+-+-+-+-+-+-+-+-+-+-+-+-+-+-+-+-+-+
|                <TCP option data: fa 9b ab 4e >                |
+-+-+-+-+-+-+-+-+-+-+-+-+-+-+-+-+-+-+-+-+-+-+-+-+-+-+-+-+-+-+-+-+
|                <TCP option data: be a5 a7 ba >                |
+-+-+-+-+-+-+-+-+-+-+-+-+-+-+-+-+-+-+-+-+-+-+-+-+-+-+-+-+-+-+-+-+

13 4a 00 15 2a 35 90 51  fb 9c 8f 03 80 18 16 d0  .J..*5.Q........
f0 c0 00 00 01 01 08 0a  fa 9b ab 4e be a5 a7 ba  ...........N....
50 4f 52 54 20 31 39 32  2c 31 36 38 2c 31 2c 36  PORT 192,168,1,6
32 2c 31 39 2c 37 36 0d  0a                       2,19,76..

#####################

0         1         2         3         4        
012345678901234567890123456789012345678901234567 
+-----------------------------------------------+
|            dst = 00:60:97:B9:58:7D            |
+-----------------------------------------------+
|            src = 00:C0:4F:49:D8:25            |
+-----------------------------------------------+

 0                   1                   2                   3   
 0 1 2 3 4 5 6 7 8 9 0 1 2 3 4 5 6 7 8 9 0 1 2 3 4 5 6 7 8 9 0 1 
+-+-+-+-+-+-+-+-+-+-+-+-+-+-+-+-+-+-+-+-+-+-+-+-+-+-+-+-+-+-+-+-+
| ver=4 | ihl=5 |    type=0     |          length=103           |
+-+-+-+-+-+-+-+-+-+-+-+-+-+-+-+-+-+-+-+-+-+-+-+-+-+-+-+-+-+-+-+-+
|                               | |D| |                         |
|     identification=0x2AB6     | |F| |        offset=0         |
|                               | | | |                         |
+-+-+-+-+-+-+-+-+-+-+-+-+-+-+-+-+-+-+-+-+-+-+-+-+-+-+-+-+-+-+-+-+
|    ttl=64     |    proto=6    |    checksum=0x8C22 (valid)    |
+-+-+-+-+-+-+-+-+-+-+-+-+-+-+-+-+-+-+-+-+-+-+-+-+-+-+-+-+-+-+-+-+
|                     srcIP = 192.168.1.42                      |
+-+-+-+-+-+-+-+-+-+-+-+-+-+-+-+-+-+-+-+-+-+-+-+-+-+-+-+-+-+-+-+-+
|                     dstIP = 192.168.1.62                      |
+-+-+-+-+-+-+-+-+-+-+-+-+-+-+-+-+-+-+-+-+-+-+-+-+-+-+-+-+-+-+-+-+

 0                   1                   2                   3   
 0 1 2 3 4 5 6 7 8 9 0 1 2 3 4 5 6 7 8 9 0 1 2 3 4 5 6 7 8 9 0 1 
+-+-+-+-+-+-+-+-+-+-+-+-+-+-+-+-+-+-+-+-+-+-+-+-+-+-+-+-+-+-+-+-+
|      srcPort = 21 (ftp)       |        dstPort = 4938         |
+-+-+-+-+-+-+-+-+-+-+-+-+-+-+-+-+-+-+-+-+-+-+-+-+-+-+-+-+-+-+-+-+
|                       seq = 4221341443                        |
+-+-+-+-+-+-+-+-+-+-+-+-+-+-+-+-+-+-+-+-+-+-+-+-+-+-+-+-+-+-+-+-+
|                        ack = 708153450                        |
+-+-+-+-+-+-+-+-+-+-+-+-+-+-+-+-+-+-+-+-+-+-+-+-+-+-+-+-+-+-+-+-+
|Header |     | | | | |A|P| | | |                               |
|Length:|     | | | | |C|S| | | |       windowSize = 5792       |
| 8 int |     | | | | |K|H| | | |                               |
+-+-+-+-+-+-+-+-+-+-+-+-+-+-+-+-+-+-+-+-+-+-+-+-+-+-+-+-+-+-+-+-+
|       checksum = 0xCC18       |       urgent offset = 0       |
+-+-+-+-+-+-+-+-+-+-+-+-+-+-+-+-+-+-+-+-+-+-+-+-+-+-+-+-+-+-+-+-+
|                <TCP option data: 01 01 08 0a >                |
+-+-+-+-+-+-+-+-+-+-+-+-+-+-+-+-+-+-+-+-+-+-+-+-+-+-+-+-+-+-+-+-+
|                <TCP option data: be a5 a7 bb >                |
+-+-+-+-+-+-+-+-+-+-+-+-+-+-+-+-+-+-+-+-+-+-+-+-+-+-+-+-+-+-+-+-+
|                <TCP option data: fa 9b ab 4e >                |
+-+-+-+-+-+-+-+-+-+-+-+-+-+-+-+-+-+-+-+-+-+-+-+-+-+-+-+-+-+-+-+-+

00 15 13 4a fb 9c 8f 03  2a 35 90 6a 80 18 16 a0  ...J....*5.j....
cc 18 00 00 01 01 08 0a  be a5 a7 bb fa 9b ab 4e  ...............N
32 30 30 20 50 4f 52 54  20 63 6f 6d 6d 61 6e 64  200 PORT command
20 73 75 63 63 65 73 73  66 75 6c 2e 20 43 6f 6e   successful. Con
73 69 64 65 72 20 75 73  69 6e 67 20 50 41 53 56  sider using PASV
2e 0d 0a                                          ...

#####################

0         1         2         3         4        
012345678901234567890123456789012345678901234567 
+-----------------------------------------------+
|            dst = 00:C0:4F:49:D8:25            |
+-----------------------------------------------+
|            src = 00:60:97:B9:58:7D            |
+-----------------------------------------------+

 0                   1                   2                   3   
 0 1 2 3 4 5 6 7 8 9 0 1 2 3 4 5 6 7 8 9 0 1 2 3 4 5 6 7 8 9 0 1 
+-+-+-+-+-+-+-+-+-+-+-+-+-+-+-+-+-+-+-+-+-+-+-+-+-+-+-+-+-+-+-+-+
| ver=4 | ihl=5 |    type=16    |           length=74           |
+-+-+-+-+-+-+-+-+-+-+-+-+-+-+-+-+-+-+-+-+-+-+-+-+-+-+-+-+-+-+-+-+
|                               | |D| |                         |
|     identification=0x3AE8     | |F| |        offset=0         |
|                               | | | |                         |
+-+-+-+-+-+-+-+-+-+-+-+-+-+-+-+-+-+-+-+-+-+-+-+-+-+-+-+-+-+-+-+-+
|    ttl=64     |    proto=6    |    checksum=0x7BFD (valid)    |
+-+-+-+-+-+-+-+-+-+-+-+-+-+-+-+-+-+-+-+-+-+-+-+-+-+-+-+-+-+-+-+-+
|                     srcIP = 192.168.1.62                      |
+-+-+-+-+-+-+-+-+-+-+-+-+-+-+-+-+-+-+-+-+-+-+-+-+-+-+-+-+-+-+-+-+
|                     dstIP = 192.168.1.42                      |
+-+-+-+-+-+-+-+-+-+-+-+-+-+-+-+-+-+-+-+-+-+-+-+-+-+-+-+-+-+-+-+-+

 0                   1                   2                   3   
 0 1 2 3 4 5 6 7 8 9 0 1 2 3 4 5 6 7 8 9 0 1 2 3 4 5 6 7 8 9 0 1 
+-+-+-+-+-+-+-+-+-+-+-+-+-+-+-+-+-+-+-+-+-+-+-+-+-+-+-+-+-+-+-+-+
|        srcPort = 4938         |      dstPort = 21 (ftp)       |
+-+-+-+-+-+-+-+-+-+-+-+-+-+-+-+-+-+-+-+-+-+-+-+-+-+-+-+-+-+-+-+-+
|                        seq = 708153450                        |
+-+-+-+-+-+-+-+-+-+-+-+-+-+-+-+-+-+-+-+-+-+-+-+-+-+-+-+-+-+-+-+-+
|                       ack = 4221341494                        |
+-+-+-+-+-+-+-+-+-+-+-+-+-+-+-+-+-+-+-+-+-+-+-+-+-+-+-+-+-+-+-+-+
|Header |     | | | | |A|P| | | |                               |
|Length:|     | | | | |C|S| | | |       windowSize = 5840       |
| 8 int |     | | | | |K|H| | | |                               |
+-+-+-+-+-+-+-+-+-+-+-+-+-+-+-+-+-+-+-+-+-+-+-+-+-+-+-+-+-+-+-+-+
|       checksum = 0xD7F8       |       urgent offset = 0       |
+-+-+-+-+-+-+-+-+-+-+-+-+-+-+-+-+-+-+-+-+-+-+-+-+-+-+-+-+-+-+-+-+
|                <TCP option data: 01 01 08 0a >                |
+-+-+-+-+-+-+-+-+-+-+-+-+-+-+-+-+-+-+-+-+-+-+-+-+-+-+-+-+-+-+-+-+
|                <TCP option data: fa 9b ab 4e >                |
+-+-+-+-+-+-+-+-+-+-+-+-+-+-+-+-+-+-+-+-+-+-+-+-+-+-+-+-+-+-+-+-+
|                <TCP option data: be a5 a7 bb >                |
+-+-+-+-+-+-+-+-+-+-+-+-+-+-+-+-+-+-+-+-+-+-+-+-+-+-+-+-+-+-+-+-+

13 4a 00 15 2a 35 90 6a  fb 9c 8f 36 80 18 16 d0  .J..*5.j...6....
d7 f8 00 00 01 01 08 0a  fa 9b ab 4e be a5 a7 bb  ...........N....
53 54 4f 52 20 46 54 50  2d 47 52 4f 55 50 31 34  STOR FTP-GROUP14
2e 4e 46 4f 0d 0a                                 .NFO..

#####################

0         1         2         3         4        
012345678901234567890123456789012345678901234567 
+-----------------------------------------------+
|            dst = 00:60:97:B9:58:7D            |
+-----------------------------------------------+
|            src = 00:C0:4F:49:D8:25            |
+-----------------------------------------------+

 0                   1                   2                   3   
 0 1 2 3 4 5 6 7 8 9 0 1 2 3 4 5 6 7 8 9 0 1 2 3 4 5 6 7 8 9 0 1 
+-+-+-+-+-+-+-+-+-+-+-+-+-+-+-+-+-+-+-+-+-+-+-+-+-+-+-+-+-+-+-+-+
| ver=4 | ihl=5 |    type=8     |           length=60           |
+-+-+-+-+-+-+-+-+-+-+-+-+-+-+-+-+-+-+-+-+-+-+-+-+-+-+-+-+-+-+-+-+
|                               | |D| |                         |
|     identification=0x4132     | |F| |        offset=0         |
|                               | | | |                         |
+-+-+-+-+-+-+-+-+-+-+-+-+-+-+-+-+-+-+-+-+-+-+-+-+-+-+-+-+-+-+-+-+
|    ttl=64     |    proto=6    |    checksum=0x75C9 (valid)    |
+-+-+-+-+-+-+-+-+-+-+-+-+-+-+-+-+-+-+-+-+-+-+-+-+-+-+-+-+-+-+-+-+
|                     srcIP = 192.168.1.42                      |
+-+-+-+-+-+-+-+-+-+-+-+-+-+-+-+-+-+-+-+-+-+-+-+-+-+-+-+-+-+-+-+-+
|                     dstIP = 192.168.1.62                      |
+-+-+-+-+-+-+-+-+-+-+-+-+-+-+-+-+-+-+-+-+-+-+-+-+-+-+-+-+-+-+-+-+

 0                   1                   2                   3   
 0 1 2 3 4 5 6 7 8 9 0 1 2 3 4 5 6 7 8 9 0 1 2 3 4 5 6 7 8 9 0 1 
+-+-+-+-+-+-+-+-+-+-+-+-+-+-+-+-+-+-+-+-+-+-+-+-+-+-+-+-+-+-+-+-+
|    srcPort = 20 (ftp-data)    |        dstPort = 4940         |
+-+-+-+-+-+-+-+-+-+-+-+-+-+-+-+-+-+-+-+-+-+-+-+-+-+-+-+-+-+-+-+-+
|                       seq = 4221101710                        |
+-+-+-+-+-+-+-+-+-+-+-+-+-+-+-+-+-+-+-+-+-+-+-+-+-+-+-+-+-+-+-+-+
|                            ack = 0                            |
+-+-+-+-+-+-+-+-+-+-+-+-+-+-+-+-+-+-+-+-+-+-+-+-+-+-+-+-+-+-+-+-+
|Header |     | | | | | | | |S| |                               |
|Length:|     | | | | | | | |Y| |       windowSize = 5840       |
|10 int |     | | | | | | | |N| |                               |
+-+-+-+-+-+-+-+-+-+-+-+-+-+-+-+-+-+-+-+-+-+-+-+-+-+-+-+-+-+-+-+-+
|       checksum = 0x5194       |       urgent offset = 0       |
+-+-+-+-+-+-+-+-+-+-+-+-+-+-+-+-+-+-+-+-+-+-+-+-+-+-+-+-+-+-+-+-+
|                <TCP option data: 02 04 05 b4 >                |
+-+-+-+-+-+-+-+-+-+-+-+-+-+-+-+-+-+-+-+-+-+-+-+-+-+-+-+-+-+-+-+-+
|                <TCP option data: 04 02 08 0a >                |
+-+-+-+-+-+-+-+-+-+-+-+-+-+-+-+-+-+-+-+-+-+-+-+-+-+-+-+-+-+-+-+-+
|                <TCP option data: be a5 a7 bc >                |
+-+-+-+-+-+-+-+-+-+-+-+-+-+-+-+-+-+-+-+-+-+-+-+-+-+-+-+-+-+-+-+-+
|                <TCP option data: 00 00 00 00 >                |
+-+-+-+-+-+-+-+-+-+-+-+-+-+-+-+-+-+-+-+-+-+-+-+-+-+-+-+-+-+-+-+-+
|                <TCP option data: 01 03 03 00 >                |
+-+-+-+-+-+-+-+-+-+-+-+-+-+-+-+-+-+-+-+-+-+-+-+-+-+-+-+-+-+-+-+-+

#####################

0         1         2         3         4        
012345678901234567890123456789012345678901234567 
+-----------------------------------------------+
|            dst = 00:C0:4F:49:D8:25            |
+-----------------------------------------------+
|            src = 00:60:97:B9:58:7D            |
+-----------------------------------------------+

 0                   1                   2                   3   
 0 1 2 3 4 5 6 7 8 9 0 1 2 3 4 5 6 7 8 9 0 1 2 3 4 5 6 7 8 9 0 1 
+-+-+-+-+-+-+-+-+-+-+-+-+-+-+-+-+-+-+-+-+-+-+-+-+-+-+-+-+-+-+-+-+
| ver=4 | ihl=5 |    type=0     |           length=60           |
+-+-+-+-+-+-+-+-+-+-+-+-+-+-+-+-+-+-+-+-+-+-+-+-+-+-+-+-+-+-+-+-+
|                               | |D| |                         |
|      identification=0x0       | |F| |        offset=0         |
|                               | | | |                         |
+-+-+-+-+-+-+-+-+-+-+-+-+-+-+-+-+-+-+-+-+-+-+-+-+-+-+-+-+-+-+-+-+
|    ttl=64     |    proto=6    |    checksum=0xB703 (valid)    |
+-+-+-+-+-+-+-+-+-+-+-+-+-+-+-+-+-+-+-+-+-+-+-+-+-+-+-+-+-+-+-+-+
|                     srcIP = 192.168.1.62                      |
+-+-+-+-+-+-+-+-+-+-+-+-+-+-+-+-+-+-+-+-+-+-+-+-+-+-+-+-+-+-+-+-+
|                     dstIP = 192.168.1.42                      |
+-+-+-+-+-+-+-+-+-+-+-+-+-+-+-+-+-+-+-+-+-+-+-+-+-+-+-+-+-+-+-+-+

 0                   1                   2                   3   
 0 1 2 3 4 5 6 7 8 9 0 1 2 3 4 5 6 7 8 9 0 1 2 3 4 5 6 7 8 9 0 1 
+-+-+-+-+-+-+-+-+-+-+-+-+-+-+-+-+-+-+-+-+-+-+-+-+-+-+-+-+-+-+-+-+
|        srcPort = 4940         |    dstPort = 20 (ftp-data)    |
+-+-+-+-+-+-+-+-+-+-+-+-+-+-+-+-+-+-+-+-+-+-+-+-+-+-+-+-+-+-+-+-+
|                        seq = 709020035                        |
+-+-+-+-+-+-+-+-+-+-+-+-+-+-+-+-+-+-+-+-+-+-+-+-+-+-+-+-+-+-+-+-+
|                       ack = 4221101711                        |
+-+-+-+-+-+-+-+-+-+-+-+-+-+-+-+-+-+-+-+-+-+-+-+-+-+-+-+-+-+-+-+-+
|Header |     | | | | |A| | |S| |                               |
|Length:|     | | | | |C| | |Y| |       windowSize = 5792       |
|10 int |     | | | | |K| | |N| |                               |
+-+-+-+-+-+-+-+-+-+-+-+-+-+-+-+-+-+-+-+-+-+-+-+-+-+-+-+-+-+-+-+-+
|       checksum = 0xB801       |       urgent offset = 0       |
+-+-+-+-+-+-+-+-+-+-+-+-+-+-+-+-+-+-+-+-+-+-+-+-+-+-+-+-+-+-+-+-+
|                <TCP option data: 02 04 05 b4 >                |
+-+-+-+-+-+-+-+-+-+-+-+-+-+-+-+-+-+-+-+-+-+-+-+-+-+-+-+-+-+-+-+-+
|                <TCP option data: 04 02 08 0a >                |
+-+-+-+-+-+-+-+-+-+-+-+-+-+-+-+-+-+-+-+-+-+-+-+-+-+-+-+-+-+-+-+-+
|                <TCP option data: fa 9b ab 4f >                |
+-+-+-+-+-+-+-+-+-+-+-+-+-+-+-+-+-+-+-+-+-+-+-+-+-+-+-+-+-+-+-+-+
|                <TCP option data: be a5 a7 bc >                |
+-+-+-+-+-+-+-+-+-+-+-+-+-+-+-+-+-+-+-+-+-+-+-+-+-+-+-+-+-+-+-+-+
|                <TCP option data: 01 03 03 00 >                |
+-+-+-+-+-+-+-+-+-+-+-+-+-+-+-+-+-+-+-+-+-+-+-+-+-+-+-+-+-+-+-+-+

#####################

0         1         2         3         4        
012345678901234567890123456789012345678901234567 
+-----------------------------------------------+
|            dst = 00:60:97:B9:58:7D            |
+-----------------------------------------------+
|            src = 00:C0:4F:49:D8:25            |
+-----------------------------------------------+

 0                   1                   2                   3   
 0 1 2 3 4 5 6 7 8 9 0 1 2 3 4 5 6 7 8 9 0 1 2 3 4 5 6 7 8 9 0 1 
+-+-+-+-+-+-+-+-+-+-+-+-+-+-+-+-+-+-+-+-+-+-+-+-+-+-+-+-+-+-+-+-+
| ver=4 | ihl=5 |    type=8     |           length=52           |
+-+-+-+-+-+-+-+-+-+-+-+-+-+-+-+-+-+-+-+-+-+-+-+-+-+-+-+-+-+-+-+-+
|                               | |D| |                         |
|     identification=0x4133     | |F| |        offset=0         |
|                               | | | |                         |
+-+-+-+-+-+-+-+-+-+-+-+-+-+-+-+-+-+-+-+-+-+-+-+-+-+-+-+-+-+-+-+-+
|    ttl=64     |    proto=6    |    checksum=0x75D0 (valid)    |
+-+-+-+-+-+-+-+-+-+-+-+-+-+-+-+-+-+-+-+-+-+-+-+-+-+-+-+-+-+-+-+-+
|                     srcIP = 192.168.1.42                      |
+-+-+-+-+-+-+-+-+-+-+-+-+-+-+-+-+-+-+-+-+-+-+-+-+-+-+-+-+-+-+-+-+
|                     dstIP = 192.168.1.62                      |
+-+-+-+-+-+-+-+-+-+-+-+-+-+-+-+-+-+-+-+-+-+-+-+-+-+-+-+-+-+-+-+-+

 0                   1                   2                   3   
 0 1 2 3 4 5 6 7 8 9 0 1 2 3 4 5 6 7 8 9 0 1 2 3 4 5 6 7 8 9 0 1 
+-+-+-+-+-+-+-+-+-+-+-+-+-+-+-+-+-+-+-+-+-+-+-+-+-+-+-+-+-+-+-+-+
|    srcPort = 20 (ftp-data)    |        dstPort = 4940         |
+-+-+-+-+-+-+-+-+-+-+-+-+-+-+-+-+-+-+-+-+-+-+-+-+-+-+-+-+-+-+-+-+
|                       seq = 4221101711                        |
+-+-+-+-+-+-+-+-+-+-+-+-+-+-+-+-+-+-+-+-+-+-+-+-+-+-+-+-+-+-+-+-+
|                        ack = 709020036                        |
+-+-+-+-+-+-+-+-+-+-+-+-+-+-+-+-+-+-+-+-+-+-+-+-+-+-+-+-+-+-+-+-+
|Header |     | | | | |A| | | | |                               |
|Length:|     | | | | |C| | | | |       windowSize = 5840       |
| 8 int |     | | | | |K| | | | |                               |
+-+-+-+-+-+-+-+-+-+-+-+-+-+-+-+-+-+-+-+-+-+-+-+-+-+-+-+-+-+-+-+-+
|       checksum = 0xE696       |       urgent offset = 0       |
+-+-+-+-+-+-+-+-+-+-+-+-+-+-+-+-+-+-+-+-+-+-+-+-+-+-+-+-+-+-+-+-+
|                <TCP option data: 01 01 08 0a >                |
+-+-+-+-+-+-+-+-+-+-+-+-+-+-+-+-+-+-+-+-+-+-+-+-+-+-+-+-+-+-+-+-+
|                <TCP option data: be a5 a7 bc >                |
+-+-+-+-+-+-+-+-+-+-+-+-+-+-+-+-+-+-+-+-+-+-+-+-+-+-+-+-+-+-+-+-+
|                <TCP option data: fa 9b ab 4f >                |
+-+-+-+-+-+-+-+-+-+-+-+-+-+-+-+-+-+-+-+-+-+-+-+-+-+-+-+-+-+-+-+-+

#####################

0         1         2         3         4        
012345678901234567890123456789012345678901234567 
+-----------------------------------------------+
|            dst = 00:60:97:B9:58:7D            |
+-----------------------------------------------+
|            src = 00:C0:4F:49:D8:25            |
+-----------------------------------------------+

 0                   1                   2                   3   
 0 1 2 3 4 5 6 7 8 9 0 1 2 3 4 5 6 7 8 9 0 1 2 3 4 5 6 7 8 9 0 1 
+-+-+-+-+-+-+-+-+-+-+-+-+-+-+-+-+-+-+-+-+-+-+-+-+-+-+-+-+-+-+-+-+
| ver=4 | ihl=5 |    type=0     |           length=74           |
+-+-+-+-+-+-+-+-+-+-+-+-+-+-+-+-+-+-+-+-+-+-+-+-+-+-+-+-+-+-+-+-+
|                               | |D| |                         |
|     identification=0x2AB7     | |F| |        offset=0         |
|                               | | | |                         |
+-+-+-+-+-+-+-+-+-+-+-+-+-+-+-+-+-+-+-+-+-+-+-+-+-+-+-+-+-+-+-+-+
|    ttl=64     |    proto=6    |    checksum=0x8C3E (valid)    |
+-+-+-+-+-+-+-+-+-+-+-+-+-+-+-+-+-+-+-+-+-+-+-+-+-+-+-+-+-+-+-+-+
|                     srcIP = 192.168.1.42                      |
+-+-+-+-+-+-+-+-+-+-+-+-+-+-+-+-+-+-+-+-+-+-+-+-+-+-+-+-+-+-+-+-+
|                     dstIP = 192.168.1.62                      |
+-+-+-+-+-+-+-+-+-+-+-+-+-+-+-+-+-+-+-+-+-+-+-+-+-+-+-+-+-+-+-+-+

 0                   1                   2                   3   
 0 1 2 3 4 5 6 7 8 9 0 1 2 3 4 5 6 7 8 9 0 1 2 3 4 5 6 7 8 9 0 1 
+-+-+-+-+-+-+-+-+-+-+-+-+-+-+-+-+-+-+-+-+-+-+-+-+-+-+-+-+-+-+-+-+
|      srcPort = 21 (ftp)       |        dstPort = 4938         |
+-+-+-+-+-+-+-+-+-+-+-+-+-+-+-+-+-+-+-+-+-+-+-+-+-+-+-+-+-+-+-+-+
|                       seq = 4221341494                        |
+-+-+-+-+-+-+-+-+-+-+-+-+-+-+-+-+-+-+-+-+-+-+-+-+-+-+-+-+-+-+-+-+
|                        ack = 708153472                        |
+-+-+-+-+-+-+-+-+-+-+-+-+-+-+-+-+-+-+-+-+-+-+-+-+-+-+-+-+-+-+-+-+
|Header |     | | | | |A|P| | | |                               |
|Length:|     | | | | |C|S| | | |       windowSize = 5792       |
| 8 int |     | | | | |K|H| | | |                               |
+-+-+-+-+-+-+-+-+-+-+-+-+-+-+-+-+-+-+-+-+-+-+-+-+-+-+-+-+-+-+-+-+
|       checksum = 0x64E1       |       urgent offset = 0       |
+-+-+-+-+-+-+-+-+-+-+-+-+-+-+-+-+-+-+-+-+-+-+-+-+-+-+-+-+-+-+-+-+
|                <TCP option data: 01 01 08 0a >                |
+-+-+-+-+-+-+-+-+-+-+-+-+-+-+-+-+-+-+-+-+-+-+-+-+-+-+-+-+-+-+-+-+
|                <TCP option data: be a5 a7 bc >                |
+-+-+-+-+-+-+-+-+-+-+-+-+-+-+-+-+-+-+-+-+-+-+-+-+-+-+-+-+-+-+-+-+
|                <TCP option data: fa 9b ab 4e >                |
+-+-+-+-+-+-+-+-+-+-+-+-+-+-+-+-+-+-+-+-+-+-+-+-+-+-+-+-+-+-+-+-+

00 15 13 4a fb 9c 8f 36  2a 35 90 80 80 18 16 a0  ...J...6*5......
64 e1 00 00 01 01 08 0a  be a5 a7 bc fa 9b ab 4e  d..............N
31 35 30 20 4f 6b 20 74  6f 20 73 65 6e 64 20 64  150 Ok to send d
61 74 61 2e 0d 0a                                 ata...

#####################

0         1         2         3         4        
012345678901234567890123456789012345678901234567 
+-----------------------------------------------+
|            dst = 00:C0:4F:49:D8:25            |
+-----------------------------------------------+
|            src = 00:60:97:B9:58:7D            |
+-----------------------------------------------+

 0                   1                   2                   3   
 0 1 2 3 4 5 6 7 8 9 0 1 2 3 4 5 6 7 8 9 0 1 2 3 4 5 6 7 8 9 0 1 
+-+-+-+-+-+-+-+-+-+-+-+-+-+-+-+-+-+-+-+-+-+-+-+-+-+-+-+-+-+-+-+-+
| ver=4 | ihl=5 |    type=8     |          length=637           |
+-+-+-+-+-+-+-+-+-+-+-+-+-+-+-+-+-+-+-+-+-+-+-+-+-+-+-+-+-+-+-+-+
|                               | |D| |                         |
|     identification=0x62CB     | |F| |        offset=0         |
|                               | | | |                         |
+-+-+-+-+-+-+-+-+-+-+-+-+-+-+-+-+-+-+-+-+-+-+-+-+-+-+-+-+-+-+-+-+
|    ttl=64     |    proto=6    |    checksum=0x51EF (valid)    |
+-+-+-+-+-+-+-+-+-+-+-+-+-+-+-+-+-+-+-+-+-+-+-+-+-+-+-+-+-+-+-+-+
|                     srcIP = 192.168.1.62                      |
+-+-+-+-+-+-+-+-+-+-+-+-+-+-+-+-+-+-+-+-+-+-+-+-+-+-+-+-+-+-+-+-+
|                     dstIP = 192.168.1.42                      |
+-+-+-+-+-+-+-+-+-+-+-+-+-+-+-+-+-+-+-+-+-+-+-+-+-+-+-+-+-+-+-+-+

 0                   1                   2                   3   
 0 1 2 3 4 5 6 7 8 9 0 1 2 3 4 5 6 7 8 9 0 1 2 3 4 5 6 7 8 9 0 1 
+-+-+-+-+-+-+-+-+-+-+-+-+-+-+-+-+-+-+-+-+-+-+-+-+-+-+-+-+-+-+-+-+
|        srcPort = 4940         |    dstPort = 20 (ftp-data)    |
+-+-+-+-+-+-+-+-+-+-+-+-+-+-+-+-+-+-+-+-+-+-+-+-+-+-+-+-+-+-+-+-+
|                        seq = 709020036                        |
+-+-+-+-+-+-+-+-+-+-+-+-+-+-+-+-+-+-+-+-+-+-+-+-+-+-+-+-+-+-+-+-+
|                       ack = 4221101711                        |
+-+-+-+-+-+-+-+-+-+-+-+-+-+-+-+-+-+-+-+-+-+-+-+-+-+-+-+-+-+-+-+-+
|Header |     | | | | |A|P| | | |                               |
|Length:|     | | | | |C|S| | | |       windowSize = 5792       |
| 8 int |     | | | | |K|H| | | |                               |
+-+-+-+-+-+-+-+-+-+-+-+-+-+-+-+-+-+-+-+-+-+-+-+-+-+-+-+-+-+-+-+-+
|       checksum = 0xF55F       |       urgent offset = 0       |
+-+-+-+-+-+-+-+-+-+-+-+-+-+-+-+-+-+-+-+-+-+-+-+-+-+-+-+-+-+-+-+-+
|                <TCP option data: 01 01 08 0a >                |
+-+-+-+-+-+-+-+-+-+-+-+-+-+-+-+-+-+-+-+-+-+-+-+-+-+-+-+-+-+-+-+-+
|                <TCP option data: fa 9b ab 50 >                |
+-+-+-+-+-+-+-+-+-+-+-+-+-+-+-+-+-+-+-+-+-+-+-+-+-+-+-+-+-+-+-+-+
|                <TCP option data: be a5 a7 bc >                |
+-+-+-+-+-+-+-+-+-+-+-+-+-+-+-+-+-+-+-+-+-+-+-+-+-+-+-+-+-+-+-+-+

13 4c 00 14 2a 42 c9 84  fb 98 e6 8f 80 18 16 a0  .L..*B..........
f5 5f 00 00 01 01 08 0a  fa 9b ab 50 be a5 a7 bc  ._.........P....
20 20 20 20 20 20 20 20  20 20 20 20 20 20 20 20                  
20 20 20 20 20 20 20 20  20 20 20 20 20 20 20 20                  
20 20 20 20 20 20 20 20  20 20 20 2e 0d 0a 20 20             ...  
20 20 20 2e 76 69 72 2e  20 20 20 20 20 20 20 20     .vir.        
20 20 20 20 20 20 20 20  20 20 20 20 20 20 20 20                  
20 20 20 20 20 20 20 20  64 24 62 0d 0a 20 20 2e          d$b..  .
64 24 24 24 24 24 24 62  2e 20 20 20 20 2e 63 64  d$$$$$$b.    .cd
24 24 62 2e 20 20 20 20  20 2e 64 24 24 62 2e 20  $$b.     .d$$b. 
20 20 64 24 24 24 24 24  24 24 24 24 24 24 62 20    d$$$$$$$$$$$b 
20 2e 64 24 24 62 2e 20  20 20 20 20 20 2e 64 24   .d$$b.      .d$
24 62 2e 0d 0a 20 20 24  24 24 24 28 20 29 24 24  $b...  $$$$( )$$
24 62 20 64 24 24 24 28  29 24 24 24 2e 20 20 20  $b d$$$()$$$.   
64 24 24 24 24 24 24 24  62 20 51 24 24 24 24 24  d$$$$$$$b Q$$$$$
24 24 50 24 24 24 50 2e  24 24 24 24 24 24 24 62  $$P$$$P.$$$$$$$b
2e 20 20 2e 24 24 24 24  24 24 24 62 2e 0d 0a 20  .  .$$$$$$$b... 
20 51 24 24 24 24 24 24  24 24 24 24 42 24 24 24   Q$$$$$$$$$$B$$$
24 24 24 24 24 50 22 20  20 64 24 24 24 50 51 24  $$$$$P"  d$$$PQ$
24 24 24 62 2e 20 20 20  24 24 24 24 2e 20 20 20  $$$b.   $$$$.   
2e 24 24 24 50 27 20 60  24 24 24 20 2e 24 24 24  .$$$P' `$$$ .$$$
50 27 20 60 24 24 24 0d  0a 20 20 20 20 22 24 24  P' `$$$..    "$$
24 24 24 24 24 50 20 51  24 24 24 24 24 24 24 62  $$$$$P Q$$$$$$$b
20 20 64 24 24 24 50 20  20 20 51 24 24 24 24 62    d$$$P   Q$$$$b
20 20 24 24 24 24 62 20  20 20 24 24 24 24 62 2e    $$$$b   $$$$b.
2e 64 24 24 24 20 24 24  24 24 62 2e 2e 64 24 24  .d$$$ $$$$b..d$$
24 0d 0a 20 20 20 64 24  24 24 24 24 24 50 22 20  $..   d$$$$$$P" 
20 20 22 24 24 24 24 24  24 24 24 20 51 24 24 24    "$$$$$$$$ Q$$$
20 20 20 20 20 51 24 24  24 24 20 20 24 24 24 24       Q$$$$  $$$$
24 20 20 20 60 51 24 24  24 24 24 24 24 50 20 20  $   `Q$$$$$$$P  
60 51 24 24 24 24 24 24  24 50 0d 0a 20 20 24 24  `Q$$$$$$$P..  $$
24 24 24 24 24 50 20 20  20 20 20 20 20 60 22 22  $$$$$P       `""
22 22 22 20 20 20 22 22  20 20 20 20 20 20 20 20  """   ""        
22 22 20 20 20 51 24 24  24 50 20 20 20 20 20 22  ""   Q$$$P     "
51 24 24 24 50 22 20 20  20 20 20 22 51 24 24 24  Q$$$P"     "Q$$$
50 22 0d 0a 20 20 60 51  24 24 50 22 20 20 20 20  P"..  `Q$$P"    
20 20 20 20 20 20 20 20  20 20 20 20 20 20 20 20                  
20 20 20 20 20 20 20 20  20 20 20 20 20 20 22 22                ""
22 0d 0a 0d 0a 0d 0a 0d  0a                       "........

#####################

0         1         2         3         4        
012345678901234567890123456789012345678901234567 
+-----------------------------------------------+
|            dst = 00:C0:4F:49:D8:25            |
+-----------------------------------------------+
|            src = 00:60:97:B9:58:7D            |
+-----------------------------------------------+

 0                   1                   2                   3   
 0 1 2 3 4 5 6 7 8 9 0 1 2 3 4 5 6 7 8 9 0 1 2 3 4 5 6 7 8 9 0 1 
+-+-+-+-+-+-+-+-+-+-+-+-+-+-+-+-+-+-+-+-+-+-+-+-+-+-+-+-+-+-+-+-+
| ver=4 | ihl=5 |    type=8     |           length=52           |
+-+-+-+-+-+-+-+-+-+-+-+-+-+-+-+-+-+-+-+-+-+-+-+-+-+-+-+-+-+-+-+-+
|                               | |D| |                         |
|     identification=0x62CC     | |F| |        offset=0         |
|                               | | | |                         |
+-+-+-+-+-+-+-+-+-+-+-+-+-+-+-+-+-+-+-+-+-+-+-+-+-+-+-+-+-+-+-+-+
|    ttl=64     |    proto=6    |    checksum=0x5437 (valid)    |
+-+-+-+-+-+-+-+-+-+-+-+-+-+-+-+-+-+-+-+-+-+-+-+-+-+-+-+-+-+-+-+-+
|                     srcIP = 192.168.1.62                      |
+-+-+-+-+-+-+-+-+-+-+-+-+-+-+-+-+-+-+-+-+-+-+-+-+-+-+-+-+-+-+-+-+
|                     dstIP = 192.168.1.42                      |
+-+-+-+-+-+-+-+-+-+-+-+-+-+-+-+-+-+-+-+-+-+-+-+-+-+-+-+-+-+-+-+-+

 0                   1                   2                   3   
 0 1 2 3 4 5 6 7 8 9 0 1 2 3 4 5 6 7 8 9 0 1 2 3 4 5 6 7 8 9 0 1 
+-+-+-+-+-+-+-+-+-+-+-+-+-+-+-+-+-+-+-+-+-+-+-+-+-+-+-+-+-+-+-+-+
|        srcPort = 4940         |    dstPort = 20 (ftp-data)    |
+-+-+-+-+-+-+-+-+-+-+-+-+-+-+-+-+-+-+-+-+-+-+-+-+-+-+-+-+-+-+-+-+
|                        seq = 709020621                        |
+-+-+-+-+-+-+-+-+-+-+-+-+-+-+-+-+-+-+-+-+-+-+-+-+-+-+-+-+-+-+-+-+
|                       ack = 4221101711                        |
+-+-+-+-+-+-+-+-+-+-+-+-+-+-+-+-+-+-+-+-+-+-+-+-+-+-+-+-+-+-+-+-+
|Header |     | | | | |A| | | |F|                               |
|Length:|     | | | | |C| | | |I|       windowSize = 5792       |
| 8 int |     | | | | |K| | | |N|                               |
+-+-+-+-+-+-+-+-+-+-+-+-+-+-+-+-+-+-+-+-+-+-+-+-+-+-+-+-+-+-+-+-+
|       checksum = 0xE47B       |       urgent offset = 0       |
+-+-+-+-+-+-+-+-+-+-+-+-+-+-+-+-+-+-+-+-+-+-+-+-+-+-+-+-+-+-+-+-+
|                <TCP option data: 01 01 08 0a >                |
+-+-+-+-+-+-+-+-+-+-+-+-+-+-+-+-+-+-+-+-+-+-+-+-+-+-+-+-+-+-+-+-+
|                <TCP option data: fa 9b ab 50 >                |
+-+-+-+-+-+-+-+-+-+-+-+-+-+-+-+-+-+-+-+-+-+-+-+-+-+-+-+-+-+-+-+-+
|                <TCP option data: be a5 a7 bc >                |
+-+-+-+-+-+-+-+-+-+-+-+-+-+-+-+-+-+-+-+-+-+-+-+-+-+-+-+-+-+-+-+-+

#####################

0         1         2         3         4        
012345678901234567890123456789012345678901234567 
+-----------------------------------------------+
|            dst = 00:60:97:B9:58:7D            |
+-----------------------------------------------+
|            src = 00:C0:4F:49:D8:25            |
+-----------------------------------------------+

 0                   1                   2                   3   
 0 1 2 3 4 5 6 7 8 9 0 1 2 3 4 5 6 7 8 9 0 1 2 3 4 5 6 7 8 9 0 1 
+-+-+-+-+-+-+-+-+-+-+-+-+-+-+-+-+-+-+-+-+-+-+-+-+-+-+-+-+-+-+-+-+
| ver=4 | ihl=5 |    type=8     |           length=52           |
+-+-+-+-+-+-+-+-+-+-+-+-+-+-+-+-+-+-+-+-+-+-+-+-+-+-+-+-+-+-+-+-+
|                               | |D| |                         |
|     identification=0x4134     | |F| |        offset=0         |
|                               | | | |                         |
+-+-+-+-+-+-+-+-+-+-+-+-+-+-+-+-+-+-+-+-+-+-+-+-+-+-+-+-+-+-+-+-+
|    ttl=64     |    proto=6    |    checksum=0x75CF (valid)    |
+-+-+-+-+-+-+-+-+-+-+-+-+-+-+-+-+-+-+-+-+-+-+-+-+-+-+-+-+-+-+-+-+
|                     srcIP = 192.168.1.42                      |
+-+-+-+-+-+-+-+-+-+-+-+-+-+-+-+-+-+-+-+-+-+-+-+-+-+-+-+-+-+-+-+-+
|                     dstIP = 192.168.1.62                      |
+-+-+-+-+-+-+-+-+-+-+-+-+-+-+-+-+-+-+-+-+-+-+-+-+-+-+-+-+-+-+-+-+

 0                   1                   2                   3   
 0 1 2 3 4 5 6 7 8 9 0 1 2 3 4 5 6 7 8 9 0 1 2 3 4 5 6 7 8 9 0 1 
+-+-+-+-+-+-+-+-+-+-+-+-+-+-+-+-+-+-+-+-+-+-+-+-+-+-+-+-+-+-+-+-+
|    srcPort = 20 (ftp-data)    |        dstPort = 4940         |
+-+-+-+-+-+-+-+-+-+-+-+-+-+-+-+-+-+-+-+-+-+-+-+-+-+-+-+-+-+-+-+-+
|                       seq = 4221101711                        |
+-+-+-+-+-+-+-+-+-+-+-+-+-+-+-+-+-+-+-+-+-+-+-+-+-+-+-+-+-+-+-+-+
|                        ack = 709020621                        |
+-+-+-+-+-+-+-+-+-+-+-+-+-+-+-+-+-+-+-+-+-+-+-+-+-+-+-+-+-+-+-+-+
|Header |     | | | | |A| | | | |                               |
|Length:|     | | | | |C| | | | |       windowSize = 6435       |
| 8 int |     | | | | |K| | | | |                               |
+-+-+-+-+-+-+-+-+-+-+-+-+-+-+-+-+-+-+-+-+-+-+-+-+-+-+-+-+-+-+-+-+
|       checksum = 0xE1F8       |       urgent offset = 0       |
+-+-+-+-+-+-+-+-+-+-+-+-+-+-+-+-+-+-+-+-+-+-+-+-+-+-+-+-+-+-+-+-+
|                <TCP option data: 01 01 08 0a >                |
+-+-+-+-+-+-+-+-+-+-+-+-+-+-+-+-+-+-+-+-+-+-+-+-+-+-+-+-+-+-+-+-+
|                <TCP option data: be a5 a7 bd >                |
+-+-+-+-+-+-+-+-+-+-+-+-+-+-+-+-+-+-+-+-+-+-+-+-+-+-+-+-+-+-+-+-+
|                <TCP option data: fa 9b ab 50 >                |
+-+-+-+-+-+-+-+-+-+-+-+-+-+-+-+-+-+-+-+-+-+-+-+-+-+-+-+-+-+-+-+-+

#####################

0         1         2         3         4        
012345678901234567890123456789012345678901234567 
+-----------------------------------------------+
|            dst = 00:60:97:B9:58:7D            |
+-----------------------------------------------+
|            src = 00:C0:4F:49:D8:25            |
+-----------------------------------------------+

 0                   1                   2                   3   
 0 1 2 3 4 5 6 7 8 9 0 1 2 3 4 5 6 7 8 9 0 1 2 3 4 5 6 7 8 9 0 1 
+-+-+-+-+-+-+-+-+-+-+-+-+-+-+-+-+-+-+-+-+-+-+-+-+-+-+-+-+-+-+-+-+
| ver=4 | ihl=5 |    type=0     |           length=74           |
+-+-+-+-+-+-+-+-+-+-+-+-+-+-+-+-+-+-+-+-+-+-+-+-+-+-+-+-+-+-+-+-+
|                               | |D| |                         |
|     identification=0x2AB8     | |F| |        offset=0         |
|                               | | | |                         |
+-+-+-+-+-+-+-+-+-+-+-+-+-+-+-+-+-+-+-+-+-+-+-+-+-+-+-+-+-+-+-+-+
|    ttl=64     |    proto=6    |    checksum=0x8C3D (valid)    |
+-+-+-+-+-+-+-+-+-+-+-+-+-+-+-+-+-+-+-+-+-+-+-+-+-+-+-+-+-+-+-+-+
|                     srcIP = 192.168.1.42                      |
+-+-+-+-+-+-+-+-+-+-+-+-+-+-+-+-+-+-+-+-+-+-+-+-+-+-+-+-+-+-+-+-+
|                     dstIP = 192.168.1.62                      |
+-+-+-+-+-+-+-+-+-+-+-+-+-+-+-+-+-+-+-+-+-+-+-+-+-+-+-+-+-+-+-+-+

 0                   1                   2                   3   
 0 1 2 3 4 5 6 7 8 9 0 1 2 3 4 5 6 7 8 9 0 1 2 3 4 5 6 7 8 9 0 1 
+-+-+-+-+-+-+-+-+-+-+-+-+-+-+-+-+-+-+-+-+-+-+-+-+-+-+-+-+-+-+-+-+
|      srcPort = 21 (ftp)       |        dstPort = 4938         |
+-+-+-+-+-+-+-+-+-+-+-+-+-+-+-+-+-+-+-+-+-+-+-+-+-+-+-+-+-+-+-+-+
|                       seq = 4221341516                        |
+-+-+-+-+-+-+-+-+-+-+-+-+-+-+-+-+-+-+-+-+-+-+-+-+-+-+-+-+-+-+-+-+
|                        ack = 708153472                        |
+-+-+-+-+-+-+-+-+-+-+-+-+-+-+-+-+-+-+-+-+-+-+-+-+-+-+-+-+-+-+-+-+
|Header |     | | | | |A|P| | | |                               |
|Length:|     | | | | |C|S| | | |       windowSize = 5792       |
| 8 int |     | | | | |K|H| | | |                               |
+-+-+-+-+-+-+-+-+-+-+-+-+-+-+-+-+-+-+-+-+-+-+-+-+-+-+-+-+-+-+-+-+
|       checksum = 0x81AD       |       urgent offset = 0       |
+-+-+-+-+-+-+-+-+-+-+-+-+-+-+-+-+-+-+-+-+-+-+-+-+-+-+-+-+-+-+-+-+
|                <TCP option data: 01 01 08 0a >                |
+-+-+-+-+-+-+-+-+-+-+-+-+-+-+-+-+-+-+-+-+-+-+-+-+-+-+-+-+-+-+-+-+
|                <TCP option data: be a5 a7 bd >                |
+-+-+-+-+-+-+-+-+-+-+-+-+-+-+-+-+-+-+-+-+-+-+-+-+-+-+-+-+-+-+-+-+
|                <TCP option data: fa 9b ab 4e >                |
+-+-+-+-+-+-+-+-+-+-+-+-+-+-+-+-+-+-+-+-+-+-+-+-+-+-+-+-+-+-+-+-+

00 15 13 4a fb 9c 8f 4c  2a 35 90 80 80 18 16 a0  ...J...L*5......
81 ad 00 00 01 01 08 0a  be a5 a7 bd fa 9b ab 4e  ...............N
32 32 36 20 46 69 6c 65  20 72 65 63 65 69 76 65  226 File receive
20 4f 4b 2e 0d 0a                                  OK...

#####################

0         1         2         3         4        
012345678901234567890123456789012345678901234567 
+-----------------------------------------------+
|            dst = 00:60:97:B9:58:7D            |
+-----------------------------------------------+
|            src = 00:C0:4F:49:D8:25            |
+-----------------------------------------------+

 0                   1                   2                   3   
 0 1 2 3 4 5 6 7 8 9 0 1 2 3 4 5 6 7 8 9 0 1 2 3 4 5 6 7 8 9 0 1 
+-+-+-+-+-+-+-+-+-+-+-+-+-+-+-+-+-+-+-+-+-+-+-+-+-+-+-+-+-+-+-+-+
| ver=4 | ihl=5 |    type=8     |           length=52           |
+-+-+-+-+-+-+-+-+-+-+-+-+-+-+-+-+-+-+-+-+-+-+-+-+-+-+-+-+-+-+-+-+
|                               | |D| |                         |
|     identification=0x4135     | |F| |        offset=0         |
|                               | | | |                         |
+-+-+-+-+-+-+-+-+-+-+-+-+-+-+-+-+-+-+-+-+-+-+-+-+-+-+-+-+-+-+-+-+
|    ttl=64     |    proto=6    |    checksum=0x75CE (valid)    |
+-+-+-+-+-+-+-+-+-+-+-+-+-+-+-+-+-+-+-+-+-+-+-+-+-+-+-+-+-+-+-+-+
|                     srcIP = 192.168.1.42                      |
+-+-+-+-+-+-+-+-+-+-+-+-+-+-+-+-+-+-+-+-+-+-+-+-+-+-+-+-+-+-+-+-+
|                     dstIP = 192.168.1.62                      |
+-+-+-+-+-+-+-+-+-+-+-+-+-+-+-+-+-+-+-+-+-+-+-+-+-+-+-+-+-+-+-+-+

 0                   1                   2                   3   
 0 1 2 3 4 5 6 7 8 9 0 1 2 3 4 5 6 7 8 9 0 1 2 3 4 5 6 7 8 9 0 1 
+-+-+-+-+-+-+-+-+-+-+-+-+-+-+-+-+-+-+-+-+-+-+-+-+-+-+-+-+-+-+-+-+
|    srcPort = 20 (ftp-data)    |        dstPort = 4940         |
+-+-+-+-+-+-+-+-+-+-+-+-+-+-+-+-+-+-+-+-+-+-+-+-+-+-+-+-+-+-+-+-+
|                       seq = 4221101711                        |
+-+-+-+-+-+-+-+-+-+-+-+-+-+-+-+-+-+-+-+-+-+-+-+-+-+-+-+-+-+-+-+-+
|                        ack = 709020622                        |
+-+-+-+-+-+-+-+-+-+-+-+-+-+-+-+-+-+-+-+-+-+-+-+-+-+-+-+-+-+-+-+-+
|Header |     | | | | |A| | | |F|                               |
|Length:|     | | | | |C| | | |I|       windowSize = 6435       |
| 8 int |     | | | | |K| | | |N|                               |
+-+-+-+-+-+-+-+-+-+-+-+-+-+-+-+-+-+-+-+-+-+-+-+-+-+-+-+-+-+-+-+-+
|       checksum = 0xE1F6       |       urgent offset = 0       |
+-+-+-+-+-+-+-+-+-+-+-+-+-+-+-+-+-+-+-+-+-+-+-+-+-+-+-+-+-+-+-+-+
|                <TCP option data: 01 01 08 0a >                |
+-+-+-+-+-+-+-+-+-+-+-+-+-+-+-+-+-+-+-+-+-+-+-+-+-+-+-+-+-+-+-+-+
|                <TCP option data: be a5 a7 bd >                |
+-+-+-+-+-+-+-+-+-+-+-+-+-+-+-+-+-+-+-+-+-+-+-+-+-+-+-+-+-+-+-+-+
|                <TCP option data: fa 9b ab 50 >                |
+-+-+-+-+-+-+-+-+-+-+-+-+-+-+-+-+-+-+-+-+-+-+-+-+-+-+-+-+-+-+-+-+

#####################

0         1         2         3         4        
012345678901234567890123456789012345678901234567 
+-----------------------------------------------+
|            dst = 00:C0:4F:49:D8:25            |
+-----------------------------------------------+
|            src = 00:60:97:B9:58:7D            |
+-----------------------------------------------+

 0                   1                   2                   3   
 0 1 2 3 4 5 6 7 8 9 0 1 2 3 4 5 6 7 8 9 0 1 2 3 4 5 6 7 8 9 0 1 
+-+-+-+-+-+-+-+-+-+-+-+-+-+-+-+-+-+-+-+-+-+-+-+-+-+-+-+-+-+-+-+-+
| ver=4 | ihl=5 |    type=8     |           length=52           |
+-+-+-+-+-+-+-+-+-+-+-+-+-+-+-+-+-+-+-+-+-+-+-+-+-+-+-+-+-+-+-+-+
|                               | |D| |                         |
|     identification=0x62CD     | |F| |        offset=0         |
|                               | | | |                         |
+-+-+-+-+-+-+-+-+-+-+-+-+-+-+-+-+-+-+-+-+-+-+-+-+-+-+-+-+-+-+-+-+
|    ttl=64     |    proto=6    |    checksum=0x5436 (valid)    |
+-+-+-+-+-+-+-+-+-+-+-+-+-+-+-+-+-+-+-+-+-+-+-+-+-+-+-+-+-+-+-+-+
|                     srcIP = 192.168.1.62                      |
+-+-+-+-+-+-+-+-+-+-+-+-+-+-+-+-+-+-+-+-+-+-+-+-+-+-+-+-+-+-+-+-+
|                     dstIP = 192.168.1.42                      |
+-+-+-+-+-+-+-+-+-+-+-+-+-+-+-+-+-+-+-+-+-+-+-+-+-+-+-+-+-+-+-+-+

 0                   1                   2                   3   
 0 1 2 3 4 5 6 7 8 9 0 1 2 3 4 5 6 7 8 9 0 1 2 3 4 5 6 7 8 9 0 1 
+-+-+-+-+-+-+-+-+-+-+-+-+-+-+-+-+-+-+-+-+-+-+-+-+-+-+-+-+-+-+-+-+
|        srcPort = 4940         |    dstPort = 20 (ftp-data)    |
+-+-+-+-+-+-+-+-+-+-+-+-+-+-+-+-+-+-+-+-+-+-+-+-+-+-+-+-+-+-+-+-+
|                        seq = 709020622                        |
+-+-+-+-+-+-+-+-+-+-+-+-+-+-+-+-+-+-+-+-+-+-+-+-+-+-+-+-+-+-+-+-+
|                       ack = 4221101712                        |
+-+-+-+-+-+-+-+-+-+-+-+-+-+-+-+-+-+-+-+-+-+-+-+-+-+-+-+-+-+-+-+-+
|Header |     | | | | |A| | | | |                               |
|Length:|     | | | | |C| | | | |       windowSize = 5792       |
| 8 int |     | | | | |K| | | | |                               |
+-+-+-+-+-+-+-+-+-+-+-+-+-+-+-+-+-+-+-+-+-+-+-+-+-+-+-+-+-+-+-+-+
|       checksum = 0xE478       |       urgent offset = 0       |
+-+-+-+-+-+-+-+-+-+-+-+-+-+-+-+-+-+-+-+-+-+-+-+-+-+-+-+-+-+-+-+-+
|                <TCP option data: 01 01 08 0a >                |
+-+-+-+-+-+-+-+-+-+-+-+-+-+-+-+-+-+-+-+-+-+-+-+-+-+-+-+-+-+-+-+-+
|                <TCP option data: fa 9b ab 51 >                |
+-+-+-+-+-+-+-+-+-+-+-+-+-+-+-+-+-+-+-+-+-+-+-+-+-+-+-+-+-+-+-+-+
|                <TCP option data: be a5 a7 bd >                |
+-+-+-+-+-+-+-+-+-+-+-+-+-+-+-+-+-+-+-+-+-+-+-+-+-+-+-+-+-+-+-+-+

#####################

0         1         2         3         4        
012345678901234567890123456789012345678901234567 
+-----------------------------------------------+
|            dst = 00:C0:4F:49:D8:25            |
+-----------------------------------------------+
|            src = 00:60:97:B9:58:7D            |
+-----------------------------------------------+

 0                   1                   2                   3   
 0 1 2 3 4 5 6 7 8 9 0 1 2 3 4 5 6 7 8 9 0 1 2 3 4 5 6 7 8 9 0 1 
+-+-+-+-+-+-+-+-+-+-+-+-+-+-+-+-+-+-+-+-+-+-+-+-+-+-+-+-+-+-+-+-+
| ver=4 | ihl=5 |    type=16    |           length=58           |
+-+-+-+-+-+-+-+-+-+-+-+-+-+-+-+-+-+-+-+-+-+-+-+-+-+-+-+-+-+-+-+-+
|                               | |D| |                         |
|     identification=0x3AE9     | |F| |        offset=0         |
|                               | | | |                         |
+-+-+-+-+-+-+-+-+-+-+-+-+-+-+-+-+-+-+-+-+-+-+-+-+-+-+-+-+-+-+-+-+
|    ttl=64     |    proto=6    |    checksum=0x7C0C (valid)    |
+-+-+-+-+-+-+-+-+-+-+-+-+-+-+-+-+-+-+-+-+-+-+-+-+-+-+-+-+-+-+-+-+
|                     srcIP = 192.168.1.62                      |
+-+-+-+-+-+-+-+-+-+-+-+-+-+-+-+-+-+-+-+-+-+-+-+-+-+-+-+-+-+-+-+-+
|                     dstIP = 192.168.1.42                      |
+-+-+-+-+-+-+-+-+-+-+-+-+-+-+-+-+-+-+-+-+-+-+-+-+-+-+-+-+-+-+-+-+

 0                   1                   2                   3   
 0 1 2 3 4 5 6 7 8 9 0 1 2 3 4 5 6 7 8 9 0 1 2 3 4 5 6 7 8 9 0 1 
+-+-+-+-+-+-+-+-+-+-+-+-+-+-+-+-+-+-+-+-+-+-+-+-+-+-+-+-+-+-+-+-+
|        srcPort = 4938         |      dstPort = 21 (ftp)       |
+-+-+-+-+-+-+-+-+-+-+-+-+-+-+-+-+-+-+-+-+-+-+-+-+-+-+-+-+-+-+-+-+
|                        seq = 708153472                        |
+-+-+-+-+-+-+-+-+-+-+-+-+-+-+-+-+-+-+-+-+-+-+-+-+-+-+-+-+-+-+-+-+
|                       ack = 4221341538                        |
+-+-+-+-+-+-+-+-+-+-+-+-+-+-+-+-+-+-+-+-+-+-+-+-+-+-+-+-+-+-+-+-+
|Header |     | | | | |A|P| | | |                               |
|Length:|     | | | | |C|S| | | |       windowSize = 5840       |
| 8 int |     | | | | |K|H| | | |                               |
+-+-+-+-+-+-+-+-+-+-+-+-+-+-+-+-+-+-+-+-+-+-+-+-+-+-+-+-+-+-+-+-+
|       checksum = 0xCF0E       |       urgent offset = 0       |
+-+-+-+-+-+-+-+-+-+-+-+-+-+-+-+-+-+-+-+-+-+-+-+-+-+-+-+-+-+-+-+-+
|                <TCP option data: 01 01 08 0a >                |
+-+-+-+-+-+-+-+-+-+-+-+-+-+-+-+-+-+-+-+-+-+-+-+-+-+-+-+-+-+-+-+-+
|                <TCP option data: fa 9b ab 51 >                |
+-+-+-+-+-+-+-+-+-+-+-+-+-+-+-+-+-+-+-+-+-+-+-+-+-+-+-+-+-+-+-+-+
|                <TCP option data: be a5 a7 bc >                |
+-+-+-+-+-+-+-+-+-+-+-+-+-+-+-+-+-+-+-+-+-+-+-+-+-+-+-+-+-+-+-+-+

13 4a 00 15 2a 35 90 80  fb 9c 8f 62 80 18 16 d0  .J..*5.....b....
cf 0e 00 00 01 01 08 0a  fa 9b ab 51 be a5 a7 bc  ...........Q....
51 55 49 54 0d 0a                                 QUIT..

#####################

0         1         2         3         4        
012345678901234567890123456789012345678901234567 
+-----------------------------------------------+
|            dst = 00:60:97:B9:58:7D            |
+-----------------------------------------------+
|            src = 00:C0:4F:49:D8:25            |
+-----------------------------------------------+

 0                   1                   2                   3   
 0 1 2 3 4 5 6 7 8 9 0 1 2 3 4 5 6 7 8 9 0 1 2 3 4 5 6 7 8 9 0 1 
+-+-+-+-+-+-+-+-+-+-+-+-+-+-+-+-+-+-+-+-+-+-+-+-+-+-+-+-+-+-+-+-+
| ver=4 | ihl=5 |    type=0     |           length=66           |
+-+-+-+-+-+-+-+-+-+-+-+-+-+-+-+-+-+-+-+-+-+-+-+-+-+-+-+-+-+-+-+-+
|                               | |D| |                         |
|     identification=0x2AB9     | |F| |        offset=0         |
|                               | | | |                         |
+-+-+-+-+-+-+-+-+-+-+-+-+-+-+-+-+-+-+-+-+-+-+-+-+-+-+-+-+-+-+-+-+
|    ttl=64     |    proto=6    |    checksum=0x8C44 (valid)    |
+-+-+-+-+-+-+-+-+-+-+-+-+-+-+-+-+-+-+-+-+-+-+-+-+-+-+-+-+-+-+-+-+
|                     srcIP = 192.168.1.42                      |
+-+-+-+-+-+-+-+-+-+-+-+-+-+-+-+-+-+-+-+-+-+-+-+-+-+-+-+-+-+-+-+-+
|                     dstIP = 192.168.1.62                      |
+-+-+-+-+-+-+-+-+-+-+-+-+-+-+-+-+-+-+-+-+-+-+-+-+-+-+-+-+-+-+-+-+

 0                   1                   2                   3   
 0 1 2 3 4 5 6 7 8 9 0 1 2 3 4 5 6 7 8 9 0 1 2 3 4 5 6 7 8 9 0 1 
+-+-+-+-+-+-+-+-+-+-+-+-+-+-+-+-+-+-+-+-+-+-+-+-+-+-+-+-+-+-+-+-+
|      srcPort = 21 (ftp)       |        dstPort = 4938         |
+-+-+-+-+-+-+-+-+-+-+-+-+-+-+-+-+-+-+-+-+-+-+-+-+-+-+-+-+-+-+-+-+
|                       seq = 4221341538                        |
+-+-+-+-+-+-+-+-+-+-+-+-+-+-+-+-+-+-+-+-+-+-+-+-+-+-+-+-+-+-+-+-+
|                        ack = 708153478                        |
+-+-+-+-+-+-+-+-+-+-+-+-+-+-+-+-+-+-+-+-+-+-+-+-+-+-+-+-+-+-+-+-+
|Header |     | | | | |A|P| | | |                               |
|Length:|     | | | | |C|S| | | |       windowSize = 5792       |
| 8 int |     | | | | |K|H| | | |                               |
+-+-+-+-+-+-+-+-+-+-+-+-+-+-+-+-+-+-+-+-+-+-+-+-+-+-+-+-+-+-+-+-+
|       checksum = 0x880A       |       urgent offset = 0       |
+-+-+-+-+-+-+-+-+-+-+-+-+-+-+-+-+-+-+-+-+-+-+-+-+-+-+-+-+-+-+-+-+
|                <TCP option data: 01 01 08 0a >                |
+-+-+-+-+-+-+-+-+-+-+-+-+-+-+-+-+-+-+-+-+-+-+-+-+-+-+-+-+-+-+-+-+
|                <TCP option data: be a5 a7 be >                |
+-+-+-+-+-+-+-+-+-+-+-+-+-+-+-+-+-+-+-+-+-+-+-+-+-+-+-+-+-+-+-+-+
|                <TCP option data: fa 9b ab 51 >                |
+-+-+-+-+-+-+-+-+-+-+-+-+-+-+-+-+-+-+-+-+-+-+-+-+-+-+-+-+-+-+-+-+

00 15 13 4a fb 9c 8f 62  2a 35 90 86 80 18 16 a0  ...J...b*5......
88 0a 00 00 01 01 08 0a  be a5 a7 be fa 9b ab 51  ...............Q
32 32 31 20 47 6f 6f 64  62 79 65 2e 0d 0a        221 Goodbye...

#####################

0         1         2         3         4        
012345678901234567890123456789012345678901234567 
+-----------------------------------------------+
|            dst = 00:C0:4F:49:D8:25            |
+-----------------------------------------------+
|            src = 00:60:97:B9:58:7D            |
+-----------------------------------------------+

 0                   1                   2                   3   
 0 1 2 3 4 5 6 7 8 9 0 1 2 3 4 5 6 7 8 9 0 1 2 3 4 5 6 7 8 9 0 1 
+-+-+-+-+-+-+-+-+-+-+-+-+-+-+-+-+-+-+-+-+-+-+-+-+-+-+-+-+-+-+-+-+
| ver=4 | ihl=5 |    type=16    |           length=52           |
+-+-+-+-+-+-+-+-+-+-+-+-+-+-+-+-+-+-+-+-+-+-+-+-+-+-+-+-+-+-+-+-+
|                               | |D| |                         |
|     identification=0x3AEA     | |F| |        offset=0         |
|                               | | | |                         |
+-+-+-+-+-+-+-+-+-+-+-+-+-+-+-+-+-+-+-+-+-+-+-+-+-+-+-+-+-+-+-+-+
|    ttl=64     |    proto=6    |    checksum=0x7C11 (valid)    |
+-+-+-+-+-+-+-+-+-+-+-+-+-+-+-+-+-+-+-+-+-+-+-+-+-+-+-+-+-+-+-+-+
|                     srcIP = 192.168.1.62                      |
+-+-+-+-+-+-+-+-+-+-+-+-+-+-+-+-+-+-+-+-+-+-+-+-+-+-+-+-+-+-+-+-+
|                     dstIP = 192.168.1.42                      |
+-+-+-+-+-+-+-+-+-+-+-+-+-+-+-+-+-+-+-+-+-+-+-+-+-+-+-+-+-+-+-+-+

 0                   1                   2                   3   
 0 1 2 3 4 5 6 7 8 9 0 1 2 3 4 5 6 7 8 9 0 1 2 3 4 5 6 7 8 9 0 1 
+-+-+-+-+-+-+-+-+-+-+-+-+-+-+-+-+-+-+-+-+-+-+-+-+-+-+-+-+-+-+-+-+
|        srcPort = 4938         |      dstPort = 21 (ftp)       |
+-+-+-+-+-+-+-+-+-+-+-+-+-+-+-+-+-+-+-+-+-+-+-+-+-+-+-+-+-+-+-+-+
|                        seq = 708153478                        |
+-+-+-+-+-+-+-+-+-+-+-+-+-+-+-+-+-+-+-+-+-+-+-+-+-+-+-+-+-+-+-+-+
|                       ack = 4221341552                        |
+-+-+-+-+-+-+-+-+-+-+-+-+-+-+-+-+-+-+-+-+-+-+-+-+-+-+-+-+-+-+-+-+
|Header |     | | | | |A| | | |F|                               |
|Length:|     | | | | |C| | | |I|       windowSize = 5840       |
| 8 int |     | | | | |K| | | |N|                               |
+-+-+-+-+-+-+-+-+-+-+-+-+-+-+-+-+-+-+-+-+-+-+-+-+-+-+-+-+-+-+-+-+
|       checksum = 0x76B8       |       urgent offset = 0       |
+-+-+-+-+-+-+-+-+-+-+-+-+-+-+-+-+-+-+-+-+-+-+-+-+-+-+-+-+-+-+-+-+
|                <TCP option data: 01 01 08 0a >                |
+-+-+-+-+-+-+-+-+-+-+-+-+-+-+-+-+-+-+-+-+-+-+-+-+-+-+-+-+-+-+-+-+
|                <TCP option data: fa 9b ab 52 >                |
+-+-+-+-+-+-+-+-+-+-+-+-+-+-+-+-+-+-+-+-+-+-+-+-+-+-+-+-+-+-+-+-+
|                <TCP option data: be a5 a7 be >                |
+-+-+-+-+-+-+-+-+-+-+-+-+-+-+-+-+-+-+-+-+-+-+-+-+-+-+-+-+-+-+-+-+

#####################

0         1         2         3         4        
012345678901234567890123456789012345678901234567 
+-----------------------------------------------+
|            dst = 00:60:97:B9:58:7D            |
+-----------------------------------------------+
|            src = 00:C0:4F:49:D8:25            |
+-----------------------------------------------+

 0                   1                   2                   3   
 0 1 2 3 4 5 6 7 8 9 0 1 2 3 4 5 6 7 8 9 0 1 2 3 4 5 6 7 8 9 0 1 
+-+-+-+-+-+-+-+-+-+-+-+-+-+-+-+-+-+-+-+-+-+-+-+-+-+-+-+-+-+-+-+-+
| ver=4 | ihl=5 |    type=0     |           length=52           |
+-+-+-+-+-+-+-+-+-+-+-+-+-+-+-+-+-+-+-+-+-+-+-+-+-+-+-+-+-+-+-+-+
|                               | |D| |                         |
|     identification=0x2ABA     | |F| |        offset=0         |
|                               | | | |                         |
+-+-+-+-+-+-+-+-+-+-+-+-+-+-+-+-+-+-+-+-+-+-+-+-+-+-+-+-+-+-+-+-+
|    ttl=64     |    proto=6    |    checksum=0x8C51 (valid)    |
+-+-+-+-+-+-+-+-+-+-+-+-+-+-+-+-+-+-+-+-+-+-+-+-+-+-+-+-+-+-+-+-+
|                     srcIP = 192.168.1.42                      |
+-+-+-+-+-+-+-+-+-+-+-+-+-+-+-+-+-+-+-+-+-+-+-+-+-+-+-+-+-+-+-+-+
|                     dstIP = 192.168.1.62                      |
+-+-+-+-+-+-+-+-+-+-+-+-+-+-+-+-+-+-+-+-+-+-+-+-+-+-+-+-+-+-+-+-+

 0                   1                   2                   3   
 0 1 2 3 4 5 6 7 8 9 0 1 2 3 4 5 6 7 8 9 0 1 2 3 4 5 6 7 8 9 0 1 
+-+-+-+-+-+-+-+-+-+-+-+-+-+-+-+-+-+-+-+-+-+-+-+-+-+-+-+-+-+-+-+-+
|      srcPort = 21 (ftp)       |        dstPort = 4938         |
+-+-+-+-+-+-+-+-+-+-+-+-+-+-+-+-+-+-+-+-+-+-+-+-+-+-+-+-+-+-+-+-+
|                       seq = 4221341552                        |
+-+-+-+-+-+-+-+-+-+-+-+-+-+-+-+-+-+-+-+-+-+-+-+-+-+-+-+-+-+-+-+-+
|                        ack = 708153479                        |
+-+-+-+-+-+-+-+-+-+-+-+-+-+-+-+-+-+-+-+-+-+-+-+-+-+-+-+-+-+-+-+-+
|Header |     | | | | |A| | | |F|                               |
|Length:|     | | | | |C| | | |I|       windowSize = 5792       |
| 8 int |     | | | | |K| | | |N|                               |
+-+-+-+-+-+-+-+-+-+-+-+-+-+-+-+-+-+-+-+-+-+-+-+-+-+-+-+-+-+-+-+-+
|       checksum = 0x76E6       |       urgent offset = 0       |
+-+-+-+-+-+-+-+-+-+-+-+-+-+-+-+-+-+-+-+-+-+-+-+-+-+-+-+-+-+-+-+-+
|                <TCP option data: 01 01 08 0a >                |
+-+-+-+-+-+-+-+-+-+-+-+-+-+-+-+-+-+-+-+-+-+-+-+-+-+-+-+-+-+-+-+-+
|                <TCP option data: be a5 a7 bf >                |
+-+-+-+-+-+-+-+-+-+-+-+-+-+-+-+-+-+-+-+-+-+-+-+-+-+-+-+-+-+-+-+-+
|                <TCP option data: fa 9b ab 52 >                |
+-+-+-+-+-+-+-+-+-+-+-+-+-+-+-+-+-+-+-+-+-+-+-+-+-+-+-+-+-+-+-+-+

#####################

0         1         2         3         4        
012345678901234567890123456789012345678901234567 
+-----------------------------------------------+
|            dst = 00:C0:4F:49:D8:25            |
+-----------------------------------------------+
|            src = 00:60:97:B9:58:7D            |
+-----------------------------------------------+

 0                   1                   2                   3   
 0 1 2 3 4 5 6 7 8 9 0 1 2 3 4 5 6 7 8 9 0 1 2 3 4 5 6 7 8 9 0 1 
+-+-+-+-+-+-+-+-+-+-+-+-+-+-+-+-+-+-+-+-+-+-+-+-+-+-+-+-+-+-+-+-+
| ver=4 | ihl=5 |    type=16    |           length=52           |
+-+-+-+-+-+-+-+-+-+-+-+-+-+-+-+-+-+-+-+-+-+-+-+-+-+-+-+-+-+-+-+-+
|                               | |D| |                         |
|     identification=0x3AEB     | |F| |        offset=0         |
|                               | | | |                         |
+-+-+-+-+-+-+-+-+-+-+-+-+-+-+-+-+-+-+-+-+-+-+-+-+-+-+-+-+-+-+-+-+
|    ttl=64     |    proto=6    |    checksum=0x7C10 (valid)    |
+-+-+-+-+-+-+-+-+-+-+-+-+-+-+-+-+-+-+-+-+-+-+-+-+-+-+-+-+-+-+-+-+
|                     srcIP = 192.168.1.62                      |
+-+-+-+-+-+-+-+-+-+-+-+-+-+-+-+-+-+-+-+-+-+-+-+-+-+-+-+-+-+-+-+-+
|                     dstIP = 192.168.1.42                      |
+-+-+-+-+-+-+-+-+-+-+-+-+-+-+-+-+-+-+-+-+-+-+-+-+-+-+-+-+-+-+-+-+

 0                   1                   2                   3   
 0 1 2 3 4 5 6 7 8 9 0 1 2 3 4 5 6 7 8 9 0 1 2 3 4 5 6 7 8 9 0 1 
+-+-+-+-+-+-+-+-+-+-+-+-+-+-+-+-+-+-+-+-+-+-+-+-+-+-+-+-+-+-+-+-+
|        srcPort = 4938         |      dstPort = 21 (ftp)       |
+-+-+-+-+-+-+-+-+-+-+-+-+-+-+-+-+-+-+-+-+-+-+-+-+-+-+-+-+-+-+-+-+
|                        seq = 708153479                        |
+-+-+-+-+-+-+-+-+-+-+-+-+-+-+-+-+-+-+-+-+-+-+-+-+-+-+-+-+-+-+-+-+
|                       ack = 4221341553                        |
+-+-+-+-+-+-+-+-+-+-+-+-+-+-+-+-+-+-+-+-+-+-+-+-+-+-+-+-+-+-+-+-+
|Header |     | | | | |A| | | | |                               |
|Length:|     | | | | |C| | | | |       windowSize = 5840       |
| 8 int |     | | | | |K| | | | |                               |
+-+-+-+-+-+-+-+-+-+-+-+-+-+-+-+-+-+-+-+-+-+-+-+-+-+-+-+-+-+-+-+-+
|       checksum = 0x76B6       |       urgent offset = 0       |
+-+-+-+-+-+-+-+-+-+-+-+-+-+-+-+-+-+-+-+-+-+-+-+-+-+-+-+-+-+-+-+-+
|                <TCP option data: 01 01 08 0a >                |
+-+-+-+-+-+-+-+-+-+-+-+-+-+-+-+-+-+-+-+-+-+-+-+-+-+-+-+-+-+-+-+-+
|                <TCP option data: fa 9b ab 52 >                |
+-+-+-+-+-+-+-+-+-+-+-+-+-+-+-+-+-+-+-+-+-+-+-+-+-+-+-+-+-+-+-+-+
|                <TCP option data: be a5 a7 bf >                |
+-+-+-+-+-+-+-+-+-+-+-+-+-+-+-+-+-+-+-+-+-+-+-+-+-+-+-+-+-+-+-+-+