0         1         2         3         4        
012345678901234567890123456789012345678901234567 
+-----------------------------------------------+
|            dst = 00:C0:4F:8D:99:37            |
+-----------------------------------------------+
|            src = 08:00:20:AB:D4:A4            |
+-----------------------------------------------+

 0                   1                   2                   3   
 0 1 2 3 4 5 6 7 8 9 0 1 2 3 4 5 6 7 8 9 0 1 2 3 4 5 6 7 8 9 0 1 
+-+-+-+-+-+-+-+-+-+-+-+-+-+-+-+-+-+-+-+-+-+-+-+-+-+-+-+-+-+-+-+-+
| ver=4 | ihl=5 |    type=0     |           length=48           |
+-+-+-+-+-+-+-+-+-+-+-+-+-+-+-+-+-+-+-+-+-+-+-+-+-+-+-+-+-+-+-+-+
|                               | |D| |                         |
|     identification=0x33C6     | |F| |        offset=0         |
|                               | | | |                         |
+-+-+-+-+-+-+-+-+-+-+-+-+-+-+-+-+-+-+-+-+-+-+-+-+-+-+-+-+-+-+-+-+
|    ttl=64     |    proto=6    |    checksum=0x8391 (valid)    |
+-+-+-+-+-+-+-+-+-+-+-+-+-+-+-+-+-+-+-+-+-+-+-+-+-+-+-+-+-+-+-+-+
|                     srcIP = 192.168.1.22                      |
+-+-+-+-+-+-+-+-+-+-+-+-+-+-+-+-+-+-+-+-+-+-+-+-+-+-+-+-+-+-+-+-+
|                     dstIP = 192.168.1.10                      |
+-+-+-+-+-+-+-+-+-+-+-+-+-+-+-+-+-+-+-+-+-+-+-+-+-+-+-+-+-+-+-+-+

 0                   1                   2                   3   
 0 1 2 3 4 5 6 7 8 9 0 1 2 3 4 5 6 7 8 9 0 1 2 3 4 5 6 7 8 9 0 1 
+-+-+-+-+-+-+-+-+-+-+-+-+-+-+-+-+-+-+-+-+-+-+-+-+-+-+-+-+-+-+-+-+
|        srcPort = 43999        |    dstPort = 80 (www-http)    |
+-+-+-+-+-+-+-+-+-+-+-+-+-+-+-+-+-+-+-+-+-+-+-+-+-+-+-+-+-+-+-+-+
|                       seq = 2388860656                        |
+-+-+-+-+-+-+-+-+-+-+-+-+-+-+-+-+-+-+-+-+-+-+-+-+-+-+-+-+-+-+-+-+
|                            ack = 0                            |
+-+-+-+-+-+-+-+-+-+-+-+-+-+-+-+-+-+-+-+-+-+-+-+-+-+-+-+-+-+-+-+-+
|Header |     | | | | | | | |S| |                               |
|Length:|     | | | | | | | |Y| |      windowSize = 49640       |
| 7 int |     | | | | | | | |N| |                               |
+-+-+-+-+-+-+-+-+-+-+-+-+-+-+-+-+-+-+-+-+-+-+-+-+-+-+-+-+-+-+-+-+
|       checksum = 0xE442       |       urgent offset = 0       |
+-+-+-+-+-+-+-+-+-+-+-+-+-+-+-+-+-+-+-+-+-+-+-+-+-+-+-+-+-+-+-+-+
|                <TCP option data: 02 04 05 b4 >                |
+-+-+-+-+-+-+-+-+-+-+-+-+-+-+-+-+-+-+-+-+-+-+-+-+-+-+-+-+-+-+-+-+
|                <TCP option data: 01 01 04 02 >                |
+-+-+-+-+-+-+-+-+-+-+-+-+-+-+-+-+-+-+-+-+-+-+-+-+-+-+-+-+-+-+-+-+

#####################

0         1         2         3         4        
012345678901234567890123456789012345678901234567 
+-----------------------------------------------+
|            dst = 08:00:20:AB:D4:A4            |
+-----------------------------------------------+
|            src = 00:C0:4F:8D:99:37            |
+-----------------------------------------------+

 0                   1                   2                   3   
 0 1 2 3 4 5 6 7 8 9 0 1 2 3 4 5 6 7 8 9 0 1 2 3 4 5 6 7 8 9 0 1 
+-+-+-+-+-+-+-+-+-+-+-+-+-+-+-+-+-+-+-+-+-+-+-+-+-+-+-+-+-+-+-+-+
| ver=4 | ihl=5 |    type=0     |           length=48           |
+-+-+-+-+-+-+-+-+-+-+-+-+-+-+-+-+-+-+-+-+-+-+-+-+-+-+-+-+-+-+-+-+
|                               | |D| |                         |
|     identification=0x41B7     | |F| |        offset=0         |
|                               | | | |                         |
+-+-+-+-+-+-+-+-+-+-+-+-+-+-+-+-+-+-+-+-+-+-+-+-+-+-+-+-+-+-+-+-+
|    ttl=64     |    proto=6    |    checksum=0x75A0 (valid)    |
+-+-+-+-+-+-+-+-+-+-+-+-+-+-+-+-+-+-+-+-+-+-+-+-+-+-+-+-+-+-+-+-+
|                     srcIP = 192.168.1.10                      |
+-+-+-+-+-+-+-+-+-+-+-+-+-+-+-+-+-+-+-+-+-+-+-+-+-+-+-+-+-+-+-+-+
|                     dstIP = 192.168.1.22                      |
+-+-+-+-+-+-+-+-+-+-+-+-+-+-+-+-+-+-+-+-+-+-+-+-+-+-+-+-+-+-+-+-+

 0                   1                   2                   3   
 0 1 2 3 4 5 6 7 8 9 0 1 2 3 4 5 6 7 8 9 0 1 2 3 4 5 6 7 8 9 0 1 
+-+-+-+-+-+-+-+-+-+-+-+-+-+-+-+-+-+-+-+-+-+-+-+-+-+-+-+-+-+-+-+-+
|    srcPort = 80 (www-http)    |        dstPort = 43999        |
+-+-+-+-+-+-+-+-+-+-+-+-+-+-+-+-+-+-+-+-+-+-+-+-+-+-+-+-+-+-+-+-+
|                       seq = 3896578492                        |
+-+-+-+-+-+-+-+-+-+-+-+-+-+-+-+-+-+-+-+-+-+-+-+-+-+-+-+-+-+-+-+-+
|                       ack = 2388860657                        |
+-+-+-+-+-+-+-+-+-+-+-+-+-+-+-+-+-+-+-+-+-+-+-+-+-+-+-+-+-+-+-+-+
|Header |     | | | | |A| | |S| |                               |
|Length:|     | | | | |C| | |Y| |      windowSize = 16384       |
| 7 int |     | | | | |K| | |N| |                               |
+-+-+-+-+-+-+-+-+-+-+-+-+-+-+-+-+-+-+-+-+-+-+-+-+-+-+-+-+-+-+-+-+
|       checksum = 0x6C1C       |       urgent offset = 0       |
+-+-+-+-+-+-+-+-+-+-+-+-+-+-+-+-+-+-+-+-+-+-+-+-+-+-+-+-+-+-+-+-+
|                <TCP option data: 02 04 05 b4 >                |
+-+-+-+-+-+-+-+-+-+-+-+-+-+-+-+-+-+-+-+-+-+-+-+-+-+-+-+-+-+-+-+-+
|                <TCP option data: 01 01 04 02 >                |
+-+-+-+-+-+-+-+-+-+-+-+-+-+-+-+-+-+-+-+-+-+-+-+-+-+-+-+-+-+-+-+-+

#####################

0         1         2         3         4        
012345678901234567890123456789012345678901234567 
+-----------------------------------------------+
|            dst = 00:C0:4F:8D:99:37            |
+-----------------------------------------------+
|            src = 08:00:20:AB:D4:A4            |
+-----------------------------------------------+

 0                   1                   2                   3   
 0 1 2 3 4 5 6 7 8 9 0 1 2 3 4 5 6 7 8 9 0 1 2 3 4 5 6 7 8 9 0 1 
+-+-+-+-+-+-+-+-+-+-+-+-+-+-+-+-+-+-+-+-+-+-+-+-+-+-+-+-+-+-+-+-+
| ver=4 | ihl=5 |    type=0     |           length=40           |
+-+-+-+-+-+-+-+-+-+-+-+-+-+-+-+-+-+-+-+-+-+-+-+-+-+-+-+-+-+-+-+-+
|                               | |D| |                         |
|     identification=0x33C7     | |F| |        offset=0         |
|                               | | | |                         |
+-+-+-+-+-+-+-+-+-+-+-+-+-+-+-+-+-+-+-+-+-+-+-+-+-+-+-+-+-+-+-+-+
|    ttl=64     |    proto=6    |    checksum=0x8398 (valid)    |
+-+-+-+-+-+-+-+-+-+-+-+-+-+-+-+-+-+-+-+-+-+-+-+-+-+-+-+-+-+-+-+-+
|                     srcIP = 192.168.1.22                      |
+-+-+-+-+-+-+-+-+-+-+-+-+-+-+-+-+-+-+-+-+-+-+-+-+-+-+-+-+-+-+-+-+
|                     dstIP = 192.168.1.10                      |
+-+-+-+-+-+-+-+-+-+-+-+-+-+-+-+-+-+-+-+-+-+-+-+-+-+-+-+-+-+-+-+-+

 0                   1                   2                   3   
 0 1 2 3 4 5 6 7 8 9 0 1 2 3 4 5 6 7 8 9 0 1 2 3 4 5 6 7 8 9 0 1 
+-+-+-+-+-+-+-+-+-+-+-+-+-+-+-+-+-+-+-+-+-+-+-+-+-+-+-+-+-+-+-+-+
|        srcPort = 43999        |    dstPort = 80 (www-http)    |
+-+-+-+-+-+-+-+-+-+-+-+-+-+-+-+-+-+-+-+-+-+-+-+-+-+-+-+-+-+-+-+-+
|                       seq = 2388860657                        |
+-+-+-+-+-+-+-+-+-+-+-+-+-+-+-+-+-+-+-+-+-+-+-+-+-+-+-+-+-+-+-+-+
|                       ack = 3896578493                        |
+-+-+-+-+-+-+-+-+-+-+-+-+-+-+-+-+-+-+-+-+-+-+-+-+-+-+-+-+-+-+-+-+
|Header |     | | | | |A| | | | |                               |
|Length:|     | | | | |C| | | | |      windowSize = 49640       |
| 5 int |     | | | | |K| | | | |                               |
+-+-+-+-+-+-+-+-+-+-+-+-+-+-+-+-+-+-+-+-+-+-+-+-+-+-+-+-+-+-+-+-+
|       checksum = 0x16F8       |       urgent offset = 0       |
+-+-+-+-+-+-+-+-+-+-+-+-+-+-+-+-+-+-+-+-+-+-+-+-+-+-+-+-+-+-+-+-+

ab df 00 50 8e 63 1e f1  e8 41 11 bd 50 10 c1 e8  ...P.c...A..P...
16 f8 00 00 55 55 55 55  55 55                    ....UUUUUU

#####################

0         1         2         3         4        
012345678901234567890123456789012345678901234567 
+-----------------------------------------------+
|            dst = 00:C0:4F:8D:99:37            |
+-----------------------------------------------+
|            src = 08:00:20:AB:D4:A4            |
+-----------------------------------------------+

 0                   1                   2                   3   
 0 1 2 3 4 5 6 7 8 9 0 1 2 3 4 5 6 7 8 9 0 1 2 3 4 5 6 7 8 9 0 1 
+-+-+-+-+-+-+-+-+-+-+-+-+-+-+-+-+-+-+-+-+-+-+-+-+-+-+-+-+-+-+-+-+
| ver=4 | ihl=5 |    type=0     |           length=63           |
+-+-+-+-+-+-+-+-+-+-+-+-+-+-+-+-+-+-+-+-+-+-+-+-+-+-+-+-+-+-+-+-+
|                               | |D| |                         |
|     identification=0x33C8     | |F| |        offset=0         |
|                               | | | |                         |
+-+-+-+-+-+-+-+-+-+-+-+-+-+-+-+-+-+-+-+-+-+-+-+-+-+-+-+-+-+-+-+-+
|    ttl=64     |    proto=6    |    checksum=0x8380 (valid)    |
+-+-+-+-+-+-+-+-+-+-+-+-+-+-+-+-+-+-+-+-+-+-+-+-+-+-+-+-+-+-+-+-+
|                     srcIP = 192.168.1.22                      |
+-+-+-+-+-+-+-+-+-+-+-+-+-+-+-+-+-+-+-+-+-+-+-+-+-+-+-+-+-+-+-+-+
|                     dstIP = 192.168.1.10                      |
+-+-+-+-+-+-+-+-+-+-+-+-+-+-+-+-+-+-+-+-+-+-+-+-+-+-+-+-+-+-+-+-+

 0                   1                   2                   3   
 0 1 2 3 4 5 6 7 8 9 0 1 2 3 4 5 6 7 8 9 0 1 2 3 4 5 6 7 8 9 0 1 
+-+-+-+-+-+-+-+-+-+-+-+-+-+-+-+-+-+-+-+-+-+-+-+-+-+-+-+-+-+-+-+-+
|        srcPort = 43999        |    dstPort = 80 (www-http)    |
+-+-+-+-+-+-+-+-+-+-+-+-+-+-+-+-+-+-+-+-+-+-+-+-+-+-+-+-+-+-+-+-+
|                       seq = 2388860657                        |
+-+-+-+-+-+-+-+-+-+-+-+-+-+-+-+-+-+-+-+-+-+-+-+-+-+-+-+-+-+-+-+-+
|                       ack = 3896578493                        |
+-+-+-+-+-+-+-+-+-+-+-+-+-+-+-+-+-+-+-+-+-+-+-+-+-+-+-+-+-+-+-+-+
|Header |     | | | | |A|P| | | |                               |
|Length:|     | | | | |C|S| | | |      windowSize = 49640       |
| 5 int |     | | | | |K|H| | | |                               |
+-+-+-+-+-+-+-+-+-+-+-+-+-+-+-+-+-+-+-+-+-+-+-+-+-+-+-+-+-+-+-+-+
|       checksum = 0x4169       |       urgent offset = 0       |
+-+-+-+-+-+-+-+-+-+-+-+-+-+-+-+-+-+-+-+-+-+-+-+-+-+-+-+-+-+-+-+-+

ab df 00 50 8e 63 1e f1  e8 41 11 bd 50 18 c1 e8  ...P.c...A..P...
41 69 00 00 47 45 54 20  2f 63 73 37 34 39 33 2f  Ai..GET /cs7493/
20 48 54 54 50 2f 31 2e  30 0d 0a                  HTTP/1.0..

#####################

0         1         2         3         4        
012345678901234567890123456789012345678901234567 
+-----------------------------------------------+
|            dst = 08:00:20:AB:D4:A4            |
+-----------------------------------------------+
|            src = 00:C0:4F:8D:99:37            |
+-----------------------------------------------+

 0                   1                   2                   3   
 0 1 2 3 4 5 6 7 8 9 0 1 2 3 4 5 6 7 8 9 0 1 2 3 4 5 6 7 8 9 0 1 
+-+-+-+-+-+-+-+-+-+-+-+-+-+-+-+-+-+-+-+-+-+-+-+-+-+-+-+-+-+-+-+-+
| ver=4 | ihl=5 |    type=0     |           length=40           |
+-+-+-+-+-+-+-+-+-+-+-+-+-+-+-+-+-+-+-+-+-+-+-+-+-+-+-+-+-+-+-+-+
|                               | |D| |                         |
|     identification=0x1CE3     | |F| |        offset=0         |
|                               | | | |                         |
+-+-+-+-+-+-+-+-+-+-+-+-+-+-+-+-+-+-+-+-+-+-+-+-+-+-+-+-+-+-+-+-+
|    ttl=64     |    proto=6    |    checksum=0x9A7C (valid)    |
+-+-+-+-+-+-+-+-+-+-+-+-+-+-+-+-+-+-+-+-+-+-+-+-+-+-+-+-+-+-+-+-+
|                     srcIP = 192.168.1.10                      |
+-+-+-+-+-+-+-+-+-+-+-+-+-+-+-+-+-+-+-+-+-+-+-+-+-+-+-+-+-+-+-+-+
|                     dstIP = 192.168.1.22                      |
+-+-+-+-+-+-+-+-+-+-+-+-+-+-+-+-+-+-+-+-+-+-+-+-+-+-+-+-+-+-+-+-+

 0                   1                   2                   3   
 0 1 2 3 4 5 6 7 8 9 0 1 2 3 4 5 6 7 8 9 0 1 2 3 4 5 6 7 8 9 0 1 
+-+-+-+-+-+-+-+-+-+-+-+-+-+-+-+-+-+-+-+-+-+-+-+-+-+-+-+-+-+-+-+-+
|    srcPort = 80 (www-http)    |        dstPort = 43999        |
+-+-+-+-+-+-+-+-+-+-+-+-+-+-+-+-+-+-+-+-+-+-+-+-+-+-+-+-+-+-+-+-+
|                       seq = 3896578493                        |
+-+-+-+-+-+-+-+-+-+-+-+-+-+-+-+-+-+-+-+-+-+-+-+-+-+-+-+-+-+-+-+-+
|                       ack = 2388860680                        |
+-+-+-+-+-+-+-+-+-+-+-+-+-+-+-+-+-+-+-+-+-+-+-+-+-+-+-+-+-+-+-+-+
|Header |     | | | | |A| | | | |                               |
|Length:|     | | | | |C| | | | |      windowSize = 17520       |
| 5 int |     | | | | |K| | | | |                               |
+-+-+-+-+-+-+-+-+-+-+-+-+-+-+-+-+-+-+-+-+-+-+-+-+-+-+-+-+-+-+-+-+
|       checksum = 0x9459       |       urgent offset = 0       |
+-+-+-+-+-+-+-+-+-+-+-+-+-+-+-+-+-+-+-+-+-+-+-+-+-+-+-+-+-+-+-+-+

00 50 ab df e8 41 11 bd  8e 63 1f 08 50 10 44 70  .P...A...c..P.Dp
94 59 00 00 00 00 00 00  00 00                    .Y........

#####################

0         1         2         3         4        
012345678901234567890123456789012345678901234567 
+-----------------------------------------------+
|            dst = 00:C0:4F:8D:99:37            |
+-----------------------------------------------+
|            src = 08:00:20:AB:D4:A4            |
+-----------------------------------------------+

 0                   1                   2                   3   
 0 1 2 3 4 5 6 7 8 9 0 1 2 3 4 5 6 7 8 9 0 1 2 3 4 5 6 7 8 9 0 1 
+-+-+-+-+-+-+-+-+-+-+-+-+-+-+-+-+-+-+-+-+-+-+-+-+-+-+-+-+-+-+-+-+
| ver=4 | ihl=5 |    type=0     |           length=46           |
+-+-+-+-+-+-+-+-+-+-+-+-+-+-+-+-+-+-+-+-+-+-+-+-+-+-+-+-+-+-+-+-+
|                               | |D| |                         |
|     identification=0x33C9     | |F| |        offset=0         |
|                               | | | |                         |
+-+-+-+-+-+-+-+-+-+-+-+-+-+-+-+-+-+-+-+-+-+-+-+-+-+-+-+-+-+-+-+-+
|    ttl=64     |    proto=6    |    checksum=0x8390 (valid)    |
+-+-+-+-+-+-+-+-+-+-+-+-+-+-+-+-+-+-+-+-+-+-+-+-+-+-+-+-+-+-+-+-+
|                     srcIP = 192.168.1.22                      |
+-+-+-+-+-+-+-+-+-+-+-+-+-+-+-+-+-+-+-+-+-+-+-+-+-+-+-+-+-+-+-+-+
|                     dstIP = 192.168.1.10                      |
+-+-+-+-+-+-+-+-+-+-+-+-+-+-+-+-+-+-+-+-+-+-+-+-+-+-+-+-+-+-+-+-+

 0                   1                   2                   3   
 0 1 2 3 4 5 6 7 8 9 0 1 2 3 4 5 6 7 8 9 0 1 2 3 4 5 6 7 8 9 0 1 
+-+-+-+-+-+-+-+-+-+-+-+-+-+-+-+-+-+-+-+-+-+-+-+-+-+-+-+-+-+-+-+-+
|        srcPort = 43999        |    dstPort = 80 (www-http)    |
+-+-+-+-+-+-+-+-+-+-+-+-+-+-+-+-+-+-+-+-+-+-+-+-+-+-+-+-+-+-+-+-+
|                       seq = 2388860680                        |
+-+-+-+-+-+-+-+-+-+-+-+-+-+-+-+-+-+-+-+-+-+-+-+-+-+-+-+-+-+-+-+-+
|                       ack = 3896578493                        |
+-+-+-+-+-+-+-+-+-+-+-+-+-+-+-+-+-+-+-+-+-+-+-+-+-+-+-+-+-+-+-+-+
|Header |     | | | | |A|P| | | |                               |
|Length:|     | | | | |C|S| | | |      windowSize = 49640       |
| 5 int |     | | | | |K|H| | | |                               |
+-+-+-+-+-+-+-+-+-+-+-+-+-+-+-+-+-+-+-+-+-+-+-+-+-+-+-+-+-+-+-+-+
|       checksum = 0xEFB4       |       urgent offset = 0       |
+-+-+-+-+-+-+-+-+-+-+-+-+-+-+-+-+-+-+-+-+-+-+-+-+-+-+-+-+-+-+-+-+

ab df 00 50 8e 63 1f 08  e8 41 11 bd 50 18 c1 e8  ...P.c...A..P...
ef b4 00 00 0d 0a 0d 0a  0d 0a                    ..........

#####################

0         1         2         3         4        
012345678901234567890123456789012345678901234567 
+-----------------------------------------------+
|            dst = 08:00:20:AB:D4:A4            |
+-----------------------------------------------+
|            src = 00:C0:4F:8D:99:37            |
+-----------------------------------------------+

 0                   1                   2                   3   
 0 1 2 3 4 5 6 7 8 9 0 1 2 3 4 5 6 7 8 9 0 1 2 3 4 5 6 7 8 9 0 1 
+-+-+-+-+-+-+-+-+-+-+-+-+-+-+-+-+-+-+-+-+-+-+-+-+-+-+-+-+-+-+-+-+
| ver=4 | ihl=5 |    type=0     |          length=407           |
+-+-+-+-+-+-+-+-+-+-+-+-+-+-+-+-+-+-+-+-+-+-+-+-+-+-+-+-+-+-+-+-+
|                               | |D| |                         |
|     identification=0x544B     | |F| |        offset=0         |
|                               | | | |                         |
+-+-+-+-+-+-+-+-+-+-+-+-+-+-+-+-+-+-+-+-+-+-+-+-+-+-+-+-+-+-+-+-+
|    ttl=64     |    proto=6    |    checksum=0x61A5 (valid)    |
+-+-+-+-+-+-+-+-+-+-+-+-+-+-+-+-+-+-+-+-+-+-+-+-+-+-+-+-+-+-+-+-+
|                     srcIP = 192.168.1.10                      |
+-+-+-+-+-+-+-+-+-+-+-+-+-+-+-+-+-+-+-+-+-+-+-+-+-+-+-+-+-+-+-+-+
|                     dstIP = 192.168.1.22                      |
+-+-+-+-+-+-+-+-+-+-+-+-+-+-+-+-+-+-+-+-+-+-+-+-+-+-+-+-+-+-+-+-+

 0                   1                   2                   3   
 0 1 2 3 4 5 6 7 8 9 0 1 2 3 4 5 6 7 8 9 0 1 2 3 4 5 6 7 8 9 0 1 
+-+-+-+-+-+-+-+-+-+-+-+-+-+-+-+-+-+-+-+-+-+-+-+-+-+-+-+-+-+-+-+-+
|    srcPort = 80 (www-http)    |        dstPort = 43999        |
+-+-+-+-+-+-+-+-+-+-+-+-+-+-+-+-+-+-+-+-+-+-+-+-+-+-+-+-+-+-+-+-+
|                       seq = 3896578493                        |
+-+-+-+-+-+-+-+-+-+-+-+-+-+-+-+-+-+-+-+-+-+-+-+-+-+-+-+-+-+-+-+-+
|                       ack = 2388860686                        |
+-+-+-+-+-+-+-+-+-+-+-+-+-+-+-+-+-+-+-+-+-+-+-+-+-+-+-+-+-+-+-+-+
|Header |     | | | | |A|P| | | |                               |
|Length:|     | | | | |C|S| | | |      windowSize = 17520       |
| 5 int |     | | | | |K|H| | | |                               |
+-+-+-+-+-+-+-+-+-+-+-+-+-+-+-+-+-+-+-+-+-+-+-+-+-+-+-+-+-+-+-+-+
|       checksum = 0x59F2       |       urgent offset = 0       |
+-+-+-+-+-+-+-+-+-+-+-+-+-+-+-+-+-+-+-+-+-+-+-+-+-+-+-+-+-+-+-+-+

00 50 ab df e8 41 11 bd  8e 63 1f 0e 50 18 44 70  .P...A...c..P.Dp
59 f2 00 00 48 54 54 50  2f 31 2e 31 20 32 30 30  Y...HTTP/1.1 200
20 4f 4b 0d 0a 44 61 74  65 3a 20 57 65 64 2c 20   OK..Date: Wed, 
31 39 20 4a 61 6e 20 32  30 30 35 20 31 31 3a 35  19 Jan 2005 11:5
32 3a 35 36 20 47 4d 54  0d 0a 53 65 72 76 65 72  2:56 GMT..Server
3a 20 41 70 61 63 68 65  2f 31 2e 33 2e 32 39 20  : Apache/1.3.29 
28 55 6e 69 78 29 20 6d  6f 64 5f 73 73 6c 2f 32  (Unix) mod_ssl/2
2e 38 2e 31 36 20 4f 70  65 6e 53 53 4c 2f 30 2e  .8.16 OpenSSL/0.
39 2e 37 63 0d 0a 4c 61  73 74 2d 4d 6f 64 69 66  9.7c..Last-Modif
69 65 64 3a 20 57 65 64  2c 20 32 37 20 4f 63 74  ied: Wed, 27 Oct
20 32 30 30 34 20 31 34  3a 31 34 3a 34 34 20 47   2004 14:14:44 G
4d 54 0d 0a 45 54 61 67  3a 20 22 33 30 35 39 34  MT..ETag: "30594
35 35 66 36 64 32 32 36  36 38 62 36 38 62 64 37  55f6d22668b68bd7
33 33 35 38 39 66 31 65  66 64 30 39 37 38 65 36  33589f1efd0978e6
63 38 30 22 0d 0a 41 63  63 65 70 74 2d 52 61 6e  c80"..Accept-Ran
67 65 73 3a 20 62 79 74  65 73 0d 0a 43 6f 6e 74  ges: bytes..Cont
65 6e 74 2d 4c 65 6e 67  74 68 3a 20 36 39 0d 0a  ent-Length: 69..
43 6f 6e 6e 65 63 74 69  6f 6e 3a 20 63 6c 6f 73  Connection: clos
65 0d 0a 43 6f 6e 74 65  6e 74 2d 54 79 70 65 3a  e..Content-Type:
20 74 65 78 74 2f 68 74  6d 6c 0d 0a 0d 0a 3c 68   text/html....<h
74 6d 6c 3e 0a 3c 62 6f  64 79 3e 68 65 79 2c 20  tml>.<body>hey, 
43 6f 6e 67 72 61 74 73  2c 20 79 6f 75 27 76 65  Congrats, you've
20 66 6f 75 6e 64 20 6f  75 72 20 77 65 62 20 70   found our web p
61 67 65 21 3c 2f 62 6f  64 79 3e 3c 2f 68 74 6d  age!</body></htm
6c 3e 0a                                          l>.

#####################

0         1         2         3         4        
012345678901234567890123456789012345678901234567 
+-----------------------------------------------+
|            dst = 08:00:20:AB:D4:A4            |
+-----------------------------------------------+
|            src = 00:C0:4F:8D:99:37            |
+-----------------------------------------------+

 0                   1                   2                   3   
 0 1 2 3 4 5 6 7 8 9 0 1 2 3 4 5 6 7 8 9 0 1 2 3 4 5 6 7 8 9 0 1 
+-+-+-+-+-+-+-+-+-+-+-+-+-+-+-+-+-+-+-+-+-+-+-+-+-+-+-+-+-+-+-+-+
| ver=4 | ihl=5 |    type=0     |           length=40           |
+-+-+-+-+-+-+-+-+-+-+-+-+-+-+-+-+-+-+-+-+-+-+-+-+-+-+-+-+-+-+-+-+
|                               | |D| |                         |
|     identification=0x6905     | |F| |        offset=0         |
|                               | | | |                         |
+-+-+-+-+-+-+-+-+-+-+-+-+-+-+-+-+-+-+-+-+-+-+-+-+-+-+-+-+-+-+-+-+
|    ttl=64     |    proto=6    |    checksum=0x4E5A (valid)    |
+-+-+-+-+-+-+-+-+-+-+-+-+-+-+-+-+-+-+-+-+-+-+-+-+-+-+-+-+-+-+-+-+
|                     srcIP = 192.168.1.10                      |
+-+-+-+-+-+-+-+-+-+-+-+-+-+-+-+-+-+-+-+-+-+-+-+-+-+-+-+-+-+-+-+-+
|                     dstIP = 192.168.1.22                      |
+-+-+-+-+-+-+-+-+-+-+-+-+-+-+-+-+-+-+-+-+-+-+-+-+-+-+-+-+-+-+-+-+

 0                   1                   2                   3   
 0 1 2 3 4 5 6 7 8 9 0 1 2 3 4 5 6 7 8 9 0 1 2 3 4 5 6 7 8 9 0 1 
+-+-+-+-+-+-+-+-+-+-+-+-+-+-+-+-+-+-+-+-+-+-+-+-+-+-+-+-+-+-+-+-+
|    srcPort = 80 (www-http)    |        dstPort = 43999        |
+-+-+-+-+-+-+-+-+-+-+-+-+-+-+-+-+-+-+-+-+-+-+-+-+-+-+-+-+-+-+-+-+
|                       seq = 3896578860                        |
+-+-+-+-+-+-+-+-+-+-+-+-+-+-+-+-+-+-+-+-+-+-+-+-+-+-+-+-+-+-+-+-+
|                       ack = 2388860686                        |
+-+-+-+-+-+-+-+-+-+-+-+-+-+-+-+-+-+-+-+-+-+-+-+-+-+-+-+-+-+-+-+-+
|Header |     | | | | |A| | | |F|                               |
|Length:|     | | | | |C| | | |I|      windowSize = 17520       |
| 5 int |     | | | | |K| | | |N|                               |
+-+-+-+-+-+-+-+-+-+-+-+-+-+-+-+-+-+-+-+-+-+-+-+-+-+-+-+-+-+-+-+-+
|       checksum = 0x92E3       |       urgent offset = 0       |
+-+-+-+-+-+-+-+-+-+-+-+-+-+-+-+-+-+-+-+-+-+-+-+-+-+-+-+-+-+-+-+-+

00 50 ab df e8 41 13 2c  8e 63 1f 0e 50 11 44 70  .P...A.,.c..P.Dp
92 e3 00 00 00 00 00 00  00 00                    ..........

#####################

0         1         2         3         4        
012345678901234567890123456789012345678901234567 
+-----------------------------------------------+
|            dst = 00:C0:4F:8D:99:37            |
+-----------------------------------------------+
|            src = 08:00:20:AB:D4:A4            |
+-----------------------------------------------+

 0                   1                   2                   3   
 0 1 2 3 4 5 6 7 8 9 0 1 2 3 4 5 6 7 8 9 0 1 2 3 4 5 6 7 8 9 0 1 
+-+-+-+-+-+-+-+-+-+-+-+-+-+-+-+-+-+-+-+-+-+-+-+-+-+-+-+-+-+-+-+-+
| ver=4 | ihl=5 |    type=0     |           length=40           |
+-+-+-+-+-+-+-+-+-+-+-+-+-+-+-+-+-+-+-+-+-+-+-+-+-+-+-+-+-+-+-+-+
|                               | |D| |                         |
|     identification=0x33CA     | |F| |        offset=0         |
|                               | | | |                         |
+-+-+-+-+-+-+-+-+-+-+-+-+-+-+-+-+-+-+-+-+-+-+-+-+-+-+-+-+-+-+-+-+
|    ttl=64     |    proto=6    |    checksum=0x8395 (valid)    |
+-+-+-+-+-+-+-+-+-+-+-+-+-+-+-+-+-+-+-+-+-+-+-+-+-+-+-+-+-+-+-+-+
|                     srcIP = 192.168.1.22                      |
+-+-+-+-+-+-+-+-+-+-+-+-+-+-+-+-+-+-+-+-+-+-+-+-+-+-+-+-+-+-+-+-+
|                     dstIP = 192.168.1.10                      |
+-+-+-+-+-+-+-+-+-+-+-+-+-+-+-+-+-+-+-+-+-+-+-+-+-+-+-+-+-+-+-+-+

 0                   1                   2                   3   
 0 1 2 3 4 5 6 7 8 9 0 1 2 3 4 5 6 7 8 9 0 1 2 3 4 5 6 7 8 9 0 1 
+-+-+-+-+-+-+-+-+-+-+-+-+-+-+-+-+-+-+-+-+-+-+-+-+-+-+-+-+-+-+-+-+
|        srcPort = 43999        |    dstPort = 80 (www-http)    |
+-+-+-+-+-+-+-+-+-+-+-+-+-+-+-+-+-+-+-+-+-+-+-+-+-+-+-+-+-+-+-+-+
|                       seq = 2388860686                        |
+-+-+-+-+-+-+-+-+-+-+-+-+-+-+-+-+-+-+-+-+-+-+-+-+-+-+-+-+-+-+-+-+
|                       ack = 3896578860                        |
+-+-+-+-+-+-+-+-+-+-+-+-+-+-+-+-+-+-+-+-+-+-+-+-+-+-+-+-+-+-+-+-+
|Header |     | | | | |A| | | | |                               |
|Length:|     | | | | |C| | | | |      windowSize = 49273       |
| 5 int |     | | | | |K| | | | |                               |
+-+-+-+-+-+-+-+-+-+-+-+-+-+-+-+-+-+-+-+-+-+-+-+-+-+-+-+-+-+-+-+-+
|       checksum = 0x16DB       |       urgent offset = 0       |
+-+-+-+-+-+-+-+-+-+-+-+-+-+-+-+-+-+-+-+-+-+-+-+-+-+-+-+-+-+-+-+-+

ab df 00 50 8e 63 1f 0e  e8 41 13 2c 50 10 c0 79  ...P.c...A.,P..y
16 db 00 00 55 55 55 55  55 55                    ....UUUUUU

#####################

0         1         2         3         4        
012345678901234567890123456789012345678901234567 
+-----------------------------------------------+
|            dst = 00:C0:4F:8D:99:37            |
+-----------------------------------------------+
|            src = 08:00:20:AB:D4:A4            |
+-----------------------------------------------+

 0                   1                   2                   3   
 0 1 2 3 4 5 6 7 8 9 0 1 2 3 4 5 6 7 8 9 0 1 2 3 4 5 6 7 8 9 0 1 
+-+-+-+-+-+-+-+-+-+-+-+-+-+-+-+-+-+-+-+-+-+-+-+-+-+-+-+-+-+-+-+-+
| ver=4 | ihl=5 |    type=0     |           length=40           |
+-+-+-+-+-+-+-+-+-+-+-+-+-+-+-+-+-+-+-+-+-+-+-+-+-+-+-+-+-+-+-+-+
|                               | |D| |                         |
|     identification=0x33CB     | |F| |        offset=0         |
|                               | | | |                         |
+-+-+-+-+-+-+-+-+-+-+-+-+-+-+-+-+-+-+-+-+-+-+-+-+-+-+-+-+-+-+-+-+
|    ttl=64     |    proto=6    |    checksum=0x8394 (valid)    |
+-+-+-+-+-+-+-+-+-+-+-+-+-+-+-+-+-+-+-+-+-+-+-+-+-+-+-+-+-+-+-+-+
|                     srcIP = 192.168.1.22                      |
+-+-+-+-+-+-+-+-+-+-+-+-+-+-+-+-+-+-+-+-+-+-+-+-+-+-+-+-+-+-+-+-+
|                     dstIP = 192.168.1.10                      |
+-+-+-+-+-+-+-+-+-+-+-+-+-+-+-+-+-+-+-+-+-+-+-+-+-+-+-+-+-+-+-+-+

 0                   1                   2                   3   
 0 1 2 3 4 5 6 7 8 9 0 1 2 3 4 5 6 7 8 9 0 1 2 3 4 5 6 7 8 9 0 1 
+-+-+-+-+-+-+-+-+-+-+-+-+-+-+-+-+-+-+-+-+-+-+-+-+-+-+-+-+-+-+-+-+
|        srcPort = 43999        |    dstPort = 80 (www-http)    |
+-+-+-+-+-+-+-+-+-+-+-+-+-+-+-+-+-+-+-+-+-+-+-+-+-+-+-+-+-+-+-+-+
|                       seq = 2388860686                        |
+-+-+-+-+-+-+-+-+-+-+-+-+-+-+-+-+-+-+-+-+-+-+-+-+-+-+-+-+-+-+-+-+
|                       ack = 3896578861                        |
+-+-+-+-+-+-+-+-+-+-+-+-+-+-+-+-+-+-+-+-+-+-+-+-+-+-+-+-+-+-+-+-+
|Header |     | | | | |A| | | | |                               |
|Length:|     | | | | |C| | | | |      windowSize = 49273       |
| 5 int |     | | | | |K| | | | |                               |
+-+-+-+-+-+-+-+-+-+-+-+-+-+-+-+-+-+-+-+-+-+-+-+-+-+-+-+-+-+-+-+-+
|       checksum = 0x16DA       |       urgent offset = 0       |
+-+-+-+-+-+-+-+-+-+-+-+-+-+-+-+-+-+-+-+-+-+-+-+-+-+-+-+-+-+-+-+-+

ab df 00 50 8e 63 1f 0e  e8 41 13 2d 50 10 c0 79  ...P.c...A.-P..y
16 da 00 00 55 55 55 55  55 55                    ....UUUUUU

#####################

0         1         2         3         4        
012345678901234567890123456789012345678901234567 
+-----------------------------------------------+
|            dst = 00:C0:4F:8D:99:37            |
+-----------------------------------------------+
|            src = 08:00:20:AB:D4:A4            |
+-----------------------------------------------+

 0                   1                   2                   3   
 0 1 2 3 4 5 6 7 8 9 0 1 2 3 4 5 6 7 8 9 0 1 2 3 4 5 6 7 8 9 0 1 
+-+-+-+-+-+-+-+-+-+-+-+-+-+-+-+-+-+-+-+-+-+-+-+-+-+-+-+-+-+-+-+-+
| ver=4 | ihl=5 |    type=0     |           length=40           |
+-+-+-+-+-+-+-+-+-+-+-+-+-+-+-+-+-+-+-+-+-+-+-+-+-+-+-+-+-+-+-+-+
|                               | |D| |                         |
|     identification=0x33CC     | |F| |        offset=0         |
|                               | | | |                         |
+-+-+-+-+-+-+-+-+-+-+-+-+-+-+-+-+-+-+-+-+-+-+-+-+-+-+-+-+-+-+-+-+
|    ttl=64     |    proto=6    |    checksum=0x8393 (valid)    |
+-+-+-+-+-+-+-+-+-+-+-+-+-+-+-+-+-+-+-+-+-+-+-+-+-+-+-+-+-+-+-+-+
|                     srcIP = 192.168.1.22                      |
+-+-+-+-+-+-+-+-+-+-+-+-+-+-+-+-+-+-+-+-+-+-+-+-+-+-+-+-+-+-+-+-+
|                     dstIP = 192.168.1.10                      |
+-+-+-+-+-+-+-+-+-+-+-+-+-+-+-+-+-+-+-+-+-+-+-+-+-+-+-+-+-+-+-+-+

 0                   1                   2                   3   
 0 1 2 3 4 5 6 7 8 9 0 1 2 3 4 5 6 7 8 9 0 1 2 3 4 5 6 7 8 9 0 1 
+-+-+-+-+-+-+-+-+-+-+-+-+-+-+-+-+-+-+-+-+-+-+-+-+-+-+-+-+-+-+-+-+
|        srcPort = 43999        |    dstPort = 80 (www-http)    |
+-+-+-+-+-+-+-+-+-+-+-+-+-+-+-+-+-+-+-+-+-+-+-+-+-+-+-+-+-+-+-+-+
|                       seq = 2388860686                        |
+-+-+-+-+-+-+-+-+-+-+-+-+-+-+-+-+-+-+-+-+-+-+-+-+-+-+-+-+-+-+-+-+
|                       ack = 3896578861                        |
+-+-+-+-+-+-+-+-+-+-+-+-+-+-+-+-+-+-+-+-+-+-+-+-+-+-+-+-+-+-+-+-+
|Header |     | | | | |A| | | |F|                               |
|Length:|     | | | | |C| | | |I|      windowSize = 49273       |
| 5 int |     | | | | |K| | | |N|                               |
+-+-+-+-+-+-+-+-+-+-+-+-+-+-+-+-+-+-+-+-+-+-+-+-+-+-+-+-+-+-+-+-+
|       checksum = 0x16D9       |       urgent offset = 0       |
+-+-+-+-+-+-+-+-+-+-+-+-+-+-+-+-+-+-+-+-+-+-+-+-+-+-+-+-+-+-+-+-+

ab df 00 50 8e 63 1f 0e  e8 41 13 2d 50 11 c0 79  ...P.c...A.-P..y
16 d9 00 00 55 55 55 55  55 55                    ....UUUUUU

#####################

0         1         2         3         4        
012345678901234567890123456789012345678901234567 
+-----------------------------------------------+
|            dst = 08:00:20:AB:D4:A4            |
+-----------------------------------------------+
|            src = 00:C0:4F:8D:99:37            |
+-----------------------------------------------+

 0                   1                   2                   3   
 0 1 2 3 4 5 6 7 8 9 0 1 2 3 4 5 6 7 8 9 0 1 2 3 4 5 6 7 8 9 0 1 
+-+-+-+-+-+-+-+-+-+-+-+-+-+-+-+-+-+-+-+-+-+-+-+-+-+-+-+-+-+-+-+-+
| ver=4 | ihl=5 |    type=0     |           length=40           |
+-+-+-+-+-+-+-+-+-+-+-+-+-+-+-+-+-+-+-+-+-+-+-+-+-+-+-+-+-+-+-+-+
|                               | |D| |                         |
|     identification=0x7CE8     | |F| |        offset=0         |
|                               | | | |                         |
+-+-+-+-+-+-+-+-+-+-+-+-+-+-+-+-+-+-+-+-+-+-+-+-+-+-+-+-+-+-+-+-+
|    ttl=64     |    proto=6    |    checksum=0x3A77 (valid)    |
+-+-+-+-+-+-+-+-+-+-+-+-+-+-+-+-+-+-+-+-+-+-+-+-+-+-+-+-+-+-+-+-+
|                     srcIP = 192.168.1.10                      |
+-+-+-+-+-+-+-+-+-+-+-+-+-+-+-+-+-+-+-+-+-+-+-+-+-+-+-+-+-+-+-+-+
|                     dstIP = 192.168.1.22                      |
+-+-+-+-+-+-+-+-+-+-+-+-+-+-+-+-+-+-+-+-+-+-+-+-+-+-+-+-+-+-+-+-+

 0                   1                   2                   3   
 0 1 2 3 4 5 6 7 8 9 0 1 2 3 4 5 6 7 8 9 0 1 2 3 4 5 6 7 8 9 0 1 
+-+-+-+-+-+-+-+-+-+-+-+-+-+-+-+-+-+-+-+-+-+-+-+-+-+-+-+-+-+-+-+-+
|    srcPort = 80 (www-http)    |        dstPort = 43999        |
+-+-+-+-+-+-+-+-+-+-+-+-+-+-+-+-+-+-+-+-+-+-+-+-+-+-+-+-+-+-+-+-+
|                       seq = 3896578861                        |
+-+-+-+-+-+-+-+-+-+-+-+-+-+-+-+-+-+-+-+-+-+-+-+-+-+-+-+-+-+-+-+-+
|                       ack = 2388860687                        |
+-+-+-+-+-+-+-+-+-+-+-+-+-+-+-+-+-+-+-+-+-+-+-+-+-+-+-+-+-+-+-+-+
|Header |     | | | | |A| | | | |                               |
|Length:|     | | | | |C| | | | |      windowSize = 17520       |
| 5 int |     | | | | |K| | | | |                               |
+-+-+-+-+-+-+-+-+-+-+-+-+-+-+-+-+-+-+-+-+-+-+-+-+-+-+-+-+-+-+-+-+
|       checksum = 0x92E2       |       urgent offset = 0       |
+-+-+-+-+-+-+-+-+-+-+-+-+-+-+-+-+-+-+-+-+-+-+-+-+-+-+-+-+-+-+-+-+

00 50 ab df e8 41 13 2d  8e 63 1f 0f 50 10 44 70  .P...A.-.c..P.Dp
92 e2 00 00 00 00 00 00  00 00                    ..........

#####################