#
# A fatal error has been detected by the Java Runtime Environment:
#
#  SIGSEGV (0xb) at pc=0x00007f771b512de4, pid=16323, tid=140149558978304
#
# JRE version: OpenJDK Runtime Environment (7.0_51) (build 1.7.0_51-b00)
# Java VM: OpenJDK 64-Bit Server VM (24.45-b08 mixed mode linux-amd64 compressed oops)
# Problematic frame:
# V  [libjvm.so+0x5d6de4]  jni_SetByteArrayRegion+0x74
#
# Failed to write core dump. Core dumps have been disabled. To enable core dumping, try "ulimit -c unlimited" before starting Java again
#
# If you would like to submit a bug report, please include
# instructions on how to reproduce the bug and visit:
#   http://icedtea.classpath.org/bugzilla
#

---------------  T H R E A D  ---------------

Current thread (0x00007f771400a000):  JavaThread "main" [_thread_in_vm, id=16324, stack(0x00007f771c9da000,0x00007f771cadb000)]

siginfo:si_signo=SIGSEGV: si_errno=0, si_code=1 (SEGV_MAPERR), si_addr=0x0000000000000000

Registers:
RAX=0x00007f771b8c0a80, RBX=0x00007f771400a000, RCX=0x00000000c78a5888, RDX=0x0000000000000000
RSP=0x00007f771cad9830, RBP=0x00007f771cad9890, RSI=0x0000000000000000, RDI=0x00007f771400a000
R8 =0x0000000000000000, R9 =0x00007f771b512d70, R10=0x00007f771cad94d8, R11=0x0000000000000000
R12=0x0000000000000000, R13=0x00000000c78a5888, R14=0x00007f771400a1d8, R15=0x0000000000000000
RIP=0x00007f771b512de4, EFLAGS=0x0000000000010202, CSGSFS=0x0000000000000033, ERR=0x0000000000000004
  TRAPNO=0x000000000000000e

Top of Stack: (sp=0x00007f771cad9830)
0x00007f771cad9830:   00007f771400a000 0000000000000000
0x00007f771cad9840:   00007f771400a000 00007f771400a918
0x00007f771cad9850:   00007f7700000064 00007f771b8c0a80
0x00007f771cad9860:   00007f771c2c0160 0000000000000000
0x00007f771cad9870:   0000000000000000 00000000c78a5888
0x00007f771cad9880:   00007f771cad9968 00007f771400a000
0x00007f771cad9890:   00007f771cad98f0 00007f770eb2011b
0x00007f771cad98a0:   00007f771cad9968 00007f771400a1d8
0x00007f771cad98b0:   00007f771400a000 00007f771101d403
0x00007f771cad98c0:   00000000c78a5888 0000000000000000
0x00007f771cad98d0:   0000000000000000 0000000000000000
0x00007f771cad98e0:   00007f771cad9948 00000000c78a5888
0x00007f771cad98f0:   00007f771cad9948 00007f7711012738
0x00007f771cad9900:   00007f7700000007 00007f771cad9908
0x00007f771cad9910:   00000000c78a5888 00007f771cad9968
0x00007f771cad9920:   00000000c78a6498 0000000000000000
0x00007f771cad9930:   00000000c78a5888 0000000000000000
0x00007f771cad9940:   00007f771cad9968 00007f771cad99b0
0x00007f771cad9950:   00007f7711006233 0000000000000000
0x00007f771cad9960:   00007f771100ecdb 00000000f0954670
0x00007f771cad9970:   00007f771cad9970 00000000c78a4492
0x00007f771cad9980:   00007f771cad99e8 00000000c78a47d8
0x00007f771cad9990:   0000000000000000 00000000c78a4538
0x00007f771cad99a0:   00007f771cad9968 00007f771cad99e8
0x00007f771cad99b0:   00007f771cad9a50 00007f77110004e7
0x00007f771cad99c0:   0000000000000000 0000000000000000
0x00007f771cad99d0:   0000000000000008 00000000f09546f8
0x00007f771cad99e0:   00000000f0954670 00000000f09500f8
0x00007f771cad99f0:   00007f7700001fa0 00007f771cad9a90
0x00007f771cad9a00:   00007f771cad9cc0 00007f771cad9c00
0x00007f771cad9a10:   00007f771400a000 00007f771400a910
0x00007f771cad9a20:   00007f771cad9ad0 00007f771cad9cc8 

Instructions: (pc=0x00007f771b512de4)
0x00007f771b512dc4:   48 83 7b 08 00 48 89 5d b0 48 c7 45 b8 00 00 00
0x00007f771b512dd4:   00 74 09 48 8d 7d b0 e8 d0 51 21 00 90 44 89 e2
0x00007f771b512de4:   49 8b 07 c1 ea 1f 84 d2 75 0a 44 89 ea c1 ea 1f
0x00007f771b512df4:   84 d2 74 58 48 8d 05 01 ab 7e 00 48 8d 35 52 c8 

Register to memory mapping:

RAX=0x00007f771b8c0a80: <offset 0x984a80> in /usr/lib/jvm/java-7-openjdk-amd64/jre/lib/amd64/server/libjvm.so at 0x00007f771af3c000
RBX=0x00007f771400a000 is a thread
RCX=0x00000000c78a5888 is an oop
{method} 
 - klass: {other class}
RDX=0x0000000000000000 is an unknown value
RSP=0x00007f771cad9830 is pointing into the stack for thread: 0x00007f771400a000
RBP=0x00007f771cad9890 is pointing into the stack for thread: 0x00007f771400a000
RSI=0x0000000000000000 is an unknown value
RDI=0x00007f771400a000 is a thread
R8 =0x0000000000000000 is an unknown value
R9 =0x00007f771b512d70: <offset 0x5d6d70> in /usr/lib/jvm/java-7-openjdk-amd64/jre/lib/amd64/server/libjvm.so at 0x00007f771af3c000
R10=0x00007f771cad94d8 is pointing into the stack for thread: 0x00007f771400a000
R11=0x0000000000000000 is an unknown value
R12=0x0000000000000000 is an unknown value
R13=0x00000000c78a5888 is an oop
{method} 
 - klass: {other class}
R14=0x00007f771400a1d8 is an unknown value
R15=0x0000000000000000 is an unknown value


Stack: [0x00007f771c9da000,0x00007f771cadb000],  sp=0x00007f771cad9830,  free space=1022k
Native frames: (J=compiled Java code, j=interpreted, Vv=VM code, C=native code)
V  [libjvm.so+0x5d6de4]  jni_SetByteArrayRegion+0x74
C  [libsimplepacketdriver_x64.so+0x111b]  Java_SimplePacketDriver_readPacket+0xb0
j  SimplePacketDriver.readPacket()[B+0
j  PacketDriverExample.main([Ljava/lang/String;)V+130
v  ~StubRoutines::call_stub
V  [libjvm.so+0x5c0769]  JavaCalls::call_helper(JavaValue*, methodHandle*, JavaCallArguments*, Thread*)+0x339
V  [libjvm.so+0x5c0208]  JavaCalls::call(JavaValue*, methodHandle, JavaCallArguments*, Thread*)+0x28
V  [libjvm.so+0x5ce833]  jni_invoke_static(JNIEnv_*, JavaValue*, _jobject*, JNICallType, _jmethodID*, JNI_ArgumentPusher*, Thread*) [clone .isra.122] [clone .constprop.154]+0x283
V  [libjvm.so+0x5def6b]  jni_CallStaticVoidMethod+0xfb
C  [libjli.so+0x31c9]  __strcat_chk+0x31c9

Java frames: (J=compiled Java code, j=interpreted, Vv=VM code)
j  SimplePacketDriver.readPacket()[B+0
j  PacketDriverExample.main([Ljava/lang/String;)V+130
v  ~StubRoutines::call_stub

---------------  P R O C E S S  ---------------

Java Threads: ( => current thread )
  0x00007f77140a1800 JavaThread "Service Thread" daemon [_thread_blocked, id=16333, stack(0x00007f770ee23000,0x00007f770ef24000)]
  0x00007f771409f800 JavaThread "C2 CompilerThread1" daemon [_thread_blocked, id=16332, stack(0x00007f770ef24000,0x00007f770f025000)]
  0x00007f771409c800 JavaThread "C2 CompilerThread0" daemon [_thread_blocked, id=16331, stack(0x00007f770f025000,0x00007f770f126000)]
  0x00007f771409a800 JavaThread "Signal Dispatcher" daemon [_thread_blocked, id=16330, stack(0x00007f770f126000,0x00007f770f227000)]
  0x00007f7714077000 JavaThread "Finalizer" daemon [_thread_blocked, id=16329, stack(0x00007f7718068000,0x00007f7718169000)]
  0x00007f7714075000 JavaThread "Reference Handler" daemon [_thread_blocked, id=16328, stack(0x00007f7718169000,0x00007f771826a000)]
=>0x00007f771400a000 JavaThread "main" [_thread_in_vm, id=16324, stack(0x00007f771c9da000,0x00007f771cadb000)]

Other Threads:
  0x00007f7714070800 VMThread [stack: 0x00007f771826a000,0x00007f771836b000] [id=16327]
  0x00007f77140ac800 WatcherThread [stack: 0x00007f770ed22000,0x00007f770ee23000] [id=16334]

VM state:not at safepoint (normal execution)

VM Mutex/Monitor currently owned by a thread: None

Heap
 PSYoungGen      total 14336K, used 512K [0x00000000f0900000, 0x00000000f1880000, 0x0000000100000000)
  eden space 12800K, 4% used [0x00000000f0900000,0x00000000f09800c8,0x00000000f1580000)
  from space 1536K, 0% used [0x00000000f1700000,0x00000000f1700000,0x00000000f1880000)
  to   space 1536K, 0% used [0x00000000f1580000,0x00000000f1580000,0x00000000f1700000)
 ParOldGen       total 31232K, used 0K [0x00000000d1c00000, 0x00000000d3a80000, 0x00000000f0900000)
  object space 31232K, 0% used [0x00000000d1c00000,0x00000000d1c00000,0x00000000d3a80000)
 PSPermGen       total 21504K, used 2716K [0x00000000c7600000, 0x00000000c8b00000, 0x00000000d1c00000)
  object space 21504K, 12% used [0x00000000c7600000,0x00000000c78a71e8,0x00000000c8b00000)

Card table byte_map: [0x00007f77194d7000,0x00007f771969d000] byte_map_base: 0x00007f7718e9c000

Polling page: 0x00007f771cb11000

Code Cache  [0x00007f7711000000, 0x00007f7711270000, 0x00007f7714000000)
 total_blobs=165 nmethods=0 adapters=135 free_code_cache=48774Kb largest_free_block=49945472

Compilation events (0 events):
No events

GC Heap History (0 events):
No events

Deoptimization events (0 events):
No events

Internal exceptions (7 events):
Event: 0.082 Thread 0x00007f771400a000 Threw 0x00000000f0910260 at /scratch/packages/openjdk/7u15/openjdk-7-7u51-2.4.4/build/openjdk/hotspot/src/share/vm/prims/jni.cpp:3991
Event: 0.147 Thread 0x00007f771400a000 Threw 0x00000000f0942c78 at /scratch/packages/openjdk/7u15/openjdk-7-7u51-2.4.4/build/openjdk/hotspot/src/share/vm/prims/jni.cpp:717
Event: 0.148 Thread 0x00007f771400a000 Threw 0x00000000f0942e10 at /scratch/packages/openjdk/7u15/openjdk-7-7u51-2.4.4/build/openjdk/hotspot/src/share/vm/prims/jvm.cpp:1244
Event: 0.148 Thread 0x00007f771400a000 Threw 0x00000000f0942f38 at /scratch/packages/openjdk/7u15/openjdk-7-7u51-2.4.4/build/openjdk/hotspot/src/share/vm/prims/jvm.cpp:1244
Event: 0.152 Thread 0x00007f771400a000 Threw 0x00000000f0949208 at /scratch/packages/openjdk/7u15/openjdk-7-7u51-2.4.4/build/openjdk/hotspot/src/share/vm/prims/jvm.cpp:1244
Event: 0.163 Thread 0x00007f771400a000 Threw 0x00000000f0950950 at /scratch/packages/openjdk/7u15/openjdk-7-7u51-2.4.4/build/openjdk/hotspot/src/share/vm/prims/jvm.cpp:1244
Event: 1.454 Thread 0x00007f771400a000 Threw 0x00000000f0955e70 at /scratch/packages/openjdk/7u15/openjdk-7-7u51-2.4.4/build/openjdk/hotspot/src/share/vm/oops/typeArrayKlass.cpp:100

Events (10 events):
Event: 0.161 loading class 0x00007f7718f6cfb0
Event: 0.161 loading class 0x00007f7718f6cfb0 done
Event: 0.162 loading class 0x00007f7718f52b30
Event: 0.162 loading class 0x00007f7718f52b30 done
Event: 0.162 loading class 0x00007f77140bb910
Event: 0.162 loading class 0x00007f77140bb910 done
Event: 0.165 loading class 0x00007f7718f53620
Event: 0.165 loading class 0x00007f7718f53620 done
Event: 1.454 loading class 0x00007f7718f440e0
Event: 1.454 loading class 0x00007f7718f440e0 done


Dynamic libraries:
00400000-00401000 r-xp 00000000 08:04 398358                             /usr/lib/jvm/java-7-openjdk-amd64/jre/bin/java
00600000-00601000 r--p 00000000 08:04 398358                             /usr/lib/jvm/java-7-openjdk-amd64/jre/bin/java
00601000-00602000 rw-p 00001000 08:04 398358                             /usr/lib/jvm/java-7-openjdk-amd64/jre/bin/java
01e02000-01e23000 rw-p 00000000 00:00 0                                  [heap]
c7600000-c8b00000 rw-p 00000000 00:00 0 
c8b00000-d1c00000 rw-p 00000000 00:00 0 
d1c00000-d3a80000 rw-p 00000000 00:00 0 
d3a80000-f0900000 rw-p 00000000 00:00 0 
f0900000-f1880000 rw-p 00000000 00:00 0 
f1880000-100000000 rw-p 00000000 00:00 0 
7f76e0000000-7f76e0021000 rw-p 00000000 00:00 0 
7f76e0021000-7f76e4000000 ---p 00000000 00:00 0 
7f76e8000000-7f76e8021000 rw-p 00000000 00:00 0 
7f76e8021000-7f76ec000000 ---p 00000000 00:00 0 
7f76ec000000-7f76ec021000 rw-p 00000000 00:00 0 
7f76ec021000-7f76f0000000 ---p 00000000 00:00 0 
7f76f0000000-7f76f0021000 rw-p 00000000 00:00 0 
7f76f0021000-7f76f4000000 ---p 00000000 00:00 0 
7f76f4000000-7f76f4021000 rw-p 00000000 00:00 0 
7f76f4021000-7f76f8000000 ---p 00000000 00:00 0 
7f76f8000000-7f76f8021000 rw-p 00000000 00:00 0 
7f76f8021000-7f76fc000000 ---p 00000000 00:00 0 
7f76fc000000-7f76fc021000 rw-p 00000000 00:00 0 
7f76fc021000-7f7700000000 ---p 00000000 00:00 0 
7f7700000000-7f7700021000 rw-p 00000000 00:00 0 
7f7700021000-7f7704000000 ---p 00000000 00:00 0 
7f7704000000-7f7704021000 rw-p 00000000 00:00 0 
7f7704021000-7f7708000000 ---p 00000000 00:00 0 
7f7708000000-7f7708021000 rw-p 00000000 00:00 0 
7f7708021000-7f770c000000 ---p 00000000 00:00 0 
7f770e293000-7f770e4c9000 rw-p 00000000 00:00 0 
7f770e4c9000-7f770e6c9000 rw-s 00000000 00:06 576389                     socket:[576389]
7f770e6c9000-7f770e703000 r-xp 00000000 08:04 391909                     /usr/lib/x86_64-linux-gnu/libpcap.so.1.5.3
7f770e703000-7f770e902000 ---p 0003a000 08:04 391909                     /usr/lib/x86_64-linux-gnu/libpcap.so.1.5.3
7f770e902000-7f770e904000 r--p 00039000 08:04 391909                     /usr/lib/x86_64-linux-gnu/libpcap.so.1.5.3
7f770e904000-7f770e905000 rw-p 0003b000 08:04 391909                     /usr/lib/x86_64-linux-gnu/libpcap.so.1.5.3
7f770e905000-7f770e906000 rw-p 00000000 00:00 0 
7f770e906000-7f770e91c000 r-xp 00000000 08:04 396091                     /usr/lib/x86_64-linux-gnu/libnet.so.1.7.0
7f770e91c000-7f770eb1b000 ---p 00016000 08:04 396091                     /usr/lib/x86_64-linux-gnu/libnet.so.1.7.0
7f770eb1b000-7f770eb1c000 r--p 00015000 08:04 396091                     /usr/lib/x86_64-linux-gnu/libnet.so.1.7.0
7f770eb1c000-7f770eb1d000 rw-p 00016000 08:04 396091                     /usr/lib/x86_64-linux-gnu/libnet.so.1.7.0
7f770eb1d000-7f770eb1f000 rw-p 00000000 00:00 0 
7f770eb1f000-7f770eb21000 r-xp 00000000 08:03 187976                     /media/win7/Users/New User/Dropbox/College/Network Security/p1/adapter/libsimplepacketdriver_x64.so
7f770eb21000-7f770ed20000 ---p 00002000 08:03 187976                     /media/win7/Users/New User/Dropbox/College/Network Security/p1/adapter/libsimplepacketdriver_x64.so
7f770ed20000-7f770ed21000 r--p 00001000 08:03 187976                     /media/win7/Users/New User/Dropbox/College/Network Security/p1/adapter/libsimplepacketdriver_x64.so
7f770ed21000-7f770ed22000 rw-p 00002000 08:03 187976                     /media/win7/Users/New User/Dropbox/College/Network Security/p1/adapter/libsimplepacketdriver_x64.so
7f770ed22000-7f770ed23000 ---p 00000000 00:00 0 
7f770ed23000-7f770ee23000 rw-p 00000000 00:00 0                          [stack:16334]
7f770ee23000-7f770ee26000 ---p 00000000 00:00 0 
7f770ee26000-7f770ef24000 rw-p 00000000 00:00 0                          [stack:16333]
7f770ef24000-7f770ef27000 ---p 00000000 00:00 0 
7f770ef27000-7f770f025000 rw-p 00000000 00:00 0                          [stack:16332]
7f770f025000-7f770f028000 ---p 00000000 00:00 0 
7f770f028000-7f770f126000 rw-p 00000000 00:00 0                          [stack:16331]
7f770f126000-7f770f129000 ---p 00000000 00:00 0 
7f770f129000-7f770f227000 rw-p 00000000 00:00 0                          [stack:16330]
7f770f227000-7f770f3b0000 r--p 00000000 08:04 394651                     /usr/lib/locale/locale-archive
7f770f3b0000-7f7711000000 rw-p 00000000 00:00 0 
7f7711000000-7f7711270000 rwxp 00000000 00:00 0 
7f7711270000-7f77140f1000 rw-p 00000000 00:00 0 
7f77140f1000-7f7718000000 ---p 00000000 00:00 0 
7f7718068000-7f771806b000 ---p 00000000 00:00 0 
7f771806b000-7f7718169000 rw-p 00000000 00:00 0                          [stack:16329]
7f7718169000-7f771816c000 ---p 00000000 00:00 0 
7f771816c000-7f771826a000 rw-p 00000000 00:00 0                          [stack:16328]
7f771826a000-7f771826b000 ---p 00000000 00:00 0 
7f771826b000-7f7718d1f000 rw-p 00000000 00:00 0                          [stack:16327]
7f7718d1f000-7f7718ecd000 r--s 01cf4000 08:04 399500                     /usr/lib/jvm/java-7-openjdk-amd64/jre/lib/rt.jar
7f7718ecd000-7f771918b000 rw-p 00000000 00:00 0 
7f771918b000-7f771918c000 ---p 00000000 00:00 0 
7f771918c000-7f771928c000 rw-p 00000000 00:00 0                          [stack:16326]
7f771928c000-7f771928d000 ---p 00000000 00:00 0 
7f771928d000-7f7719398000 rw-p 00000000 00:00 0                          [stack:16325]
7f7719398000-7f77193e0000 rw-p 00000000 00:00 0 
7f77193e0000-7f77193f0000 rw-p 00000000 00:00 0 
7f77193f0000-7f77194d7000 rw-p 00000000 00:00 0 
7f77194d7000-7f77194e2000 rw-p 00000000 00:00 0 
7f77194e2000-7f771952a000 rw-p 00000000 00:00 0 
7f771952a000-7f771953a000 rw-p 00000000 00:00 0 
7f771953a000-7f7719620000 rw-p 00000000 00:00 0 
7f7719620000-7f7719629000 rw-p 00000000 00:00 0 
7f7719629000-7f771969c000 rw-p 00000000 00:00 0 
7f771969c000-7f771969d000 rw-p 00000000 00:00 0 
7f771969d000-7f77196a5000 r-xp 00000000 08:04 401770                     /usr/lib/jvm/java-7-openjdk-amd64/jre/lib/amd64/libzip.so
7f77196a5000-7f77198a4000 ---p 00008000 08:04 401770                     /usr/lib/jvm/java-7-openjdk-amd64/jre/lib/amd64/libzip.so
7f77198a4000-7f77198a5000 r--p 00007000 08:04 401770                     /usr/lib/jvm/java-7-openjdk-amd64/jre/lib/amd64/libzip.so
7f77198a5000-7f77198a6000 rw-p 00008000 08:04 401770                     /usr/lib/jvm/java-7-openjdk-amd64/jre/lib/amd64/libzip.so
7f77198a6000-7f77198b2000 r-xp 00000000 08:04 952540                     /lib/x86_64-linux-gnu/libnss_files-2.17.so
7f77198b2000-7f7719ab1000 ---p 0000c000 08:04 952540                     /lib/x86_64-linux-gnu/libnss_files-2.17.so
7f7719ab1000-7f7719ab2000 r--p 0000b000 08:04 952540                     /lib/x86_64-linux-gnu/libnss_files-2.17.so
7f7719ab2000-7f7719ab3000 rw-p 0000c000 08:04 952540                     /lib/x86_64-linux-gnu/libnss_files-2.17.so
7f7719ab3000-7f7719abd000 r-xp 00000000 08:04 952538                     /lib/x86_64-linux-gnu/libnss_nis-2.17.so
7f7719abd000-7f7719cbc000 ---p 0000a000 08:04 952538                     /lib/x86_64-linux-gnu/libnss_nis-2.17.so
7f7719cbc000-7f7719cbd000 r--p 00009000 08:04 952538                     /lib/x86_64-linux-gnu/libnss_nis-2.17.so
7f7719cbd000-7f7719cbe000 rw-p 0000a000 08:04 952538                     /lib/x86_64-linux-gnu/libnss_nis-2.17.so
7f7719cbe000-7f7719cd3000 r-xp 00000000 08:04 952558                     /lib/x86_64-linux-gnu/libnsl-2.17.so
7f7719cd3000-7f7719ed2000 ---p 00015000 08:04 952558                     /lib/x86_64-linux-gnu/libnsl-2.17.so
7f7719ed2000-7f7719ed3000 r--p 00014000 08:04 952558                     /lib/x86_64-linux-gnu/libnsl-2.17.so
7f7719ed3000-7f7719ed4000 rw-p 00015000 08:04 952558                     /lib/x86_64-linux-gnu/libnsl-2.17.so
7f7719ed4000-7f7719ed6000 rw-p 00000000 00:00 0 
7f7719ed6000-7f7719edd000 r-xp 00000000 08:04 952537                     /lib/x86_64-linux-gnu/libnss_compat-2.17.so
7f7719edd000-7f771a0dc000 ---p 00007000 08:04 952537                     /lib/x86_64-linux-gnu/libnss_compat-2.17.so
7f771a0dc000-7f771a0dd000 r--p 00006000 08:04 952537                     /lib/x86_64-linux-gnu/libnss_compat-2.17.so
7f771a0dd000-7f771a0de000 rw-p 00007000 08:04 952537                     /lib/x86_64-linux-gnu/libnss_compat-2.17.so
7f771a0de000-7f771a109000 r-xp 00000000 08:04 408007                     /usr/lib/jvm/java-7-openjdk-amd64/jre/lib/amd64/libjava.so
7f771a109000-7f771a308000 ---p 0002b000 08:04 408007                     /usr/lib/jvm/java-7-openjdk-amd64/jre/lib/amd64/libjava.so
7f771a308000-7f771a309000 r--p 0002a000 08:04 408007                     /usr/lib/jvm/java-7-openjdk-amd64/jre/lib/amd64/libjava.so
7f771a309000-7f771a30b000 rw-p 0002b000 08:04 408007                     /usr/lib/jvm/java-7-openjdk-amd64/jre/lib/amd64/libjava.so
7f771a30b000-7f771a31b000 r-xp 00000000 08:04 400318                     /usr/lib/jvm/java-7-openjdk-amd64/jre/lib/amd64/libverify.so
7f771a31b000-7f771a51a000 ---p 00010000 08:04 400318                     /usr/lib/jvm/java-7-openjdk-amd64/jre/lib/amd64/libverify.so
7f771a51a000-7f771a51c000 r--p 0000f000 08:04 400318                     /usr/lib/jvm/java-7-openjdk-amd64/jre/lib/amd64/libverify.so
7f771a51c000-7f771a51d000 rw-p 00011000 08:04 400318                     /usr/lib/jvm/java-7-openjdk-amd64/jre/lib/amd64/libverify.so
7f771a51d000-7f771a524000 r-xp 00000000 08:04 952527                     /lib/x86_64-linux-gnu/librt-2.17.so
7f771a524000-7f771a723000 ---p 00007000 08:04 952527                     /lib/x86_64-linux-gnu/librt-2.17.so
7f771a723000-7f771a724000 r--p 00006000 08:04 952527                     /lib/x86_64-linux-gnu/librt-2.17.so
7f771a724000-7f771a725000 rw-p 00007000 08:04 952527                     /lib/x86_64-linux-gnu/librt-2.17.so
7f771a725000-7f771a73a000 r-xp 00000000 08:04 916441                     /lib/x86_64-linux-gnu/libgcc_s.so.1
7f771a73a000-7f771a93a000 ---p 00015000 08:04 916441                     /lib/x86_64-linux-gnu/libgcc_s.so.1
7f771a93a000-7f771a93b000 rw-p 00015000 08:04 916441                     /lib/x86_64-linux-gnu/libgcc_s.so.1
7f771a93b000-7f771aa37000 r-xp 00000000 08:04 952554                     /lib/x86_64-linux-gnu/libm-2.17.so
7f771aa37000-7f771ac37000 ---p 000fc000 08:04 952554                     /lib/x86_64-linux-gnu/libm-2.17.so
7f771ac37000-7f771ac38000 r--p 000fc000 08:04 952554                     /lib/x86_64-linux-gnu/libm-2.17.so
7f771ac38000-7f771ac39000 rw-p 000fd000 08:04 952554                     /lib/x86_64-linux-gnu/libm-2.17.so
7f771ac39000-7f771ad1e000 r-xp 00000000 08:04 395534                     /usr/lib/x86_64-linux-gnu/libstdc++.so.6.0.19
7f771ad1e000-7f771af1d000 ---p 000e5000 08:04 395534                     /usr/lib/x86_64-linux-gnu/libstdc++.so.6.0.19
7f771af1d000-7f771af25000 r--p 000e4000 08:04 395534                     /usr/lib/x86_64-linux-gnu/libstdc++.so.6.0.19
7f771af25000-7f771af27000 rw-p 000ec000 08:04 395534                     /usr/lib/x86_64-linux-gnu/libstdc++.so.6.0.19
7f771af27000-7f771af3c000 rw-p 00000000 00:00 0 
7f771af3c000-7f771ba20000 r-xp 00000000 08:04 408740                     /usr/lib/jvm/java-7-openjdk-amd64/jre/lib/amd64/server/libjvm.so
7f771ba20000-7f771bc1f000 ---p 00ae4000 08:04 408740                     /usr/lib/jvm/java-7-openjdk-amd64/jre/lib/amd64/server/libjvm.so
7f771bc1f000-7f771bcb1000 r--p 00ae3000 08:04 408740                     /usr/lib/jvm/java-7-openjdk-amd64/jre/lib/amd64/server/libjvm.so
7f771bcb1000-7f771bcd4000 rw-p 00b75000 08:04 408740                     /usr/lib/jvm/java-7-openjdk-amd64/jre/lib/amd64/server/libjvm.so
7f771bcd4000-7f771bd01000 rw-p 00000000 00:00 0 
7f771bd01000-7f771bd18000 r-xp 00000000 08:04 919163                     /lib/x86_64-linux-gnu/libz.so.1.2.8
7f771bd18000-7f771bf17000 ---p 00017000 08:04 919163                     /lib/x86_64-linux-gnu/libz.so.1.2.8
7f771bf17000-7f771bf18000 r--p 00016000 08:04 919163                     /lib/x86_64-linux-gnu/libz.so.1.2.8
7f771bf18000-7f771bf19000 rw-p 00017000 08:04 919163                     /lib/x86_64-linux-gnu/libz.so.1.2.8
7f771bf19000-7f771c0bc000 r-xp 00000000 08:04 952545                     /lib/x86_64-linux-gnu/libc-2.17.so
7f771c0bc000-7f771c2bb000 ---p 001a3000 08:04 952545                     /lib/x86_64-linux-gnu/libc-2.17.so
7f771c2bb000-7f771c2bf000 r--p 001a2000 08:04 952545                     /lib/x86_64-linux-gnu/libc-2.17.so
7f771c2bf000-7f771c2c1000 rw-p 001a6000 08:04 952545                     /lib/x86_64-linux-gnu/libc-2.17.so
7f771c2c1000-7f771c2c5000 rw-p 00000000 00:00 0 
7f771c2c5000-7f771c2c8000 r-xp 00000000 08:04 952544                     /lib/x86_64-linux-gnu/libdl-2.17.so
7f771c2c8000-7f771c4c7000 ---p 00003000 08:04 952544                     /lib/x86_64-linux-gnu/libdl-2.17.so
7f771c4c7000-7f771c4c8000 r--p 00002000 08:04 952544                     /lib/x86_64-linux-gnu/libdl-2.17.so
7f771c4c8000-7f771c4c9000 rw-p 00003000 08:04 952544                     /lib/x86_64-linux-gnu/libdl-2.17.so
7f771c4c9000-7f771c4d6000 r-xp 00000000 08:04 408822                     /usr/lib/jvm/java-7-openjdk-amd64/jre/lib/amd64/jli/libjli.so
7f771c4d6000-7f771c6d5000 ---p 0000d000 08:04 408822                     /usr/lib/jvm/java-7-openjdk-amd64/jre/lib/amd64/jli/libjli.so
7f771c6d5000-7f771c6d6000 r--p 0000c000 08:04 408822                     /usr/lib/jvm/java-7-openjdk-amd64/jre/lib/amd64/jli/libjli.so
7f771c6d6000-7f771c6d7000 rw-p 0000d000 08:04 408822                     /usr/lib/jvm/java-7-openjdk-amd64/jre/lib/amd64/jli/libjli.so
7f771c6d7000-7f771c6ee000 r-xp 00000000 08:04 952536                     /lib/x86_64-linux-gnu/libpthread-2.17.so
7f771c6ee000-7f771c8ed000 ---p 00017000 08:04 952536                     /lib/x86_64-linux-gnu/libpthread-2.17.so
7f771c8ed000-7f771c8ee000 r--p 00016000 08:04 952536                     /lib/x86_64-linux-gnu/libpthread-2.17.so
7f771c8ee000-7f771c8ef000 rw-p 00017000 08:04 952536                     /lib/x86_64-linux-gnu/libpthread-2.17.so
7f771c8ef000-7f771c8f3000 rw-p 00000000 00:00 0 
7f771c8f3000-7f771c914000 r-xp 00000000 08:04 952533                     /lib/x86_64-linux-gnu/ld-2.17.so
7f771c91a000-7f771c924000 rw-p 00000000 00:00 0 
7f771c924000-7f771c9da000 rw-p 00000000 00:00 0 
7f771c9da000-7f771c9dd000 ---p 00000000 00:00 0 
7f771c9dd000-7f771cae1000 rw-p 00000000 00:00 0                          [stack:16324]
7f771cae1000-7f771cae3000 rw-p 00000000 00:00 0 
7f771cae3000-7f771cae5000 r--s 00006000 08:04 791903                     /usr/share/java/java-atk-wrapper.jar
7f771cae5000-7f771cae9000 r--s 00085000 08:04 411122                     /usr/lib/jvm/java-7-openjdk-amd64/jre/lib/ext/localedata.jar
7f771cae9000-7f771caed000 r--s 0003b000 08:04 411123                     /usr/lib/jvm/java-7-openjdk-amd64/jre/lib/ext/sunpkcs11.jar
7f771caed000-7f771caef000 r--s 00012000 08:04 411120                     /usr/lib/jvm/java-7-openjdk-amd64/jre/lib/ext/zipfs.jar
7f771caef000-7f771caf2000 r--s 0000f000 08:04 411121                     /usr/lib/jvm/java-7-openjdk-amd64/jre/lib/ext/pulse-java.jar
7f771caf2000-7f771caf3000 r--s 00002000 08:04 411119                     /usr/lib/jvm/java-7-openjdk-amd64/jre/lib/ext/dnsns.jar
7f771caf3000-7f771caf6000 r--s 00032000 08:04 411124                     /usr/lib/jvm/java-7-openjdk-amd64/jre/lib/ext/sunjce_provider.jar
7f771caf6000-7f771cb08000 rw-p 00000000 00:00 0 
7f771cb08000-7f771cb10000 rw-s 00000000 08:04 261047                     /tmp/hsperfdata_root/16323
7f771cb10000-7f771cb11000 rw-p 00000000 00:00 0 
7f771cb11000-7f771cb12000 r--p 00000000 00:00 0 
7f771cb12000-7f771cb14000 rw-p 00000000 00:00 0 
7f771cb14000-7f771cb15000 r--p 00021000 08:04 952533                     /lib/x86_64-linux-gnu/ld-2.17.so
7f771cb15000-7f771cb17000 rw-p 00022000 08:04 952533                     /lib/x86_64-linux-gnu/ld-2.17.so
7fffec569000-7fffec58a000 rw-p 00000000 00:00 0                          [stack]
7fffec5fe000-7fffec600000 r-xp 00000000 00:00 0                          [vdso]
ffffffffff600000-ffffffffff601000 r-xp 00000000 00:00 0                  [vsyscall]

VM Arguments:
jvm_args: -Djava.library.path=. 
java_command: PacketDriverExample
Launcher Type: SUN_STANDARD

Environment Variables:
PATH=/usr/local/sbin:/usr/local/bin:/usr/sbin:/usr/bin:/sbin:/bin
USERNAME=root
SHELL=/bin/bash
DISPLAY=:0.0

Signal Handlers:
SIGSEGV: [libjvm.so+0x919a00], sa_mask[0]=0x7ffbfeff, sa_flags=0x10000004
SIGBUS: [libjvm.so+0x919a00], sa_mask[0]=0x7ffbfeff, sa_flags=0x10000004
SIGFPE: [libjvm.so+0x796c10], sa_mask[0]=0x7ffbfeff, sa_flags=0x10000004
SIGPIPE: [libjvm.so+0x796c10], sa_mask[0]=0x7ffbfeff, sa_flags=0x10000004
SIGXFSZ: [libjvm.so+0x796c10], sa_mask[0]=0x7ffbfeff, sa_flags=0x10000004
SIGILL: [libjvm.so+0x796c10], sa_mask[0]=0x7ffbfeff, sa_flags=0x10000004
SIGUSR1: SIG_DFL, sa_mask[0]=0x00000000, sa_flags=0x00000000
SIGUSR2: [libjvm.so+0x796ab0], sa_mask[0]=0x00000000, sa_flags=0x10000004
SIGHUP: [libjvm.so+0x796c90], sa_mask[0]=0x7ffbfeff, sa_flags=0x10000004
SIGINT: [libjvm.so+0x796c90], sa_mask[0]=0x7ffbfeff, sa_flags=0x10000004
SIGTERM: [libjvm.so+0x796c90], sa_mask[0]=0x7ffbfeff, sa_flags=0x10000004
SIGQUIT: [libjvm.so+0x796c90], sa_mask[0]=0x7ffbfeff, sa_flags=0x10000004


---------------  S Y S T E M  ---------------

OS:LinuxMint 1 (debian)
uname:Linux 3.12-1-amd64 #1 SMP Debian 3.12.8-1 (2014-01-19) x86_64
libc:glibc 2.17 NPTL 2.17 
rlimit: STACK 8192k, CORE 0k, NPROC 23471, NOFILE 4096, AS infinity
load average:1.09 0.58 0.59

/proc/meminfo:
MemTotal:        3023464 kB
MemFree:          120980 kB
Buffers:           28344 kB
Cached:           453592 kB
SwapCached:       197868 kB
Active:          2036244 kB
Inactive:         677980 kB
Active(anon):    1852604 kB
Inactive(anon):   512836 kB
Active(file):     183640 kB
Inactive(file):   165144 kB
Unevictable:          16 kB
Mlocked:              16 kB
SwapTotal:       8867836 kB
SwapFree:        7950808 kB
Dirty:                 0 kB
Writeback:             0 kB
AnonPages:       2173700 kB
Mapped:           121384 kB
Shmem:            132920 kB
Slab:              86076 kB
SReclaimable:      34328 kB
SUnreclaim:        51748 kB
KernelStack:        5104 kB
PageTables:        58876 kB
NFS_Unstable:          0 kB
Bounce:                0 kB
WritebackTmp:          0 kB
CommitLimit:    10379568 kB
Committed_AS:    7506384 kB
VmallocTotal:   34359738367 kB
VmallocUsed:      347892 kB
VmallocChunk:   34359379836 kB
HardwareCorrupted:     0 kB
AnonHugePages:         0 kB
HugePages_Total:       0
HugePages_Free:        0
HugePages_Rsvd:        0
HugePages_Surp:        0
Hugepagesize:       2048 kB
DirectMap4k:      104012 kB
DirectMap2M:     2971648 kB


CPU:total 2 (2 cores per cpu, 1 threads per core) family 6 model 23 stepping 10, cmov, cx8, fxsr, mmx, sse, sse2, sse3, ssse3, tsc

/proc/cpuinfo:
processor	: 0
vendor_id	: GenuineIntel
cpu family	: 6
model		: 23
model name	: Pentium(R) Dual-Core CPU       T4300  @ 2.10GHz
stepping	: 10
microcode	: 0xa0b
cpu MHz		: 1600.000
cache size	: 1024 KB
physical id	: 0
siblings	: 2
core id		: 0
cpu cores	: 2
apicid		: 0
initial apicid	: 0
fpu		: yes
fpu_exception	: yes
cpuid level	: 13
wp		: yes
flags		: fpu vme de pse tsc msr pae mce cx8 apic sep mtrr pge mca cmov pat pse36 clflush dts acpi mmx fxsr sse sse2 ss ht tm pbe syscall nx lm constant_tsc arch_perfmon pebs bts rep_good nopl aperfmperf pni dtes64 monitor ds_cpl est tm2 ssse3 cx16 xtpr pdcm xsave lahf_lm dtherm
bogomips	: 4189.44
clflush size	: 64
cache_alignment	: 64
address sizes	: 36 bits physical, 48 bits virtual
power management:

processor	: 1
vendor_id	: GenuineIntel
cpu family	: 6
model		: 23
model name	: Pentium(R) Dual-Core CPU       T4300  @ 2.10GHz
stepping	: 10
microcode	: 0xa0b
cpu MHz		: 2100.000
cache size	: 1024 KB
physical id	: 0
siblings	: 2
core id		: 1
cpu cores	: 2
apicid		: 1
initial apicid	: 1
fpu		: yes
fpu_exception	: yes
cpuid level	: 13
wp		: yes
flags		: fpu vme de pse tsc msr pae mce cx8 apic sep mtrr pge mca cmov pat pse36 clflush dts acpi mmx fxsr sse sse2 ss ht tm pbe syscall nx lm constant_tsc arch_perfmon pebs bts rep_good nopl aperfmperf pni dtes64 monitor ds_cpl est tm2 ssse3 cx16 xtpr pdcm xsave lahf_lm dtherm
bogomips	: 4189.44
clflush size	: 64
cache_alignment	: 64
address sizes	: 36 bits physical, 48 bits virtual
power management:



Memory: 4k page, physical 3023464k(120980k free), swap 8867836k(7950808k free)

vm_info: OpenJDK 64-Bit Server VM (24.45-b08) for linux-amd64 JRE (1.7.0_51-b00), built on Jan 15 2014 10:12:08 by "doko" with gcc 4.8.2

time: Thu Feb  6 03:23:31 2014
elapsed time: 1 seconds

