#
# A fatal error has been detected by the Java Runtime Environment:
#
#  SIGSEGV (0xb) at pc=0x00007f8e8a3acde4, pid=7274, tid=140250204030720
#
# JRE version: OpenJDK Runtime Environment (7.0_51) (build 1.7.0_51-b00)
# Java VM: OpenJDK 64-Bit Server VM (24.45-b08 mixed mode linux-amd64 compressed oops)
# Problematic frame:
# V  [libjvm.so+0x5d6de4]  jni_SetByteArrayRegion+0x74
#
# Failed to write core dump. Core dumps have been disabled. To enable core dumping, try "ulimit -c unlimited" before starting Java again
#
# If you would like to submit a bug report, please include
# instructions on how to reproduce the bug and visit:
#   http://icedtea.classpath.org/bugzilla
#

---------------  T H R E A D  ---------------

Current thread (0x00007f8e8400a000):  JavaThread "main" [_thread_in_vm, id=7275, stack(0x00007f8e8b874000,0x00007f8e8b975000)]

siginfo:si_signo=SIGSEGV: si_errno=0, si_code=1 (SEGV_MAPERR), si_addr=0x0000000000000000

Registers:
RAX=0x00007f8e8a75aa80, RBX=0x00007f8e8400a000, RCX=0x00000000c78a5888, RDX=0x0000000000000000
RSP=0x00007f8e8b973830, RBP=0x00007f8e8b973890, RSI=0x0000000000000000, RDI=0x00007f8e8400a000
R8 =0x0000000000000000, R9 =0x00007f8e8a3acd70, R10=0x00007f8e8b9734d8, R11=0x0000000000000000
R12=0x0000000000000000, R13=0x00000000c78a5888, R14=0x00007f8e8400a1d8, R15=0x0000000000000000
RIP=0x00007f8e8a3acde4, EFLAGS=0x0000000000010202, CSGSFS=0x0000000000000033, ERR=0x0000000000000004
  TRAPNO=0x000000000000000e

Top of Stack: (sp=0x00007f8e8b973830)
0x00007f8e8b973830:   00007f8e8400a000 0000000000000000
0x00007f8e8b973840:   00007f8e8400a000 00007f8e8400a918
0x00007f8e8b973850:   00007f8e00000064 00007f8e8a75aa80
0x00007f8e8b973860:   00007f8e8b15a160 0000000000000000
0x00007f8e8b973870:   0000000000000000 00000000c78a5888
0x00007f8e8b973880:   00007f8e8b973968 00007f8e8400a000
0x00007f8e8b973890:   00007f8e8b9738f0 00007f8e7da1e11b
0x00007f8e8b9738a0:   00007f8e8b973968 00007f8e8400a1d8
0x00007f8e8b9738b0:   00007f8e8400a000 00007f8e8101d403
0x00007f8e8b9738c0:   00000000c78a5888 0000000000000000
0x00007f8e8b9738d0:   0000000000000000 0000000000000000
0x00007f8e8b9738e0:   00007f8e8b973948 00000000c78a5888
0x00007f8e8b9738f0:   00007f8e8b973948 00007f8e81012738
0x00007f8e8b973900:   00007f8e00000007 00007f8e8b973908
0x00007f8e8b973910:   00000000c78a5888 00007f8e8b973968
0x00007f8e8b973920:   00000000c78a6498 0000000000000000
0x00007f8e8b973930:   00000000c78a5888 0000000000000000
0x00007f8e8b973940:   00007f8e8b973968 00007f8e8b9739b0
0x00007f8e8b973950:   00007f8e81006233 0000000000000000
0x00007f8e8b973960:   00007f8e8100ecdb 00000000f0954670
0x00007f8e8b973970:   00007f8e8b973970 00000000c78a4492
0x00007f8e8b973980:   00007f8e8b9739e8 00000000c78a47d8
0x00007f8e8b973990:   0000000000000000 00000000c78a4538
0x00007f8e8b9739a0:   00007f8e8b973968 00007f8e8b9739e8
0x00007f8e8b9739b0:   00007f8e8b973a50 00007f8e810004e7
0x00007f8e8b9739c0:   0000000000000000 0000000000000000
0x00007f8e8b9739d0:   0000000000000008 00000000f09546f8
0x00007f8e8b9739e0:   00000000f0954670 00000000f09500f8
0x00007f8e8b9739f0:   00007f8e00001fa0 00007f8e8b973a90
0x00007f8e8b973a00:   00007f8e8b973cc0 00007f8e8b973c00
0x00007f8e8b973a10:   00007f8e8400a000 00007f8e8400a910
0x00007f8e8b973a20:   00007f8e8b973ad0 00007f8e8b973cc8 

Instructions: (pc=0x00007f8e8a3acde4)
0x00007f8e8a3acdc4:   48 83 7b 08 00 48 89 5d b0 48 c7 45 b8 00 00 00
0x00007f8e8a3acdd4:   00 74 09 48 8d 7d b0 e8 d0 51 21 00 90 44 89 e2
0x00007f8e8a3acde4:   49 8b 07 c1 ea 1f 84 d2 75 0a 44 89 ea c1 ea 1f
0x00007f8e8a3acdf4:   84 d2 74 58 48 8d 05 01 ab 7e 00 48 8d 35 52 c8 

Register to memory mapping:

RAX=0x00007f8e8a75aa80: <offset 0x984a80> in /usr/lib/jvm/java-7-openjdk-amd64/jre/lib/amd64/server/libjvm.so at 0x00007f8e89dd6000
RBX=0x00007f8e8400a000 is a thread
RCX=0x00000000c78a5888 is an oop
{method} 
 - klass: {other class}
RDX=0x0000000000000000 is an unknown value
RSP=0x00007f8e8b973830 is pointing into the stack for thread: 0x00007f8e8400a000
RBP=0x00007f8e8b973890 is pointing into the stack for thread: 0x00007f8e8400a000
RSI=0x0000000000000000 is an unknown value
RDI=0x00007f8e8400a000 is a thread
R8 =0x0000000000000000 is an unknown value
R9 =0x00007f8e8a3acd70: <offset 0x5d6d70> in /usr/lib/jvm/java-7-openjdk-amd64/jre/lib/amd64/server/libjvm.so at 0x00007f8e89dd6000
R10=0x00007f8e8b9734d8 is pointing into the stack for thread: 0x00007f8e8400a000
R11=0x0000000000000000 is an unknown value
R12=0x0000000000000000 is an unknown value
R13=0x00000000c78a5888 is an oop
{method} 
 - klass: {other class}
R14=0x00007f8e8400a1d8 is an unknown value
R15=0x0000000000000000 is an unknown value


Stack: [0x00007f8e8b874000,0x00007f8e8b975000],  sp=0x00007f8e8b973830,  free space=1022k
Native frames: (J=compiled Java code, j=interpreted, Vv=VM code, C=native code)
V  [libjvm.so+0x5d6de4]  jni_SetByteArrayRegion+0x74
C  [libsimplepacketdriver_x64.so+0x111b]  Java_SimplePacketDriver_readPacket+0xb0
j  SimplePacketDriver.readPacket()[B+0
j  PacketDriverExample.main([Ljava/lang/String;)V+130
v  ~StubRoutines::call_stub
V  [libjvm.so+0x5c0769]  JavaCalls::call_helper(JavaValue*, methodHandle*, JavaCallArguments*, Thread*)+0x339
V  [libjvm.so+0x5c0208]  JavaCalls::call(JavaValue*, methodHandle, JavaCallArguments*, Thread*)+0x28
V  [libjvm.so+0x5ce833]  jni_invoke_static(JNIEnv_*, JavaValue*, _jobject*, JNICallType, _jmethodID*, JNI_ArgumentPusher*, Thread*) [clone .isra.122] [clone .constprop.154]+0x283
V  [libjvm.so+0x5def6b]  jni_CallStaticVoidMethod+0xfb
C  [libjli.so+0x31c9]  __strcat_chk+0x31c9

Java frames: (J=compiled Java code, j=interpreted, Vv=VM code)
j  SimplePacketDriver.readPacket()[B+0
j  PacketDriverExample.main([Ljava/lang/String;)V+130
v  ~StubRoutines::call_stub

---------------  P R O C E S S  ---------------

Java Threads: ( => current thread )
  0x00007f8e840a1800 JavaThread "Service Thread" daemon [_thread_blocked, id=7284, stack(0x00007f8e7dd21000,0x00007f8e7de22000)]
  0x00007f8e8409f800 JavaThread "C2 CompilerThread1" daemon [_thread_blocked, id=7283, stack(0x00007f8e7de22000,0x00007f8e7df23000)]
  0x00007f8e8409c800 JavaThread "C2 CompilerThread0" daemon [_thread_blocked, id=7282, stack(0x00007f8e7df23000,0x00007f8e7e024000)]
  0x00007f8e8409a800 JavaThread "Signal Dispatcher" daemon [_thread_blocked, id=7281, stack(0x00007f8e7e024000,0x00007f8e7e125000)]
  0x00007f8e84077000 JavaThread "Finalizer" daemon [_thread_blocked, id=7280, stack(0x00007f8e7e2ae000,0x00007f8e7e3af000)]
  0x00007f8e84075000 JavaThread "Reference Handler" daemon [_thread_blocked, id=7279, stack(0x00007f8e7e3af000,0x00007f8e7e4b0000)]
=>0x00007f8e8400a000 JavaThread "main" [_thread_in_vm, id=7275, stack(0x00007f8e8b874000,0x00007f8e8b975000)]

Other Threads:
  0x00007f8e84070800 VMThread [stack: 0x00007f8e7e4b0000,0x00007f8e7e5b1000] [id=7278]
  0x00007f8e840ac800 WatcherThread [stack: 0x00007f8e7dc20000,0x00007f8e7dd21000] [id=7285]

VM state:not at safepoint (normal execution)

VM Mutex/Monitor currently owned by a thread: None

Heap
 PSYoungGen      total 14336K, used 512K [0x00000000f0900000, 0x00000000f1880000, 0x0000000100000000)
  eden space 12800K, 4% used [0x00000000f0900000,0x00000000f09800c8,0x00000000f1580000)
  from space 1536K, 0% used [0x00000000f1700000,0x00000000f1700000,0x00000000f1880000)
  to   space 1536K, 0% used [0x00000000f1580000,0x00000000f1580000,0x00000000f1700000)
 ParOldGen       total 31232K, used 0K [0x00000000d1c00000, 0x00000000d3a80000, 0x00000000f0900000)
  object space 31232K, 0% used [0x00000000d1c00000,0x00000000d1c00000,0x00000000d3a80000)
 PSPermGen       total 21504K, used 2716K [0x00000000c7600000, 0x00000000c8b00000, 0x00000000d1c00000)
  object space 21504K, 12% used [0x00000000c7600000,0x00000000c78a71e8,0x00000000c8b00000)

Card table byte_map: [0x00007f8e88371000,0x00007f8e88537000] byte_map_base: 0x00007f8e87d36000

Polling page: 0x00007f8e8b9ab000

Code Cache  [0x00007f8e81000000, 0x00007f8e81270000, 0x00007f8e84000000)
 total_blobs=165 nmethods=0 adapters=135 free_code_cache=48774Kb largest_free_block=49945472

Compilation events (0 events):
No events

GC Heap History (0 events):
No events

Deoptimization events (0 events):
No events

Internal exceptions (7 events):
Event: 0.078 Thread 0x00007f8e8400a000 Threw 0x00000000f0910260 at /scratch/packages/openjdk/7u15/openjdk-7-7u51-2.4.4/build/openjdk/hotspot/src/share/vm/prims/jni.cpp:3991
Event: 0.179 Thread 0x00007f8e8400a000 Threw 0x00000000f0942c78 at /scratch/packages/openjdk/7u15/openjdk-7-7u51-2.4.4/build/openjdk/hotspot/src/share/vm/prims/jni.cpp:717
Event: 0.179 Thread 0x00007f8e8400a000 Threw 0x00000000f0942e10 at /scratch/packages/openjdk/7u15/openjdk-7-7u51-2.4.4/build/openjdk/hotspot/src/share/vm/prims/jvm.cpp:1244
Event: 0.179 Thread 0x00007f8e8400a000 Threw 0x00000000f0942f38 at /scratch/packages/openjdk/7u15/openjdk-7-7u51-2.4.4/build/openjdk/hotspot/src/share/vm/prims/jvm.cpp:1244
Event: 0.183 Thread 0x00007f8e8400a000 Threw 0x00000000f0949208 at /scratch/packages/openjdk/7u15/openjdk-7-7u51-2.4.4/build/openjdk/hotspot/src/share/vm/prims/jvm.cpp:1244
Event: 0.282 Thread 0x00007f8e8400a000 Threw 0x00000000f0950950 at /scratch/packages/openjdk/7u15/openjdk-7-7u51-2.4.4/build/openjdk/hotspot/src/share/vm/prims/jvm.cpp:1244
Event: 1.222 Thread 0x00007f8e8400a000 Threw 0x00000000f0955e70 at /scratch/packages/openjdk/7u15/openjdk-7-7u51-2.4.4/build/openjdk/hotspot/src/share/vm/oops/typeArrayKlass.cpp:100

Events (10 events):
Event: 0.280 loading class 0x00007f8e7f191fb0
Event: 0.280 loading class 0x00007f8e7f191fb0 done
Event: 0.281 loading class 0x00007f8e7f177b30
Event: 0.281 loading class 0x00007f8e7f177b30 done
Event: 0.282 loading class 0x00007f8e840bb910
Event: 0.282 loading class 0x00007f8e840bb910 done
Event: 0.299 loading class 0x00007f8e7f178620
Event: 0.299 loading class 0x00007f8e7f178620 done
Event: 1.221 loading class 0x00007f8e7f1690e0
Event: 1.221 loading class 0x00007f8e7f1690e0 done


Dynamic libraries:
00400000-00401000 r-xp 00000000 08:04 398358                             /usr/lib/jvm/java-7-openjdk-amd64/jre/bin/java
00600000-00601000 r--p 00000000 08:04 398358                             /usr/lib/jvm/java-7-openjdk-amd64/jre/bin/java
00601000-00602000 rw-p 00001000 08:04 398358                             /usr/lib/jvm/java-7-openjdk-amd64/jre/bin/java
014f6000-01517000 rw-p 00000000 00:00 0                                  [heap]
c7600000-c8b00000 rw-p 00000000 00:00 0 
c8b00000-d1c00000 rw-p 00000000 00:00 0 
d1c00000-d3a80000 rw-p 00000000 00:00 0 
d3a80000-f0900000 rw-p 00000000 00:00 0 
f0900000-f1880000 rw-p 00000000 00:00 0 
f1880000-100000000 rw-p 00000000 00:00 0 
7f8e50000000-7f8e50021000 rw-p 00000000 00:00 0 
7f8e50021000-7f8e54000000 ---p 00000000 00:00 0 
7f8e58000000-7f8e58021000 rw-p 00000000 00:00 0 
7f8e58021000-7f8e5c000000 ---p 00000000 00:00 0 
7f8e5c000000-7f8e5c021000 rw-p 00000000 00:00 0 
7f8e5c021000-7f8e60000000 ---p 00000000 00:00 0 
7f8e60000000-7f8e60021000 rw-p 00000000 00:00 0 
7f8e60021000-7f8e64000000 ---p 00000000 00:00 0 
7f8e64000000-7f8e64021000 rw-p 00000000 00:00 0 
7f8e64021000-7f8e68000000 ---p 00000000 00:00 0 
7f8e68000000-7f8e68021000 rw-p 00000000 00:00 0 
7f8e68021000-7f8e6c000000 ---p 00000000 00:00 0 
7f8e6c000000-7f8e6c021000 rw-p 00000000 00:00 0 
7f8e6c021000-7f8e70000000 ---p 00000000 00:00 0 
7f8e70000000-7f8e70021000 rw-p 00000000 00:00 0 
7f8e70021000-7f8e74000000 ---p 00000000 00:00 0 
7f8e74000000-7f8e74021000 rw-p 00000000 00:00 0 
7f8e74021000-7f8e78000000 ---p 00000000 00:00 0 
7f8e78000000-7f8e78021000 rw-p 00000000 00:00 0 
7f8e78021000-7f8e7c000000 ---p 00000000 00:00 0 
7f8e7d15f000-7f8e7d395000 rw-p 00000000 00:00 0 
7f8e7d395000-7f8e7d595000 rw-s 00000000 00:06 18531                      socket:[18531]
7f8e7d595000-7f8e7d5cf000 r-xp 00000000 08:04 391909                     /usr/lib/x86_64-linux-gnu/libpcap.so.1.5.3
7f8e7d5cf000-7f8e7d7ce000 ---p 0003a000 08:04 391909                     /usr/lib/x86_64-linux-gnu/libpcap.so.1.5.3
7f8e7d7ce000-7f8e7d7d0000 r--p 00039000 08:04 391909                     /usr/lib/x86_64-linux-gnu/libpcap.so.1.5.3
7f8e7d7d0000-7f8e7d7d1000 rw-p 0003b000 08:04 391909                     /usr/lib/x86_64-linux-gnu/libpcap.so.1.5.3
7f8e7d7d1000-7f8e7d7d2000 rw-p 00000000 00:00 0 
7f8e7d7d2000-7f8e7d7e8000 r-xp 00000000 08:04 396091                     /usr/lib/x86_64-linux-gnu/libnet.so.1.7.0
7f8e7d7e8000-7f8e7d9e7000 ---p 00016000 08:04 396091                     /usr/lib/x86_64-linux-gnu/libnet.so.1.7.0
7f8e7d9e7000-7f8e7d9e8000 r--p 00015000 08:04 396091                     /usr/lib/x86_64-linux-gnu/libnet.so.1.7.0
7f8e7d9e8000-7f8e7d9e9000 rw-p 00016000 08:04 396091                     /usr/lib/x86_64-linux-gnu/libnet.so.1.7.0
7f8e7d9e9000-7f8e7d9eb000 rw-p 00000000 00:00 0 
7f8e7da1d000-7f8e7da1f000 r-xp 00000000 08:03 187976                     /media/win7/Users/New User/Dropbox/College/Network Security/p1/adapter/libsimplepacketdriver_x64.so
7f8e7da1f000-7f8e7dc1e000 ---p 00002000 08:03 187976                     /media/win7/Users/New User/Dropbox/College/Network Security/p1/adapter/libsimplepacketdriver_x64.so
7f8e7dc1e000-7f8e7dc1f000 r--p 00001000 08:03 187976                     /media/win7/Users/New User/Dropbox/College/Network Security/p1/adapter/libsimplepacketdriver_x64.so
7f8e7dc1f000-7f8e7dc20000 rw-p 00002000 08:03 187976                     /media/win7/Users/New User/Dropbox/College/Network Security/p1/adapter/libsimplepacketdriver_x64.so
7f8e7dc20000-7f8e7dc21000 ---p 00000000 00:00 0 
7f8e7dc21000-7f8e7dd21000 rw-p 00000000 00:00 0                          [stack:7285]
7f8e7dd21000-7f8e7dd24000 ---p 00000000 00:00 0 
7f8e7dd24000-7f8e7de22000 rw-p 00000000 00:00 0                          [stack:7284]
7f8e7de22000-7f8e7de25000 ---p 00000000 00:00 0 
7f8e7de25000-7f8e7df23000 rw-p 00000000 00:00 0                          [stack:7283]
7f8e7df23000-7f8e7df26000 ---p 00000000 00:00 0 
7f8e7df26000-7f8e7e024000 rw-p 00000000 00:00 0                          [stack:7282]
7f8e7e024000-7f8e7e027000 ---p 00000000 00:00 0 
7f8e7e027000-7f8e7e125000 rw-p 00000000 00:00 0                          [stack:7281]
7f8e7e125000-7f8e7e2ae000 r--p 00000000 08:04 394651                     /usr/lib/locale/locale-archive
7f8e7e2ae000-7f8e7e2b1000 ---p 00000000 00:00 0 
7f8e7e2b1000-7f8e7e3af000 rw-p 00000000 00:00 0                          [stack:7280]
7f8e7e3af000-7f8e7e3b2000 ---p 00000000 00:00 0 
7f8e7e3b2000-7f8e7e4b0000 rw-p 00000000 00:00 0                          [stack:7279]
7f8e7e4b0000-7f8e7e4b1000 ---p 00000000 00:00 0 
7f8e7e4b1000-7f8e7ef44000 rw-p 00000000 00:00 0                          [stack:7278]
7f8e7ef44000-7f8e7f0f2000 r--s 01cf4000 08:04 399500                     /usr/lib/jvm/java-7-openjdk-amd64/jre/lib/rt.jar
7f8e7f0f2000-7f8e81000000 rw-p 00000000 00:00 0 
7f8e81000000-7f8e81270000 rwxp 00000000 00:00 0 
7f8e81270000-7f8e840f1000 rw-p 00000000 00:00 0 
7f8e840f1000-7f8e88000000 ---p 00000000 00:00 0 
7f8e88004000-7f8e88025000 rw-p 00000000 00:00 0 
7f8e88025000-7f8e88026000 ---p 00000000 00:00 0 
7f8e88026000-7f8e88126000 rw-p 00000000 00:00 0                          [stack:7277]
7f8e88126000-7f8e88127000 ---p 00000000 00:00 0 
7f8e88127000-7f8e88232000 rw-p 00000000 00:00 0                          [stack:7276]
7f8e88232000-7f8e8827a000 rw-p 00000000 00:00 0 
7f8e8827a000-7f8e8828a000 rw-p 00000000 00:00 0 
7f8e8828a000-7f8e88371000 rw-p 00000000 00:00 0 
7f8e88371000-7f8e8837c000 rw-p 00000000 00:00 0 
7f8e8837c000-7f8e883c4000 rw-p 00000000 00:00 0 
7f8e883c4000-7f8e883d4000 rw-p 00000000 00:00 0 
7f8e883d4000-7f8e884ba000 rw-p 00000000 00:00 0 
7f8e884ba000-7f8e884c3000 rw-p 00000000 00:00 0 
7f8e884c3000-7f8e88536000 rw-p 00000000 00:00 0 
7f8e88536000-7f8e88537000 rw-p 00000000 00:00 0 
7f8e88537000-7f8e8853f000 r-xp 00000000 08:04 401770                     /usr/lib/jvm/java-7-openjdk-amd64/jre/lib/amd64/libzip.so
7f8e8853f000-7f8e8873e000 ---p 00008000 08:04 401770                     /usr/lib/jvm/java-7-openjdk-amd64/jre/lib/amd64/libzip.so
7f8e8873e000-7f8e8873f000 r--p 00007000 08:04 401770                     /usr/lib/jvm/java-7-openjdk-amd64/jre/lib/amd64/libzip.so
7f8e8873f000-7f8e88740000 rw-p 00008000 08:04 401770                     /usr/lib/jvm/java-7-openjdk-amd64/jre/lib/amd64/libzip.so
7f8e88740000-7f8e8874c000 r-xp 00000000 08:04 952540                     /lib/x86_64-linux-gnu/libnss_files-2.17.so
7f8e8874c000-7f8e8894b000 ---p 0000c000 08:04 952540                     /lib/x86_64-linux-gnu/libnss_files-2.17.so
7f8e8894b000-7f8e8894c000 r--p 0000b000 08:04 952540                     /lib/x86_64-linux-gnu/libnss_files-2.17.so
7f8e8894c000-7f8e8894d000 rw-p 0000c000 08:04 952540                     /lib/x86_64-linux-gnu/libnss_files-2.17.so
7f8e8894d000-7f8e88957000 r-xp 00000000 08:04 952538                     /lib/x86_64-linux-gnu/libnss_nis-2.17.so
7f8e88957000-7f8e88b56000 ---p 0000a000 08:04 952538                     /lib/x86_64-linux-gnu/libnss_nis-2.17.so
7f8e88b56000-7f8e88b57000 r--p 00009000 08:04 952538                     /lib/x86_64-linux-gnu/libnss_nis-2.17.so
7f8e88b57000-7f8e88b58000 rw-p 0000a000 08:04 952538                     /lib/x86_64-linux-gnu/libnss_nis-2.17.so
7f8e88b58000-7f8e88b6d000 r-xp 00000000 08:04 952558                     /lib/x86_64-linux-gnu/libnsl-2.17.so
7f8e88b6d000-7f8e88d6c000 ---p 00015000 08:04 952558                     /lib/x86_64-linux-gnu/libnsl-2.17.so
7f8e88d6c000-7f8e88d6d000 r--p 00014000 08:04 952558                     /lib/x86_64-linux-gnu/libnsl-2.17.so
7f8e88d6d000-7f8e88d6e000 rw-p 00015000 08:04 952558                     /lib/x86_64-linux-gnu/libnsl-2.17.so
7f8e88d6e000-7f8e88d70000 rw-p 00000000 00:00 0 
7f8e88d70000-7f8e88d77000 r-xp 00000000 08:04 952537                     /lib/x86_64-linux-gnu/libnss_compat-2.17.so
7f8e88d77000-7f8e88f76000 ---p 00007000 08:04 952537                     /lib/x86_64-linux-gnu/libnss_compat-2.17.so
7f8e88f76000-7f8e88f77000 r--p 00006000 08:04 952537                     /lib/x86_64-linux-gnu/libnss_compat-2.17.so
7f8e88f77000-7f8e88f78000 rw-p 00007000 08:04 952537                     /lib/x86_64-linux-gnu/libnss_compat-2.17.so
7f8e88f78000-7f8e88fa3000 r-xp 00000000 08:04 408007                     /usr/lib/jvm/java-7-openjdk-amd64/jre/lib/amd64/libjava.so
7f8e88fa3000-7f8e891a2000 ---p 0002b000 08:04 408007                     /usr/lib/jvm/java-7-openjdk-amd64/jre/lib/amd64/libjava.so
7f8e891a2000-7f8e891a3000 r--p 0002a000 08:04 408007                     /usr/lib/jvm/java-7-openjdk-amd64/jre/lib/amd64/libjava.so
7f8e891a3000-7f8e891a5000 rw-p 0002b000 08:04 408007                     /usr/lib/jvm/java-7-openjdk-amd64/jre/lib/amd64/libjava.so
7f8e891a5000-7f8e891b5000 r-xp 00000000 08:04 400318                     /usr/lib/jvm/java-7-openjdk-amd64/jre/lib/amd64/libverify.so
7f8e891b5000-7f8e893b4000 ---p 00010000 08:04 400318                     /usr/lib/jvm/java-7-openjdk-amd64/jre/lib/amd64/libverify.so
7f8e893b4000-7f8e893b6000 r--p 0000f000 08:04 400318                     /usr/lib/jvm/java-7-openjdk-amd64/jre/lib/amd64/libverify.so
7f8e893b6000-7f8e893b7000 rw-p 00011000 08:04 400318                     /usr/lib/jvm/java-7-openjdk-amd64/jre/lib/amd64/libverify.so
7f8e893b7000-7f8e893be000 r-xp 00000000 08:04 952527                     /lib/x86_64-linux-gnu/librt-2.17.so
7f8e893be000-7f8e895bd000 ---p 00007000 08:04 952527                     /lib/x86_64-linux-gnu/librt-2.17.so
7f8e895bd000-7f8e895be000 r--p 00006000 08:04 952527                     /lib/x86_64-linux-gnu/librt-2.17.so
7f8e895be000-7f8e895bf000 rw-p 00007000 08:04 952527                     /lib/x86_64-linux-gnu/librt-2.17.so
7f8e895bf000-7f8e895d4000 r-xp 00000000 08:04 916441                     /lib/x86_64-linux-gnu/libgcc_s.so.1
7f8e895d4000-7f8e897d4000 ---p 00015000 08:04 916441                     /lib/x86_64-linux-gnu/libgcc_s.so.1
7f8e897d4000-7f8e897d5000 rw-p 00015000 08:04 916441                     /lib/x86_64-linux-gnu/libgcc_s.so.1
7f8e897d5000-7f8e898d1000 r-xp 00000000 08:04 952554                     /lib/x86_64-linux-gnu/libm-2.17.so
7f8e898d1000-7f8e89ad1000 ---p 000fc000 08:04 952554                     /lib/x86_64-linux-gnu/libm-2.17.so
7f8e89ad1000-7f8e89ad2000 r--p 000fc000 08:04 952554                     /lib/x86_64-linux-gnu/libm-2.17.so
7f8e89ad2000-7f8e89ad3000 rw-p 000fd000 08:04 952554                     /lib/x86_64-linux-gnu/libm-2.17.so
7f8e89ad3000-7f8e89bb8000 r-xp 00000000 08:04 395534                     /usr/lib/x86_64-linux-gnu/libstdc++.so.6.0.19
7f8e89bb8000-7f8e89db7000 ---p 000e5000 08:04 395534                     /usr/lib/x86_64-linux-gnu/libstdc++.so.6.0.19
7f8e89db7000-7f8e89dbf000 r--p 000e4000 08:04 395534                     /usr/lib/x86_64-linux-gnu/libstdc++.so.6.0.19
7f8e89dbf000-7f8e89dc1000 rw-p 000ec000 08:04 395534                     /usr/lib/x86_64-linux-gnu/libstdc++.so.6.0.19
7f8e89dc1000-7f8e89dd6000 rw-p 00000000 00:00 0 
7f8e89dd6000-7f8e8a8ba000 r-xp 00000000 08:04 408740                     /usr/lib/jvm/java-7-openjdk-amd64/jre/lib/amd64/server/libjvm.so
7f8e8a8ba000-7f8e8aab9000 ---p 00ae4000 08:04 408740                     /usr/lib/jvm/java-7-openjdk-amd64/jre/lib/amd64/server/libjvm.so
7f8e8aab9000-7f8e8ab4b000 r--p 00ae3000 08:04 408740                     /usr/lib/jvm/java-7-openjdk-amd64/jre/lib/amd64/server/libjvm.so
7f8e8ab4b000-7f8e8ab6e000 rw-p 00b75000 08:04 408740                     /usr/lib/jvm/java-7-openjdk-amd64/jre/lib/amd64/server/libjvm.so
7f8e8ab6e000-7f8e8ab9b000 rw-p 00000000 00:00 0 
7f8e8ab9b000-7f8e8abb2000 r-xp 00000000 08:04 919163                     /lib/x86_64-linux-gnu/libz.so.1.2.8
7f8e8abb2000-7f8e8adb1000 ---p 00017000 08:04 919163                     /lib/x86_64-linux-gnu/libz.so.1.2.8
7f8e8adb1000-7f8e8adb2000 r--p 00016000 08:04 919163                     /lib/x86_64-linux-gnu/libz.so.1.2.8
7f8e8adb2000-7f8e8adb3000 rw-p 00017000 08:04 919163                     /lib/x86_64-linux-gnu/libz.so.1.2.8
7f8e8adb3000-7f8e8af56000 r-xp 00000000 08:04 952545                     /lib/x86_64-linux-gnu/libc-2.17.so
7f8e8af56000-7f8e8b155000 ---p 001a3000 08:04 952545                     /lib/x86_64-linux-gnu/libc-2.17.so
7f8e8b155000-7f8e8b159000 r--p 001a2000 08:04 952545                     /lib/x86_64-linux-gnu/libc-2.17.so
7f8e8b159000-7f8e8b15b000 rw-p 001a6000 08:04 952545                     /lib/x86_64-linux-gnu/libc-2.17.so
7f8e8b15b000-7f8e8b15f000 rw-p 00000000 00:00 0 
7f8e8b15f000-7f8e8b162000 r-xp 00000000 08:04 952544                     /lib/x86_64-linux-gnu/libdl-2.17.so
7f8e8b162000-7f8e8b361000 ---p 00003000 08:04 952544                     /lib/x86_64-linux-gnu/libdl-2.17.so
7f8e8b361000-7f8e8b362000 r--p 00002000 08:04 952544                     /lib/x86_64-linux-gnu/libdl-2.17.so
7f8e8b362000-7f8e8b363000 rw-p 00003000 08:04 952544                     /lib/x86_64-linux-gnu/libdl-2.17.so
7f8e8b363000-7f8e8b370000 r-xp 00000000 08:04 408822                     /usr/lib/jvm/java-7-openjdk-amd64/jre/lib/amd64/jli/libjli.so
7f8e8b370000-7f8e8b56f000 ---p 0000d000 08:04 408822                     /usr/lib/jvm/java-7-openjdk-amd64/jre/lib/amd64/jli/libjli.so
7f8e8b56f000-7f8e8b570000 r--p 0000c000 08:04 408822                     /usr/lib/jvm/java-7-openjdk-amd64/jre/lib/amd64/jli/libjli.so
7f8e8b570000-7f8e8b571000 rw-p 0000d000 08:04 408822                     /usr/lib/jvm/java-7-openjdk-amd64/jre/lib/amd64/jli/libjli.so
7f8e8b571000-7f8e8b588000 r-xp 00000000 08:04 952536                     /lib/x86_64-linux-gnu/libpthread-2.17.so
7f8e8b588000-7f8e8b787000 ---p 00017000 08:04 952536                     /lib/x86_64-linux-gnu/libpthread-2.17.so
7f8e8b787000-7f8e8b788000 r--p 00016000 08:04 952536                     /lib/x86_64-linux-gnu/libpthread-2.17.so
7f8e8b788000-7f8e8b789000 rw-p 00017000 08:04 952536                     /lib/x86_64-linux-gnu/libpthread-2.17.so
7f8e8b789000-7f8e8b78d000 rw-p 00000000 00:00 0 
7f8e8b78d000-7f8e8b7ae000 r-xp 00000000 08:04 952533                     /lib/x86_64-linux-gnu/ld-2.17.so
7f8e8b7b4000-7f8e8b7be000 rw-p 00000000 00:00 0 
7f8e8b7be000-7f8e8b874000 rw-p 00000000 00:00 0 
7f8e8b874000-7f8e8b877000 ---p 00000000 00:00 0 
7f8e8b877000-7f8e8b97b000 rw-p 00000000 00:00 0                          [stack:7275]
7f8e8b97b000-7f8e8b97d000 rw-p 00000000 00:00 0 
7f8e8b97d000-7f8e8b97f000 r--s 00006000 08:04 791903                     /usr/share/java/java-atk-wrapper.jar
7f8e8b97f000-7f8e8b983000 r--s 00085000 08:04 411122                     /usr/lib/jvm/java-7-openjdk-amd64/jre/lib/ext/localedata.jar
7f8e8b983000-7f8e8b987000 r--s 0003b000 08:04 411123                     /usr/lib/jvm/java-7-openjdk-amd64/jre/lib/ext/sunpkcs11.jar
7f8e8b987000-7f8e8b989000 r--s 00012000 08:04 411120                     /usr/lib/jvm/java-7-openjdk-amd64/jre/lib/ext/zipfs.jar
7f8e8b989000-7f8e8b98c000 r--s 0000f000 08:04 411121                     /usr/lib/jvm/java-7-openjdk-amd64/jre/lib/ext/pulse-java.jar
7f8e8b98c000-7f8e8b98d000 r--s 00002000 08:04 411119                     /usr/lib/jvm/java-7-openjdk-amd64/jre/lib/ext/dnsns.jar
7f8e8b98d000-7f8e8b990000 r--s 00032000 08:04 411124                     /usr/lib/jvm/java-7-openjdk-amd64/jre/lib/ext/sunjce_provider.jar
7f8e8b990000-7f8e8b9a2000 rw-p 00000000 00:00 0 
7f8e8b9a2000-7f8e8b9aa000 rw-s 00000000 08:04 260840                     /tmp/hsperfdata_root/7274
7f8e8b9aa000-7f8e8b9ab000 rw-p 00000000 00:00 0 
7f8e8b9ab000-7f8e8b9ac000 r--p 00000000 00:00 0 
7f8e8b9ac000-7f8e8b9ae000 rw-p 00000000 00:00 0 
7f8e8b9ae000-7f8e8b9af000 r--p 00021000 08:04 952533                     /lib/x86_64-linux-gnu/ld-2.17.so
7f8e8b9af000-7f8e8b9b1000 rw-p 00022000 08:04 952533                     /lib/x86_64-linux-gnu/ld-2.17.so
7fffe08d9000-7fffe08fa000 rw-p 00000000 00:00 0                          [stack]
7fffe09f7000-7fffe09f9000 r-xp 00000000 00:00 0                          [vdso]
ffffffffff600000-ffffffffff601000 r-xp 00000000 00:00 0                  [vsyscall]

VM Arguments:
jvm_args: -Djava.library.path=. 
java_command: PacketDriverExample
Launcher Type: SUN_STANDARD

Environment Variables:
PATH=/usr/local/sbin:/usr/local/bin:/usr/sbin:/usr/bin:/sbin:/bin
USERNAME=root
SHELL=/bin/bash
DISPLAY=:0.0

Signal Handlers:
SIGSEGV: [libjvm.so+0x919a00], sa_mask[0]=0x7ffbfeff, sa_flags=0x10000004
SIGBUS: [libjvm.so+0x919a00], sa_mask[0]=0x7ffbfeff, sa_flags=0x10000004
SIGFPE: [libjvm.so+0x796c10], sa_mask[0]=0x7ffbfeff, sa_flags=0x10000004
SIGPIPE: [libjvm.so+0x796c10], sa_mask[0]=0x7ffbfeff, sa_flags=0x10000004
SIGXFSZ: [libjvm.so+0x796c10], sa_mask[0]=0x7ffbfeff, sa_flags=0x10000004
SIGILL: [libjvm.so+0x796c10], sa_mask[0]=0x7ffbfeff, sa_flags=0x10000004
SIGUSR1: SIG_DFL, sa_mask[0]=0x00000000, sa_flags=0x00000000
SIGUSR2: [libjvm.so+0x796ab0], sa_mask[0]=0x00000000, sa_flags=0x10000004
SIGHUP: [libjvm.so+0x796c90], sa_mask[0]=0x7ffbfeff, sa_flags=0x10000004
SIGINT: [libjvm.so+0x796c90], sa_mask[0]=0x7ffbfeff, sa_flags=0x10000004
SIGTERM: [libjvm.so+0x796c90], sa_mask[0]=0x7ffbfeff, sa_flags=0x10000004
SIGQUIT: [libjvm.so+0x796c90], sa_mask[0]=0x7ffbfeff, sa_flags=0x10000004


---------------  S Y S T E M  ---------------

OS:LinuxMint 1 (debian)
uname:Linux 3.12-1-amd64 #1 SMP Debian 3.12.8-1 (2014-01-19) x86_64
libc:glibc 2.17 NPTL 2.17 
rlimit: STACK 8192k, CORE 0k, NPROC 23471, NOFILE 4096, AS infinity
load average:2.73 2.08 0.96

/proc/meminfo:
MemTotal:        3023464 kB
MemFree:         1299412 kB
Buffers:          163696 kB
Cached:          1011752 kB
SwapCached:            0 kB
Active:           787268 kB
Inactive:         798920 kB
Active(anon):     413076 kB
Inactive(anon):    52408 kB
Active(file):     374192 kB
Inactive(file):   746512 kB
Unevictable:           0 kB
Mlocked:               0 kB
SwapTotal:       8867836 kB
SwapFree:        8867836 kB
Dirty:             57700 kB
Writeback:             0 kB
AnonPages:        410768 kB
Mapped:           182864 kB
Shmem:             54716 kB
Slab:              80024 kB
SReclaimable:      47972 kB
SUnreclaim:        32052 kB
KernelStack:        3472 kB
PageTables:        25640 kB
NFS_Unstable:          0 kB
Bounce:                0 kB
WritebackTmp:          0 kB
CommitLimit:    10379568 kB
Committed_AS:    2323108 kB
VmallocTotal:   34359738367 kB
VmallocUsed:      347804 kB
VmallocChunk:   34359382048 kB
HardwareCorrupted:     0 kB
AnonHugePages:         0 kB
HugePages_Total:       0
HugePages_Free:        0
HugePages_Rsvd:        0
HugePages_Surp:        0
Hugepagesize:       2048 kB
DirectMap4k:       75340 kB
DirectMap2M:     3000320 kB


CPU:total 2 (2 cores per cpu, 1 threads per core) family 6 model 23 stepping 10, cmov, cx8, fxsr, mmx, sse, sse2, sse3, ssse3, tsc

/proc/cpuinfo:
processor	: 0
vendor_id	: GenuineIntel
cpu family	: 6
model		: 23
model name	: Pentium(R) Dual-Core CPU       T4300  @ 2.10GHz
stepping	: 10
microcode	: 0xa0b
cpu MHz		: 1200.000
cache size	: 1024 KB
physical id	: 0
siblings	: 2
core id		: 0
cpu cores	: 2
apicid		: 0
initial apicid	: 0
fpu		: yes
fpu_exception	: yes
cpuid level	: 13
wp		: yes
flags		: fpu vme de pse tsc msr pae mce cx8 apic sep mtrr pge mca cmov pat pse36 clflush dts acpi mmx fxsr sse sse2 ss ht tm pbe syscall nx lm constant_tsc arch_perfmon pebs bts rep_good nopl aperfmperf pni dtes64 monitor ds_cpl est tm2 ssse3 cx16 xtpr pdcm xsave lahf_lm dtherm
bogomips	: 4189.44
clflush size	: 64
cache_alignment	: 64
address sizes	: 36 bits physical, 48 bits virtual
power management:

processor	: 1
vendor_id	: GenuineIntel
cpu family	: 6
model		: 23
model name	: Pentium(R) Dual-Core CPU       T4300  @ 2.10GHz
stepping	: 10
microcode	: 0xa0b
cpu MHz		: 1200.000
cache size	: 1024 KB
physical id	: 0
siblings	: 2
core id		: 1
cpu cores	: 2
apicid		: 1
initial apicid	: 1
fpu		: yes
fpu_exception	: yes
cpuid level	: 13
wp		: yes
flags		: fpu vme de pse tsc msr pae mce cx8 apic sep mtrr pge mca cmov pat pse36 clflush dts acpi mmx fxsr sse sse2 ss ht tm pbe syscall nx lm constant_tsc arch_perfmon pebs bts rep_good nopl aperfmperf pni dtes64 monitor ds_cpl est tm2 ssse3 cx16 xtpr pdcm xsave lahf_lm dtherm
bogomips	: 4189.44
clflush size	: 64
cache_alignment	: 64
address sizes	: 36 bits physical, 48 bits virtual
power management:



Memory: 4k page, physical 3023464k(1299164k free), swap 8867836k(8867836k free)

vm_info: OpenJDK 64-Bit Server VM (24.45-b08) for linux-amd64 JRE (1.7.0_51-b00), built on Jan 15 2014 10:12:08 by "doko" with gcc 4.8.2

time: Wed Feb  5 12:57:43 2014
elapsed time: 4 seconds

