#
# A fatal error has been detected by the Java Runtime Environment:
#
#  SIGSEGV (0xb) at pc=0x00007fa1f2a76de4, pid=12962, tid=140333560358656
#
# JRE version: OpenJDK Runtime Environment (7.0_51) (build 1.7.0_51-b00)
# Java VM: OpenJDK 64-Bit Server VM (24.45-b08 mixed mode linux-amd64 compressed oops)
# Problematic frame:
# V  [libjvm.so+0x5d6de4]  jni_SetByteArrayRegion+0x74
#
# Failed to write core dump. Core dumps have been disabled. To enable core dumping, try "ulimit -c unlimited" before starting Java again
#
# If you would like to submit a bug report, please include
# instructions on how to reproduce the bug and visit:
#   http://icedtea.classpath.org/bugzilla
#

---------------  T H R E A D  ---------------

Current thread (0x00007fa1ec00a000):  JavaThread "main" [_thread_in_vm, id=12963, stack(0x00007fa1f3f3e000,0x00007fa1f403f000)]

siginfo:si_signo=SIGSEGV: si_errno=0, si_code=1 (SEGV_MAPERR), si_addr=0x0000000000000000

Registers:
RAX=0x00007fa1f2e24a80, RBX=0x00007fa1ec00a000, RCX=0x00000000c78a5888, RDX=0x0000000000000000
RSP=0x00007fa1f403d830, RBP=0x00007fa1f403d890, RSI=0x0000000000000000, RDI=0x00007fa1ec00a000
R8 =0x0000000000000000, R9 =0x00007fa1f2a76d70, R10=0x00007fa1f403d4d8, R11=0x0000000000000001
R12=0x0000000000000000, R13=0x00000000c78a5888, R14=0x00007fa1ec00a1d8, R15=0x0000000000000000
RIP=0x00007fa1f2a76de4, EFLAGS=0x0000000000010202, CSGSFS=0x0000000000000033, ERR=0x0000000000000004
  TRAPNO=0x000000000000000e

Top of Stack: (sp=0x00007fa1f403d830)
0x00007fa1f403d830:   00007fa1ec00a000 0000000000000000
0x00007fa1f403d840:   00007fa1ec00a000 00007fa1ec00a918
0x00007fa1f403d850:   00007fa100000064 00007fa1f2e24a80
0x00007fa1f403d860:   00007fa1f3824160 0000000000000000
0x00007fa1f403d870:   0000000000000000 00000000c78a5888
0x00007fa1f403d880:   00007fa1f403d968 00007fa1ec00a000
0x00007fa1f403d890:   00007fa1f403d8f0 00007fa1e3cfd11b
0x00007fa1f403d8a0:   00007fa1f403d968 00007fa1ec00a1d8
0x00007fa1f403d8b0:   00007fa1ec00a000 00007fa1e901d403
0x00007fa1f403d8c0:   00000000c78a5888 0000000000000000
0x00007fa1f403d8d0:   0000000000000000 0000000000000000
0x00007fa1f403d8e0:   00007fa1f403d948 00000000c78a5888
0x00007fa1f403d8f0:   00007fa1f403d948 00007fa1e9012738
0x00007fa1f403d900:   00007fa100000007 00007fa1f403d908
0x00007fa1f403d910:   00000000c78a5888 00007fa1f403d968
0x00007fa1f403d920:   00000000c78a6498 0000000000000000
0x00007fa1f403d930:   00000000c78a5888 0000000000000000
0x00007fa1f403d940:   00007fa1f403d968 00007fa1f403d9b0
0x00007fa1f403d950:   00007fa1e9006233 0000000000000000
0x00007fa1f403d960:   00007fa1e900ecdb 00000000f0954670
0x00007fa1f403d970:   00007fa1f403d970 00000000c78a4492
0x00007fa1f403d980:   00007fa1f403d9e8 00000000c78a47d8
0x00007fa1f403d990:   0000000000000000 00000000c78a4538
0x00007fa1f403d9a0:   00007fa1f403d968 00007fa1f403d9e8
0x00007fa1f403d9b0:   00007fa1f403da50 00007fa1e90004e7
0x00007fa1f403d9c0:   0000000000000000 0000000000000000
0x00007fa1f403d9d0:   0000000000000008 00000000f09546f8
0x00007fa1f403d9e0:   00000000f0954670 00000000f09500f8
0x00007fa1f403d9f0:   00007fa100001fa0 00007fa1f403da90
0x00007fa1f403da00:   00007fa1f403dcc0 00007fa1f403dc00
0x00007fa1f403da10:   00007fa1ec00a000 00007fa1ec00a910
0x00007fa1f403da20:   00007fa1f403dad0 00007fa1f403dcc8 

Instructions: (pc=0x00007fa1f2a76de4)
0x00007fa1f2a76dc4:   48 83 7b 08 00 48 89 5d b0 48 c7 45 b8 00 00 00
0x00007fa1f2a76dd4:   00 74 09 48 8d 7d b0 e8 d0 51 21 00 90 44 89 e2
0x00007fa1f2a76de4:   49 8b 07 c1 ea 1f 84 d2 75 0a 44 89 ea c1 ea 1f
0x00007fa1f2a76df4:   84 d2 74 58 48 8d 05 01 ab 7e 00 48 8d 35 52 c8 

Register to memory mapping:

RAX=0x00007fa1f2e24a80: <offset 0x984a80> in /usr/lib/jvm/java-7-openjdk-amd64/jre/lib/amd64/server/libjvm.so at 0x00007fa1f24a0000
RBX=0x00007fa1ec00a000 is a thread
RCX=0x00000000c78a5888 is an oop
{method} 
 - klass: {other class}
RDX=0x0000000000000000 is an unknown value
RSP=0x00007fa1f403d830 is pointing into the stack for thread: 0x00007fa1ec00a000
RBP=0x00007fa1f403d890 is pointing into the stack for thread: 0x00007fa1ec00a000
RSI=0x0000000000000000 is an unknown value
RDI=0x00007fa1ec00a000 is a thread
R8 =0x0000000000000000 is an unknown value
R9 =0x00007fa1f2a76d70: <offset 0x5d6d70> in /usr/lib/jvm/java-7-openjdk-amd64/jre/lib/amd64/server/libjvm.so at 0x00007fa1f24a0000
R10=0x00007fa1f403d4d8 is pointing into the stack for thread: 0x00007fa1ec00a000
R11=0x0000000000000001 is an unknown value
R12=0x0000000000000000 is an unknown value
R13=0x00000000c78a5888 is an oop
{method} 
 - klass: {other class}
R14=0x00007fa1ec00a1d8 is an unknown value
R15=0x0000000000000000 is an unknown value


Stack: [0x00007fa1f3f3e000,0x00007fa1f403f000],  sp=0x00007fa1f403d830,  free space=1022k
Native frames: (J=compiled Java code, j=interpreted, Vv=VM code, C=native code)
V  [libjvm.so+0x5d6de4]  jni_SetByteArrayRegion+0x74
C  [libsimplepacketdriver_x64.so+0x111b]  Java_SimplePacketDriver_readPacket+0xb0
j  SimplePacketDriver.readPacket()[B+0
j  PacketDriverExample.main([Ljava/lang/String;)V+130
v  ~StubRoutines::call_stub
V  [libjvm.so+0x5c0769]  JavaCalls::call_helper(JavaValue*, methodHandle*, JavaCallArguments*, Thread*)+0x339
V  [libjvm.so+0x5c0208]  JavaCalls::call(JavaValue*, methodHandle, JavaCallArguments*, Thread*)+0x28
V  [libjvm.so+0x5ce833]  jni_invoke_static(JNIEnv_*, JavaValue*, _jobject*, JNICallType, _jmethodID*, JNI_ArgumentPusher*, Thread*) [clone .isra.122] [clone .constprop.154]+0x283
V  [libjvm.so+0x5def6b]  jni_CallStaticVoidMethod+0xfb
C  [libjli.so+0x31c9]  __strcat_chk+0x31c9

Java frames: (J=compiled Java code, j=interpreted, Vv=VM code)
j  SimplePacketDriver.readPacket()[B+0
j  PacketDriverExample.main([Ljava/lang/String;)V+130
v  ~StubRoutines::call_stub

---------------  P R O C E S S  ---------------

Java Threads: ( => current thread )
  0x00007fa1ec0a1800 JavaThread "Service Thread" daemon [_thread_blocked, id=12972, stack(0x00007fa1e8027000,0x00007fa1e8128000)]
  0x00007fa1ec09f800 JavaThread "C2 CompilerThread1" daemon [_thread_blocked, id=12971, stack(0x00007fa1e8128000,0x00007fa1e8229000)]
  0x00007fa1ec09c800 JavaThread "C2 CompilerThread0" daemon [_thread_blocked, id=12970, stack(0x00007fa1e8229000,0x00007fa1e832a000)]
  0x00007fa1ec09a800 JavaThread "Signal Dispatcher" daemon [_thread_blocked, id=12969, stack(0x00007fa1e832a000,0x00007fa1e842b000)]
  0x00007fa1ec077000 JavaThread "Finalizer" daemon [_thread_blocked, id=12968, stack(0x00007fa1e85b4000,0x00007fa1e86b5000)]
  0x00007fa1ec075000 JavaThread "Reference Handler" daemon [_thread_blocked, id=12967, stack(0x00007fa1e86b5000,0x00007fa1e87b6000)]
=>0x00007fa1ec00a000 JavaThread "main" [_thread_in_vm, id=12963, stack(0x00007fa1f3f3e000,0x00007fa1f403f000)]

Other Threads:
  0x00007fa1ec070800 VMThread [stack: 0x00007fa1e87b6000,0x00007fa1e88b7000] [id=12966]
  0x00007fa1ec0ac800 WatcherThread [stack: 0x00007fa1e3eff000,0x00007fa1e4000000] [id=12973]

VM state:not at safepoint (normal execution)

VM Mutex/Monitor currently owned by a thread: None

Heap
 PSYoungGen      total 14336K, used 512K [0x00000000f0900000, 0x00000000f1880000, 0x0000000100000000)
  eden space 12800K, 4% used [0x00000000f0900000,0x00000000f09800c8,0x00000000f1580000)
  from space 1536K, 0% used [0x00000000f1700000,0x00000000f1700000,0x00000000f1880000)
  to   space 1536K, 0% used [0x00000000f1580000,0x00000000f1580000,0x00000000f1700000)
 ParOldGen       total 31232K, used 0K [0x00000000d1c00000, 0x00000000d3a80000, 0x00000000f0900000)
  object space 31232K, 0% used [0x00000000d1c00000,0x00000000d1c00000,0x00000000d3a80000)
 PSPermGen       total 21504K, used 2716K [0x00000000c7600000, 0x00000000c8b00000, 0x00000000d1c00000)
  object space 21504K, 12% used [0x00000000c7600000,0x00000000c78a71e8,0x00000000c8b00000)

Card table byte_map: [0x00007fa1f0a3b000,0x00007fa1f0c01000] byte_map_base: 0x00007fa1f0400000

Polling page: 0x00007fa1f4075000

Code Cache  [0x00007fa1e9000000, 0x00007fa1e9270000, 0x00007fa1ec000000)
 total_blobs=165 nmethods=0 adapters=135 free_code_cache=48774Kb largest_free_block=49945472

Compilation events (0 events):
No events

GC Heap History (0 events):
No events

Deoptimization events (0 events):
No events

Internal exceptions (7 events):
Event: 0.047 Thread 0x00007fa1ec00a000 Threw 0x00000000f0910260 at /scratch/packages/openjdk/7u15/openjdk-7-7u51-2.4.4/build/openjdk/hotspot/src/share/vm/prims/jni.cpp:3991
Event: 0.111 Thread 0x00007fa1ec00a000 Threw 0x00000000f0942c78 at /scratch/packages/openjdk/7u15/openjdk-7-7u51-2.4.4/build/openjdk/hotspot/src/share/vm/prims/jni.cpp:717
Event: 0.111 Thread 0x00007fa1ec00a000 Threw 0x00000000f0942e10 at /scratch/packages/openjdk/7u15/openjdk-7-7u51-2.4.4/build/openjdk/hotspot/src/share/vm/prims/jvm.cpp:1244
Event: 0.111 Thread 0x00007fa1ec00a000 Threw 0x00000000f0942f38 at /scratch/packages/openjdk/7u15/openjdk-7-7u51-2.4.4/build/openjdk/hotspot/src/share/vm/prims/jvm.cpp:1244
Event: 0.116 Thread 0x00007fa1ec00a000 Threw 0x00000000f0949208 at /scratch/packages/openjdk/7u15/openjdk-7-7u51-2.4.4/build/openjdk/hotspot/src/share/vm/prims/jvm.cpp:1244
Event: 0.126 Thread 0x00007fa1ec00a000 Threw 0x00000000f0950950 at /scratch/packages/openjdk/7u15/openjdk-7-7u51-2.4.4/build/openjdk/hotspot/src/share/vm/prims/jvm.cpp:1244
Event: 1.354 Thread 0x00007fa1ec00a000 Threw 0x00000000f0955e70 at /scratch/packages/openjdk/7u15/openjdk-7-7u51-2.4.4/build/openjdk/hotspot/src/share/vm/oops/typeArrayKlass.cpp:100

Events (10 events):
Event: 0.125 loading class 0x00007fa1f04d0fb0
Event: 0.125 loading class 0x00007fa1f04d0fb0 done
Event: 0.126 loading class 0x00007fa1f04b6b30
Event: 0.126 loading class 0x00007fa1f04b6b30 done
Event: 0.126 loading class 0x00007fa1ec0bb910
Event: 0.126 loading class 0x00007fa1ec0bb910 done
Event: 0.128 loading class 0x00007fa1f04b7620
Event: 0.128 loading class 0x00007fa1f04b7620 done
Event: 1.354 loading class 0x00007fa1f04a80e0
Event: 1.354 loading class 0x00007fa1f04a80e0 done


Dynamic libraries:
00400000-00401000 r-xp 00000000 08:04 398358                             /usr/lib/jvm/java-7-openjdk-amd64/jre/bin/java
00600000-00601000 r--p 00000000 08:04 398358                             /usr/lib/jvm/java-7-openjdk-amd64/jre/bin/java
00601000-00602000 rw-p 00001000 08:04 398358                             /usr/lib/jvm/java-7-openjdk-amd64/jre/bin/java
02296000-022b7000 rw-p 00000000 00:00 0                                  [heap]
c7600000-c8b00000 rw-p 00000000 00:00 0 
c8b00000-d1c00000 rw-p 00000000 00:00 0 
d1c00000-d3a80000 rw-p 00000000 00:00 0 
d3a80000-f0900000 rw-p 00000000 00:00 0 
f0900000-f1880000 rw-p 00000000 00:00 0 
f1880000-100000000 rw-p 00000000 00:00 0 
7fa1b8000000-7fa1b8021000 rw-p 00000000 00:00 0 
7fa1b8021000-7fa1bc000000 ---p 00000000 00:00 0 
7fa1bc000000-7fa1bc021000 rw-p 00000000 00:00 0 
7fa1bc021000-7fa1c0000000 ---p 00000000 00:00 0 
7fa1c0000000-7fa1c0021000 rw-p 00000000 00:00 0 
7fa1c0021000-7fa1c4000000 ---p 00000000 00:00 0 
7fa1c4000000-7fa1c4021000 rw-p 00000000 00:00 0 
7fa1c4021000-7fa1c8000000 ---p 00000000 00:00 0 
7fa1c8000000-7fa1c8021000 rw-p 00000000 00:00 0 
7fa1c8021000-7fa1cc000000 ---p 00000000 00:00 0 
7fa1cc000000-7fa1cc021000 rw-p 00000000 00:00 0 
7fa1cc021000-7fa1d0000000 ---p 00000000 00:00 0 
7fa1d0000000-7fa1d0021000 rw-p 00000000 00:00 0 
7fa1d0021000-7fa1d4000000 ---p 00000000 00:00 0 
7fa1d4000000-7fa1d4021000 rw-p 00000000 00:00 0 
7fa1d4021000-7fa1d8000000 ---p 00000000 00:00 0 
7fa1d8000000-7fa1d8021000 rw-p 00000000 00:00 0 
7fa1d8021000-7fa1dc000000 ---p 00000000 00:00 0 
7fa1df3b0000-7fa1e1000000 rw-p 00000000 00:00 0 
7fa1e343e000-7fa1e3674000 rw-p 00000000 00:00 0 
7fa1e3674000-7fa1e3874000 rw-s 00000000 00:06 75088                      socket:[75088]
7fa1e3874000-7fa1e38ae000 r-xp 00000000 08:04 391909                     /usr/lib/x86_64-linux-gnu/libpcap.so.1.5.3
7fa1e38ae000-7fa1e3aad000 ---p 0003a000 08:04 391909                     /usr/lib/x86_64-linux-gnu/libpcap.so.1.5.3
7fa1e3aad000-7fa1e3aaf000 r--p 00039000 08:04 391909                     /usr/lib/x86_64-linux-gnu/libpcap.so.1.5.3
7fa1e3aaf000-7fa1e3ab0000 rw-p 0003b000 08:04 391909                     /usr/lib/x86_64-linux-gnu/libpcap.so.1.5.3
7fa1e3ab0000-7fa1e3ab1000 rw-p 00000000 00:00 0 
7fa1e3ab1000-7fa1e3ac7000 r-xp 00000000 08:04 396091                     /usr/lib/x86_64-linux-gnu/libnet.so.1.7.0
7fa1e3ac7000-7fa1e3cc6000 ---p 00016000 08:04 396091                     /usr/lib/x86_64-linux-gnu/libnet.so.1.7.0
7fa1e3cc6000-7fa1e3cc7000 r--p 00015000 08:04 396091                     /usr/lib/x86_64-linux-gnu/libnet.so.1.7.0
7fa1e3cc7000-7fa1e3cc8000 rw-p 00016000 08:04 396091                     /usr/lib/x86_64-linux-gnu/libnet.so.1.7.0
7fa1e3cc8000-7fa1e3cca000 rw-p 00000000 00:00 0 
7fa1e3cfc000-7fa1e3cfe000 r-xp 00000000 08:03 187976                     /media/win7/Users/New User/Dropbox/College/Network Security/p1/adapter/libsimplepacketdriver_x64.so
7fa1e3cfe000-7fa1e3efd000 ---p 00002000 08:03 187976                     /media/win7/Users/New User/Dropbox/College/Network Security/p1/adapter/libsimplepacketdriver_x64.so
7fa1e3efd000-7fa1e3efe000 r--p 00001000 08:03 187976                     /media/win7/Users/New User/Dropbox/College/Network Security/p1/adapter/libsimplepacketdriver_x64.so
7fa1e3efe000-7fa1e3eff000 rw-p 00002000 08:03 187976                     /media/win7/Users/New User/Dropbox/College/Network Security/p1/adapter/libsimplepacketdriver_x64.so
7fa1e3eff000-7fa1e3f00000 ---p 00000000 00:00 0 
7fa1e3f00000-7fa1e4000000 rw-p 00000000 00:00 0                          [stack:12973]
7fa1e4000000-7fa1e4021000 rw-p 00000000 00:00 0 
7fa1e4021000-7fa1e8000000 ---p 00000000 00:00 0 
7fa1e8027000-7fa1e802a000 ---p 00000000 00:00 0 
7fa1e802a000-7fa1e8128000 rw-p 00000000 00:00 0                          [stack:12972]
7fa1e8128000-7fa1e812b000 ---p 00000000 00:00 0 
7fa1e812b000-7fa1e8229000 rw-p 00000000 00:00 0                          [stack:12971]
7fa1e8229000-7fa1e822c000 ---p 00000000 00:00 0 
7fa1e822c000-7fa1e832a000 rw-p 00000000 00:00 0                          [stack:12970]
7fa1e832a000-7fa1e832d000 ---p 00000000 00:00 0 
7fa1e832d000-7fa1e842b000 rw-p 00000000 00:00 0                          [stack:12969]
7fa1e842b000-7fa1e85b4000 r--p 00000000 08:04 394651                     /usr/lib/locale/locale-archive
7fa1e85b4000-7fa1e85b7000 ---p 00000000 00:00 0 
7fa1e85b7000-7fa1e86b5000 rw-p 00000000 00:00 0                          [stack:12968]
7fa1e86b5000-7fa1e86b8000 ---p 00000000 00:00 0 
7fa1e86b8000-7fa1e87b6000 rw-p 00000000 00:00 0                          [stack:12967]
7fa1e87b6000-7fa1e87b7000 ---p 00000000 00:00 0 
7fa1e87b7000-7fa1e9000000 rw-p 00000000 00:00 0                          [stack:12966]
7fa1e9000000-7fa1e9270000 rwxp 00000000 00:00 0 
7fa1e9270000-7fa1ec0f1000 rw-p 00000000 00:00 0 
7fa1ec0f1000-7fa1f0000000 ---p 00000000 00:00 0 
7fa1f0018000-7fa1f0283000 rw-p 00000000 00:00 0 
7fa1f0283000-7fa1f0431000 r--s 01cf4000 08:04 399500                     /usr/lib/jvm/java-7-openjdk-amd64/jre/lib/rt.jar
7fa1f0431000-7fa1f06ef000 rw-p 00000000 00:00 0 
7fa1f06ef000-7fa1f06f0000 ---p 00000000 00:00 0 
7fa1f06f0000-7fa1f07f0000 rw-p 00000000 00:00 0                          [stack:12965]
7fa1f07f0000-7fa1f07f1000 ---p 00000000 00:00 0 
7fa1f07f1000-7fa1f08fc000 rw-p 00000000 00:00 0                          [stack:12964]
7fa1f08fc000-7fa1f0944000 rw-p 00000000 00:00 0 
7fa1f0944000-7fa1f0954000 rw-p 00000000 00:00 0 
7fa1f0954000-7fa1f0a3b000 rw-p 00000000 00:00 0 
7fa1f0a3b000-7fa1f0a46000 rw-p 00000000 00:00 0 
7fa1f0a46000-7fa1f0a8e000 rw-p 00000000 00:00 0 
7fa1f0a8e000-7fa1f0a9e000 rw-p 00000000 00:00 0 
7fa1f0a9e000-7fa1f0b84000 rw-p 00000000 00:00 0 
7fa1f0b84000-7fa1f0b8d000 rw-p 00000000 00:00 0 
7fa1f0b8d000-7fa1f0c00000 rw-p 00000000 00:00 0 
7fa1f0c00000-7fa1f0c01000 rw-p 00000000 00:00 0 
7fa1f0c01000-7fa1f0c09000 r-xp 00000000 08:04 401770                     /usr/lib/jvm/java-7-openjdk-amd64/jre/lib/amd64/libzip.so
7fa1f0c09000-7fa1f0e08000 ---p 00008000 08:04 401770                     /usr/lib/jvm/java-7-openjdk-amd64/jre/lib/amd64/libzip.so
7fa1f0e08000-7fa1f0e09000 r--p 00007000 08:04 401770                     /usr/lib/jvm/java-7-openjdk-amd64/jre/lib/amd64/libzip.so
7fa1f0e09000-7fa1f0e0a000 rw-p 00008000 08:04 401770                     /usr/lib/jvm/java-7-openjdk-amd64/jre/lib/amd64/libzip.so
7fa1f0e0a000-7fa1f0e16000 r-xp 00000000 08:04 952540                     /lib/x86_64-linux-gnu/libnss_files-2.17.so
7fa1f0e16000-7fa1f1015000 ---p 0000c000 08:04 952540                     /lib/x86_64-linux-gnu/libnss_files-2.17.so
7fa1f1015000-7fa1f1016000 r--p 0000b000 08:04 952540                     /lib/x86_64-linux-gnu/libnss_files-2.17.so
7fa1f1016000-7fa1f1017000 rw-p 0000c000 08:04 952540                     /lib/x86_64-linux-gnu/libnss_files-2.17.so
7fa1f1017000-7fa1f1021000 r-xp 00000000 08:04 952538                     /lib/x86_64-linux-gnu/libnss_nis-2.17.so
7fa1f1021000-7fa1f1220000 ---p 0000a000 08:04 952538                     /lib/x86_64-linux-gnu/libnss_nis-2.17.so
7fa1f1220000-7fa1f1221000 r--p 00009000 08:04 952538                     /lib/x86_64-linux-gnu/libnss_nis-2.17.so
7fa1f1221000-7fa1f1222000 rw-p 0000a000 08:04 952538                     /lib/x86_64-linux-gnu/libnss_nis-2.17.so
7fa1f1222000-7fa1f1237000 r-xp 00000000 08:04 952558                     /lib/x86_64-linux-gnu/libnsl-2.17.so
7fa1f1237000-7fa1f1436000 ---p 00015000 08:04 952558                     /lib/x86_64-linux-gnu/libnsl-2.17.so
7fa1f1436000-7fa1f1437000 r--p 00014000 08:04 952558                     /lib/x86_64-linux-gnu/libnsl-2.17.so
7fa1f1437000-7fa1f1438000 rw-p 00015000 08:04 952558                     /lib/x86_64-linux-gnu/libnsl-2.17.so
7fa1f1438000-7fa1f143a000 rw-p 00000000 00:00 0 
7fa1f143a000-7fa1f1441000 r-xp 00000000 08:04 952537                     /lib/x86_64-linux-gnu/libnss_compat-2.17.so
7fa1f1441000-7fa1f1640000 ---p 00007000 08:04 952537                     /lib/x86_64-linux-gnu/libnss_compat-2.17.so
7fa1f1640000-7fa1f1641000 r--p 00006000 08:04 952537                     /lib/x86_64-linux-gnu/libnss_compat-2.17.so
7fa1f1641000-7fa1f1642000 rw-p 00007000 08:04 952537                     /lib/x86_64-linux-gnu/libnss_compat-2.17.so
7fa1f1642000-7fa1f166d000 r-xp 00000000 08:04 408007                     /usr/lib/jvm/java-7-openjdk-amd64/jre/lib/amd64/libjava.so
7fa1f166d000-7fa1f186c000 ---p 0002b000 08:04 408007                     /usr/lib/jvm/java-7-openjdk-amd64/jre/lib/amd64/libjava.so
7fa1f186c000-7fa1f186d000 r--p 0002a000 08:04 408007                     /usr/lib/jvm/java-7-openjdk-amd64/jre/lib/amd64/libjava.so
7fa1f186d000-7fa1f186f000 rw-p 0002b000 08:04 408007                     /usr/lib/jvm/java-7-openjdk-amd64/jre/lib/amd64/libjava.so
7fa1f186f000-7fa1f187f000 r-xp 00000000 08:04 400318                     /usr/lib/jvm/java-7-openjdk-amd64/jre/lib/amd64/libverify.so
7fa1f187f000-7fa1f1a7e000 ---p 00010000 08:04 400318                     /usr/lib/jvm/java-7-openjdk-amd64/jre/lib/amd64/libverify.so
7fa1f1a7e000-7fa1f1a80000 r--p 0000f000 08:04 400318                     /usr/lib/jvm/java-7-openjdk-amd64/jre/lib/amd64/libverify.so
7fa1f1a80000-7fa1f1a81000 rw-p 00011000 08:04 400318                     /usr/lib/jvm/java-7-openjdk-amd64/jre/lib/amd64/libverify.so
7fa1f1a81000-7fa1f1a88000 r-xp 00000000 08:04 952527                     /lib/x86_64-linux-gnu/librt-2.17.so
7fa1f1a88000-7fa1f1c87000 ---p 00007000 08:04 952527                     /lib/x86_64-linux-gnu/librt-2.17.so
7fa1f1c87000-7fa1f1c88000 r--p 00006000 08:04 952527                     /lib/x86_64-linux-gnu/librt-2.17.so
7fa1f1c88000-7fa1f1c89000 rw-p 00007000 08:04 952527                     /lib/x86_64-linux-gnu/librt-2.17.so
7fa1f1c89000-7fa1f1c9e000 r-xp 00000000 08:04 916441                     /lib/x86_64-linux-gnu/libgcc_s.so.1
7fa1f1c9e000-7fa1f1e9e000 ---p 00015000 08:04 916441                     /lib/x86_64-linux-gnu/libgcc_s.so.1
7fa1f1e9e000-7fa1f1e9f000 rw-p 00015000 08:04 916441                     /lib/x86_64-linux-gnu/libgcc_s.so.1
7fa1f1e9f000-7fa1f1f9b000 r-xp 00000000 08:04 952554                     /lib/x86_64-linux-gnu/libm-2.17.so
7fa1f1f9b000-7fa1f219b000 ---p 000fc000 08:04 952554                     /lib/x86_64-linux-gnu/libm-2.17.so
7fa1f219b000-7fa1f219c000 r--p 000fc000 08:04 952554                     /lib/x86_64-linux-gnu/libm-2.17.so
7fa1f219c000-7fa1f219d000 rw-p 000fd000 08:04 952554                     /lib/x86_64-linux-gnu/libm-2.17.so
7fa1f219d000-7fa1f2282000 r-xp 00000000 08:04 395534                     /usr/lib/x86_64-linux-gnu/libstdc++.so.6.0.19
7fa1f2282000-7fa1f2481000 ---p 000e5000 08:04 395534                     /usr/lib/x86_64-linux-gnu/libstdc++.so.6.0.19
7fa1f2481000-7fa1f2489000 r--p 000e4000 08:04 395534                     /usr/lib/x86_64-linux-gnu/libstdc++.so.6.0.19
7fa1f2489000-7fa1f248b000 rw-p 000ec000 08:04 395534                     /usr/lib/x86_64-linux-gnu/libstdc++.so.6.0.19
7fa1f248b000-7fa1f24a0000 rw-p 00000000 00:00 0 
7fa1f24a0000-7fa1f2f84000 r-xp 00000000 08:04 408740                     /usr/lib/jvm/java-7-openjdk-amd64/jre/lib/amd64/server/libjvm.so
7fa1f2f84000-7fa1f3183000 ---p 00ae4000 08:04 408740                     /usr/lib/jvm/java-7-openjdk-amd64/jre/lib/amd64/server/libjvm.so
7fa1f3183000-7fa1f3215000 r--p 00ae3000 08:04 408740                     /usr/lib/jvm/java-7-openjdk-amd64/jre/lib/amd64/server/libjvm.so
7fa1f3215000-7fa1f3238000 rw-p 00b75000 08:04 408740                     /usr/lib/jvm/java-7-openjdk-amd64/jre/lib/amd64/server/libjvm.so
7fa1f3238000-7fa1f3265000 rw-p 00000000 00:00 0 
7fa1f3265000-7fa1f327c000 r-xp 00000000 08:04 919163                     /lib/x86_64-linux-gnu/libz.so.1.2.8
7fa1f327c000-7fa1f347b000 ---p 00017000 08:04 919163                     /lib/x86_64-linux-gnu/libz.so.1.2.8
7fa1f347b000-7fa1f347c000 r--p 00016000 08:04 919163                     /lib/x86_64-linux-gnu/libz.so.1.2.8
7fa1f347c000-7fa1f347d000 rw-p 00017000 08:04 919163                     /lib/x86_64-linux-gnu/libz.so.1.2.8
7fa1f347d000-7fa1f3620000 r-xp 00000000 08:04 952545                     /lib/x86_64-linux-gnu/libc-2.17.so
7fa1f3620000-7fa1f381f000 ---p 001a3000 08:04 952545                     /lib/x86_64-linux-gnu/libc-2.17.so
7fa1f381f000-7fa1f3823000 r--p 001a2000 08:04 952545                     /lib/x86_64-linux-gnu/libc-2.17.so
7fa1f3823000-7fa1f3825000 rw-p 001a6000 08:04 952545                     /lib/x86_64-linux-gnu/libc-2.17.so
7fa1f3825000-7fa1f3829000 rw-p 00000000 00:00 0 
7fa1f3829000-7fa1f382c000 r-xp 00000000 08:04 952544                     /lib/x86_64-linux-gnu/libdl-2.17.so
7fa1f382c000-7fa1f3a2b000 ---p 00003000 08:04 952544                     /lib/x86_64-linux-gnu/libdl-2.17.so
7fa1f3a2b000-7fa1f3a2c000 r--p 00002000 08:04 952544                     /lib/x86_64-linux-gnu/libdl-2.17.so
7fa1f3a2c000-7fa1f3a2d000 rw-p 00003000 08:04 952544                     /lib/x86_64-linux-gnu/libdl-2.17.so
7fa1f3a2d000-7fa1f3a3a000 r-xp 00000000 08:04 408822                     /usr/lib/jvm/java-7-openjdk-amd64/jre/lib/amd64/jli/libjli.so
7fa1f3a3a000-7fa1f3c39000 ---p 0000d000 08:04 408822                     /usr/lib/jvm/java-7-openjdk-amd64/jre/lib/amd64/jli/libjli.so
7fa1f3c39000-7fa1f3c3a000 r--p 0000c000 08:04 408822                     /usr/lib/jvm/java-7-openjdk-amd64/jre/lib/amd64/jli/libjli.so
7fa1f3c3a000-7fa1f3c3b000 rw-p 0000d000 08:04 408822                     /usr/lib/jvm/java-7-openjdk-amd64/jre/lib/amd64/jli/libjli.so
7fa1f3c3b000-7fa1f3c52000 r-xp 00000000 08:04 952536                     /lib/x86_64-linux-gnu/libpthread-2.17.so
7fa1f3c52000-7fa1f3e51000 ---p 00017000 08:04 952536                     /lib/x86_64-linux-gnu/libpthread-2.17.so
7fa1f3e51000-7fa1f3e52000 r--p 00016000 08:04 952536                     /lib/x86_64-linux-gnu/libpthread-2.17.so
7fa1f3e52000-7fa1f3e53000 rw-p 00017000 08:04 952536                     /lib/x86_64-linux-gnu/libpthread-2.17.so
7fa1f3e53000-7fa1f3e57000 rw-p 00000000 00:00 0 
7fa1f3e57000-7fa1f3e78000 r-xp 00000000 08:04 952533                     /lib/x86_64-linux-gnu/ld-2.17.so
7fa1f3e7e000-7fa1f3e88000 rw-p 00000000 00:00 0 
7fa1f3e88000-7fa1f3f3e000 rw-p 00000000 00:00 0 
7fa1f3f3e000-7fa1f3f41000 ---p 00000000 00:00 0 
7fa1f3f41000-7fa1f4045000 rw-p 00000000 00:00 0                          [stack:12963]
7fa1f4045000-7fa1f4047000 rw-p 00000000 00:00 0 
7fa1f4047000-7fa1f4049000 r--s 00006000 08:04 791903                     /usr/share/java/java-atk-wrapper.jar
7fa1f4049000-7fa1f404d000 r--s 00085000 08:04 411122                     /usr/lib/jvm/java-7-openjdk-amd64/jre/lib/ext/localedata.jar
7fa1f404d000-7fa1f4051000 r--s 0003b000 08:04 411123                     /usr/lib/jvm/java-7-openjdk-amd64/jre/lib/ext/sunpkcs11.jar
7fa1f4051000-7fa1f4053000 r--s 00012000 08:04 411120                     /usr/lib/jvm/java-7-openjdk-amd64/jre/lib/ext/zipfs.jar
7fa1f4053000-7fa1f4056000 r--s 0000f000 08:04 411121                     /usr/lib/jvm/java-7-openjdk-amd64/jre/lib/ext/pulse-java.jar
7fa1f4056000-7fa1f4057000 r--s 00002000 08:04 411119                     /usr/lib/jvm/java-7-openjdk-amd64/jre/lib/ext/dnsns.jar
7fa1f4057000-7fa1f405a000 r--s 00032000 08:04 411124                     /usr/lib/jvm/java-7-openjdk-amd64/jre/lib/ext/sunjce_provider.jar
7fa1f405a000-7fa1f406c000 rw-p 00000000 00:00 0 
7fa1f406c000-7fa1f4074000 rw-s 00000000 08:04 260992                     /tmp/hsperfdata_root/12962
7fa1f4074000-7fa1f4075000 rw-p 00000000 00:00 0 
7fa1f4075000-7fa1f4076000 r--p 00000000 00:00 0 
7fa1f4076000-7fa1f4078000 rw-p 00000000 00:00 0 
7fa1f4078000-7fa1f4079000 r--p 00021000 08:04 952533                     /lib/x86_64-linux-gnu/ld-2.17.so
7fa1f4079000-7fa1f407b000 rw-p 00022000 08:04 952533                     /lib/x86_64-linux-gnu/ld-2.17.so
7fff1b13f000-7fff1b160000 rw-p 00000000 00:00 0                          [stack]
7fff1b1fe000-7fff1b200000 r-xp 00000000 00:00 0                          [vdso]
ffffffffff600000-ffffffffff601000 r-xp 00000000 00:00 0                  [vsyscall]

VM Arguments:
jvm_args: -Djava.library.path=. 
java_command: PacketDriverExample
Launcher Type: SUN_STANDARD

Environment Variables:
PATH=/usr/local/sbin:/usr/local/bin:/usr/sbin:/usr/bin:/sbin:/bin
USERNAME=root
SHELL=/bin/bash
DISPLAY=:0.0

Signal Handlers:
SIGSEGV: [libjvm.so+0x919a00], sa_mask[0]=0x7ffbfeff, sa_flags=0x10000004
SIGBUS: [libjvm.so+0x919a00], sa_mask[0]=0x7ffbfeff, sa_flags=0x10000004
SIGFPE: [libjvm.so+0x796c10], sa_mask[0]=0x7ffbfeff, sa_flags=0x10000004
SIGPIPE: [libjvm.so+0x796c10], sa_mask[0]=0x7ffbfeff, sa_flags=0x10000004
SIGXFSZ: [libjvm.so+0x796c10], sa_mask[0]=0x7ffbfeff, sa_flags=0x10000004
SIGILL: [libjvm.so+0x796c10], sa_mask[0]=0x7ffbfeff, sa_flags=0x10000004
SIGUSR1: SIG_DFL, sa_mask[0]=0x00000000, sa_flags=0x00000000
SIGUSR2: [libjvm.so+0x796ab0], sa_mask[0]=0x00000000, sa_flags=0x10000004
SIGHUP: [libjvm.so+0x796c90], sa_mask[0]=0x7ffbfeff, sa_flags=0x10000004
SIGINT: [libjvm.so+0x796c90], sa_mask[0]=0x7ffbfeff, sa_flags=0x10000004
SIGTERM: [libjvm.so+0x796c90], sa_mask[0]=0x7ffbfeff, sa_flags=0x10000004
SIGQUIT: [libjvm.so+0x796c90], sa_mask[0]=0x7ffbfeff, sa_flags=0x10000004


---------------  S Y S T E M  ---------------

OS:LinuxMint 1 (debian)
uname:Linux 3.12-1-amd64 #1 SMP Debian 3.12.8-1 (2014-01-19) x86_64
libc:glibc 2.17 NPTL 2.17 
rlimit: STACK 8192k, CORE 0k, NPROC 23471, NOFILE 4096, AS infinity
load average:0.57 0.26 0.42

/proc/meminfo:
MemTotal:        3023464 kB
MemFree:          313512 kB
Buffers:          500636 kB
Cached:          1319316 kB
SwapCached:            0 kB
Active:          1408980 kB
Inactive:         927120 kB
Active(anon):     518504 kB
Inactive(anon):    67148 kB
Active(file):     890476 kB
Inactive(file):   859972 kB
Unevictable:           0 kB
Mlocked:               0 kB
SwapTotal:       8867836 kB
SwapFree:        8867836 kB
Dirty:               312 kB
Writeback:             0 kB
AnonPages:        516184 kB
Mapped:           185492 kB
Shmem:             69468 kB
Slab:             316024 kB
SReclaimable:     146548 kB
SUnreclaim:       169476 kB
KernelStack:        3528 kB
PageTables:        25980 kB
NFS_Unstable:          0 kB
Bounce:                0 kB
WritebackTmp:          0 kB
CommitLimit:    10379568 kB
Committed_AS:    2456468 kB
VmallocTotal:   34359738367 kB
VmallocUsed:      347836 kB
VmallocChunk:   34359382048 kB
HardwareCorrupted:     0 kB
AnonHugePages:         0 kB
HugePages_Total:       0
HugePages_Free:        0
HugePages_Rsvd:        0
HugePages_Surp:        0
Hugepagesize:       2048 kB
DirectMap4k:       87628 kB
DirectMap2M:     2988032 kB


CPU:total 2 (2 cores per cpu, 1 threads per core) family 6 model 23 stepping 10, cmov, cx8, fxsr, mmx, sse, sse2, sse3, ssse3, tsc

/proc/cpuinfo:
processor	: 0
vendor_id	: GenuineIntel
cpu family	: 6
model		: 23
model name	: Pentium(R) Dual-Core CPU       T4300  @ 2.10GHz
stepping	: 10
microcode	: 0xa0b
cpu MHz		: 2100.000
cache size	: 1024 KB
physical id	: 0
siblings	: 2
core id		: 0
cpu cores	: 2
apicid		: 0
initial apicid	: 0
fpu		: yes
fpu_exception	: yes
cpuid level	: 13
wp		: yes
flags		: fpu vme de pse tsc msr pae mce cx8 apic sep mtrr pge mca cmov pat pse36 clflush dts acpi mmx fxsr sse sse2 ss ht tm pbe syscall nx lm constant_tsc arch_perfmon pebs bts rep_good nopl aperfmperf pni dtes64 monitor ds_cpl est tm2 ssse3 cx16 xtpr pdcm xsave lahf_lm dtherm
bogomips	: 4189.44
clflush size	: 64
cache_alignment	: 64
address sizes	: 36 bits physical, 48 bits virtual
power management:

processor	: 1
vendor_id	: GenuineIntel
cpu family	: 6
model		: 23
model name	: Pentium(R) Dual-Core CPU       T4300  @ 2.10GHz
stepping	: 10
microcode	: 0xa0b
cpu MHz		: 2100.000
cache size	: 1024 KB
physical id	: 0
siblings	: 2
core id		: 1
cpu cores	: 2
apicid		: 1
initial apicid	: 1
fpu		: yes
fpu_exception	: yes
cpuid level	: 13
wp		: yes
flags		: fpu vme de pse tsc msr pae mce cx8 apic sep mtrr pge mca cmov pat pse36 clflush dts acpi mmx fxsr sse sse2 ss ht tm pbe syscall nx lm constant_tsc arch_perfmon pebs bts rep_good nopl aperfmperf pni dtes64 monitor ds_cpl est tm2 ssse3 cx16 xtpr pdcm xsave lahf_lm dtherm
bogomips	: 4189.44
clflush size	: 64
cache_alignment	: 64
address sizes	: 36 bits physical, 48 bits virtual
power management:



Memory: 4k page, physical 3023464k(313512k free), swap 8867836k(8867836k free)

vm_info: OpenJDK 64-Bit Server VM (24.45-b08) for linux-amd64 JRE (1.7.0_51-b00), built on Jan 15 2014 10:12:08 by "doko" with gcc 4.8.2

time: Wed Feb  5 13:29:22 2014
elapsed time: 1 seconds

